<?xml version="1.0" encoding="UTF-8"?>
<testsuite xmlns:xsi="http://www.w3.org/2001/XMLSchema-instance" xsi:noNamespaceSchemaLocation="https://maven.apache.org/surefire/maven-surefire-plugin/xsd/surefire-test-report.xsd" version="3.0.2" name="org.metalib.wiser.api.javapoet.TypeRefInfoTest$BasicTypeTests" time="0.003" tests="3" errors="0" skipped="0" failures="0">
  <properties>
    <property name="java.specification.version" value="21"/>
    <property name="sun.jnu.encoding" value="UTF-8"/>
    <property name="java.class.path" value="/Users/igor/Library/Mobile Documents/com~apple~CloudDocs/users/igor/github/api-wiser/api-wiser-javapoet/target/test-classes:/Users/igor/Library/Mobile Documents/com~apple~CloudDocs/users/igor/github/api-wiser/api-wiser-javapoet/target/classes:/Users/igor/.m2/repository/com/squareup/javapoet/1.13.0/javapoet-1.13.0.jar:/Users/igor/.m2/repository/org/junit/jupiter/junit-jupiter/5.12.1/junit-jupiter-5.12.1.jar:/Users/igor/.m2/repository/org/junit/jupiter/junit-jupiter-api/5.12.1/junit-jupiter-api-5.12.1.jar:/Users/igor/.m2/repository/org/opentest4j/opentest4j/1.3.0/opentest4j-1.3.0.jar:/Users/igor/.m2/repository/org/junit/platform/junit-platform-commons/1.12.1/junit-platform-commons-1.12.1.jar:/Users/igor/.m2/repository/org/apiguardian/apiguardian-api/1.1.2/apiguardian-api-1.1.2.jar:/Users/igor/.m2/repository/org/junit/jupiter/junit-jupiter-params/5.12.1/junit-jupiter-params-5.12.1.jar:/Users/igor/.m2/repository/org/junit/jupiter/junit-jupiter-engine/5.12.1/junit-jupiter-engine-5.12.1.jar:/Users/igor/.m2/repository/org/junit/platform/junit-platform-engine/1.12.1/junit-platform-engine-1.12.1.jar:/Users/igor/.m2/repository/org/projectlombok/lombok/1.18.38/lombok-1.18.38.jar:/Users/igor/.m2/repository/org/mapstruct/mapstruct/1.6.3/mapstruct-1.6.3.jar:"/>
    <property name="java.vm.vendor" value="Eclipse Adoptium"/>
    <property name="sun.arch.data.model" value="64"/>
    <property name="java.vendor.url" value="https://adoptium.net/"/>
    <property name="os.name" value="Mac OS X"/>
    <property name="java.vm.specification.version" value="21"/>
    <property name="sun.java.launcher" value="SUN_STANDARD"/>
    <property name="user.country" value="US"/>
    <property name="sun.boot.library.path" value="/Users/igor/.sdkman/candidates/java/21.0.7-tem/lib"/>
    <property name="sun.java.command" value="/Users/igor/Library/Mobile Documents/com~apple~CloudDocs/users/igor/github/api-wiser/api-wiser-javapoet/target/surefire/surefirebooter-20250518201225534_3.jar /Users/igor/Library/Mobile Documents/com~apple~CloudDocs/users/igor/github/api-wiser/api-wiser-javapoet/target/surefire 2025-05-18T20-12-25_488-jvmRun1 surefire-20250518201225534_1tmp surefire_0-20250518201225534_2tmp"/>
    <property name="http.nonProxyHosts" value="local|*.local|169.254/16|*.169.254/16"/>
    <property name="jdk.debug" value="release"/>
    <property name="surefire.test.class.path" value="/Users/igor/Library/Mobile Documents/com~apple~CloudDocs/users/igor/github/api-wiser/api-wiser-javapoet/target/test-classes:/Users/igor/Library/Mobile Documents/com~apple~CloudDocs/users/igor/github/api-wiser/api-wiser-javapoet/target/classes:/Users/igor/.m2/repository/com/squareup/javapoet/1.13.0/javapoet-1.13.0.jar:/Users/igor/.m2/repository/org/junit/jupiter/junit-jupiter/5.12.1/junit-jupiter-5.12.1.jar:/Users/igor/.m2/repository/org/junit/jupiter/junit-jupiter-api/5.12.1/junit-jupiter-api-5.12.1.jar:/Users/igor/.m2/repository/org/opentest4j/opentest4j/1.3.0/opentest4j-1.3.0.jar:/Users/igor/.m2/repository/org/junit/platform/junit-platform-commons/1.12.1/junit-platform-commons-1.12.1.jar:/Users/igor/.m2/repository/org/apiguardian/apiguardian-api/1.1.2/apiguardian-api-1.1.2.jar:/Users/igor/.m2/repository/org/junit/jupiter/junit-jupiter-params/5.12.1/junit-jupiter-params-5.12.1.jar:/Users/igor/.m2/repository/org/junit/jupiter/junit-jupiter-engine/5.12.1/junit-jupiter-engine-5.12.1.jar:/Users/igor/.m2/repository/org/junit/platform/junit-platform-engine/1.12.1/junit-platform-engine-1.12.1.jar:/Users/igor/.m2/repository/org/projectlombok/lombok/1.18.38/lombok-1.18.38.jar:/Users/igor/.m2/repository/org/mapstruct/mapstruct/1.6.3/mapstruct-1.6.3.jar:"/>
    <property name="sun.cpu.endian" value="little"/>
    <property name="user.home" value="/Users/igor"/>
    <property name="user.language" value="en"/>
    <property name="java.specification.vendor" value="Oracle Corporation"/>
    <property name="java.version.date" value="2025-04-15"/>
    <property name="java.home" value="/Users/igor/.sdkman/candidates/java/21.0.7-tem"/>
    <property name="file.separator" value="/"/>
    <property name="basedir" value="/Users/igor/Library/Mobile Documents/com~apple~CloudDocs/users/igor/github/api-wiser/api-wiser-javapoet"/>
    <property name="java.vm.compressedOopsMode" value="Zero based"/>
    <property name="line.separator" value="&#10;"/>
    <property name="java.vm.specification.vendor" value="Oracle Corporation"/>
    <property name="java.specification.name" value="Java Platform API Specification"/>
    <property name="apple.awt.application.name" value="ForkedBooter"/>
    <property name="surefire.real.class.path" value="/Users/igor/Library/Mobile Documents/com~apple~CloudDocs/users/igor/github/api-wiser/api-wiser-javapoet/target/surefire/surefirebooter-20250518201225534_3.jar"/>
    <property name="sun.management.compiler" value="HotSpot 64-Bit Tiered Compilers"/>
    <property name="ftp.nonProxyHosts" value="local|*.local|169.254/16|*.169.254/16"/>
    <property name="java.runtime.version" value="21.0.7+6-LTS"/>
    <property name="user.name" value="igor"/>
    <property name="stdout.encoding" value="UTF-8"/>
    <property name="path.separator" value=":"/>
    <property name="api-wiser.version" value="0.0.1-SNAPSHOT"/>
    <property name="os.version" value="15.4.1"/>
    <property name="java.runtime.name" value="OpenJDK Runtime Environment"/>
    <property name="file.encoding" value="UTF-8"/>
    <property name="java.vm.name" value="OpenJDK 64-Bit Server VM"/>
    <property name="java.vendor.version" value="Temurin-21.0.7+6"/>
    <property name="localRepository" value="/Users/igor/.m2/repository"/>
    <property name="java.vendor.url.bug" value="https://github.com/adoptium/adoptium-support/issues"/>
    <property name="java.io.tmpdir" value="/var/folders/td/2nwxw4491y3gbzvb0grhby0r0000gn/T/"/>
    <property name="java.version" value="21.0.7"/>
    <property name="user.dir" value="/Users/igor/Library/Mobile Documents/com~apple~CloudDocs/users/igor/github/api-wiser/api-wiser-javapoet"/>
    <property name="os.arch" value="aarch64"/>
    <property name="java.vm.specification.name" value="Java Virtual Machine Specification"/>
    <property name="native.encoding" value="UTF-8"/>
    <property name="java.library.path" value="/Users/igor/Library/Java/Extensions:/Library/Java/Extensions:/Network/Library/Java/Extensions:/System/Library/Java/Extensions:/usr/lib/java:."/>
    <property name="java.vm.info" value="mixed mode, sharing"/>
    <property name="stderr.encoding" value="UTF-8"/>
    <property name="java.vendor" value="Eclipse Adoptium"/>
    <property name="java.vm.version" value="21.0.7+6-LTS"/>
    <property name="sun.io.unicode.encoding" value="UnicodeBig"/>
    <property name="socksNonProxyHosts" value="local|*.local|169.254/16|*.169.254/16"/>
    <property name="java.class.version" value="65.0"/>
  </properties>
  <testcase name="shouldParseArrayType" classname="org.metalib.wiser.api.javapoet.TypeRefInfoTest$BasicTypeTests" time="0.0"/>
  <testcase name="shouldParsePrimitiveType" classname="org.metalib.wiser.api.javapoet.TypeRefInfoTest$BasicTypeTests" time="0.001"/>
  <testcase name="shouldHandleNullAndEmptyTypes" classname="org.metalib.wiser.api.javapoet.TypeRefInfoTest$BasicTypeTests" time="0.0"/>
</testsuite>