<?xml version="1.0" encoding="UTF-8"?>
<testsuite xmlns:xsi="http://www.w3.org/2001/XMLSchema-instance" xsi:noNamespaceSchemaLocation="https://maven.apache.org/surefire/maven-surefire-plugin/xsd/surefire-test-report.xsd" version="3.0.2" name="org.metalib.wiser.api.template.root.GitIgnoreBuilderTest" time="0.001" tests="1" errors="0" skipped="0" failures="0">
  <properties>
    <property name="java.specification.version" value="21"/>
    <property name="sun.jnu.encoding" value="UTF-8"/>
    <property name="java.class.path" value="/Users/igor/Library/Mobile Documents/com~apple~CloudDocs/users/igor/github/api-wiser/api-wiser-core/target/test-classes:/Users/igor/Library/Mobile Documents/com~apple~CloudDocs/users/igor/github/api-wiser/api-wiser-core/target/classes:/Users/igor/Library/Mobile Documents/com~apple~CloudDocs/users/igor/github/api-wiser/api-wiser-template-api/target/api-wiser-template-api-0.0.1-SNAPSHOT.jar:/Users/igor/Library/Mobile Documents/com~apple~CloudDocs/users/igor/github/api-wiser/api-wiser-javapoet/target/api-wiser-javapoet-0.0.1-SNAPSHOT.jar:/Users/igor/.m2/repository/org/projectlombok/lombok/1.18.38/lombok-1.18.38.jar:/Users/igor/.m2/repository/jakarta/validation/jakarta.validation-api/3.1.1/jakarta.validation-api-3.1.1.jar:/Users/igor/.m2/repository/com/squareup/javapoet/1.13.0/javapoet-1.13.0.jar:/Users/igor/.m2/repository/org/antlr/ST4/4.3.4/ST4-4.3.4.jar:/Users/igor/.m2/repository/org/antlr/antlr-runtime/3.5.3/antlr-runtime-3.5.3.jar:/Users/igor/.m2/repository/com/fasterxml/jackson/module/jackson-module-jsonSchema/2.19.0/jackson-module-jsonSchema-2.19.0.jar:/Users/igor/.m2/repository/javax/validation/validation-api/1.1.0.Final/validation-api-1.1.0.Final.jar:/Users/igor/.m2/repository/com/fasterxml/jackson/core/jackson-annotations/2.19.0/jackson-annotations-2.19.0.jar:/Users/igor/.m2/repository/com/fasterxml/jackson/core/jackson-core/2.19.0/jackson-core-2.19.0.jar:/Users/igor/.m2/repository/com/fasterxml/jackson/core/jackson-databind/2.19.0/jackson-databind-2.19.0.jar:/Users/igor/.m2/repository/com/fasterxml/jackson/dataformat/jackson-dataformat-yaml/2.19.0/jackson-dataformat-yaml-2.19.0.jar:/Users/igor/.m2/repository/org/yaml/snakeyaml/2.4/snakeyaml-2.4.jar:/Users/igor/.m2/repository/org/springframework/spring-web/6.2.6/spring-web-6.2.6.jar:/Users/igor/.m2/repository/org/springframework/spring-beans/6.2.6/spring-beans-6.2.6.jar:/Users/igor/.m2/repository/org/springframework/spring-core/6.2.6/spring-core-6.2.6.jar:/Users/igor/.m2/repository/org/springframework/spring-jcl/6.2.6/spring-jcl-6.2.6.jar:/Users/igor/.m2/repository/io/micrometer/micrometer-observation/1.14.6/micrometer-observation-1.14.6.jar:/Users/igor/.m2/repository/io/micrometer/micrometer-commons/1.14.6/micrometer-commons-1.14.6.jar:/Users/igor/.m2/repository/org/springframework/boot/spring-boot-starter/3.4.5/spring-boot-starter-3.4.5.jar:/Users/igor/.m2/repository/org/springframework/boot/spring-boot/3.4.5/spring-boot-3.4.5.jar:/Users/igor/.m2/repository/org/springframework/spring-context/6.2.6/spring-context-6.2.6.jar:/Users/igor/.m2/repository/org/springframework/spring-aop/6.2.6/spring-aop-6.2.6.jar:/Users/igor/.m2/repository/org/springframework/spring-expression/6.2.6/spring-expression-6.2.6.jar:/Users/igor/.m2/repository/org/springframework/boot/spring-boot-autoconfigure/3.4.5/spring-boot-autoconfigure-3.4.5.jar:/Users/igor/.m2/repository/org/springframework/boot/spring-boot-starter-logging/3.4.5/spring-boot-starter-logging-3.4.5.jar:/Users/igor/.m2/repository/ch/qos/logback/logback-classic/1.5.18/logback-classic-1.5.18.jar:/Users/igor/.m2/repository/ch/qos/logback/logback-core/1.5.18/logback-core-1.5.18.jar:/Users/igor/.m2/repository/org/apache/logging/log4j/log4j-to-slf4j/2.24.3/log4j-to-slf4j-2.24.3.jar:/Users/igor/.m2/repository/org/apache/logging/log4j/log4j-api/2.24.3/log4j-api-2.24.3.jar:/Users/igor/.m2/repository/org/slf4j/jul-to-slf4j/2.0.17/jul-to-slf4j-2.0.17.jar:/Users/igor/.m2/repository/jakarta/annotation/jakarta.annotation-api/2.1.1/jakarta.annotation-api-2.1.1.jar:/Users/igor/.m2/repository/org/slf4j/slf4j-api/2.0.17/slf4j-api-2.0.17.jar:/Users/igor/.m2/repository/org/slf4j/slf4j-simple/2.0.17/slf4j-simple-2.0.17.jar:/Users/igor/.m2/repository/org/openapitools/openapi-generator/7.13.0/openapi-generator-7.13.0.jar:/Users/igor/.m2/repository/io/swagger/parser/v3/swagger-parser/2.1.22/swagger-parser-2.1.22.jar:/Users/igor/.m2/repository/io/swagger/parser/v3/swagger-parser-v2-converter/2.1.22/swagger-parser-v2-converter-2.1.22.jar:/Users/igor/.m2/repository/io/swagger/swagger-core/1.6.14/swagger-core-1.6.14.jar:/Users/igor/.m2/repository/jakarta/xml/bind/jakarta.xml.bind-api/4.0.2/jakarta.xml.bind-api-4.0.2.jar:/Users/igor/.m2/repository/jakarta/activation/jakarta.activation-api/2.1.3/jakarta.activation-api-2.1.3.jar:/Users/igor/.m2/repository/io/swagger/swagger-models/1.6.14/swagger-models-1.6.14.jar:/Users/igor/.m2/repository/io/swagger/swagger-annotations/1.6.14/swagger-annotations-1.6.14.jar:/Users/igor/.m2/repository/io/swagger/swagger-parser/1.0.70/swagger-parser-1.0.70.jar:/Users/igor/.m2/repository/io/swagger/swagger-parser-safe-url-resolver/1.0.70/swagger-parser-safe-url-resolver-1.0.70.jar:/Users/igor/.m2/repository/io/swagger/swagger-compat-spec-parser/1.0.70/swagger-compat-spec-parser-1.0.70.jar:/Users/igor/.m2/repository/com/github/java-json-tools/json-schema-validator/2.2.14/json-schema-validator-2.2.14.jar:/Users/igor/.m2/repository/com/github/java-json-tools/jackson-coreutils-equivalence/1.0/jackson-coreutils-equivalence-1.0.jar:/Users/igor/.m2/repository/com/github/java-json-tools/json-schema-core/1.2.14/json-schema-core-1.2.14.jar:/Users/igor/.m2/repository/com/github/java-json-tools/uri-template/0.10/uri-template-0.10.jar:/Users/igor/.m2/repository/org/mozilla/rhino/1.7.7.2/rhino-1.7.7.2.jar:/Users/igor/.m2/repository/com/googlecode/libphonenumber/libphonenumber/8.11.1/libphonenumber-8.11.1.jar:/Users/igor/.m2/repository/com/google/code/findbugs/jsr305/3.0.2/jsr305-3.0.2.jar:/Users/igor/.m2/repository/net/sf/jopt-simple/jopt-simple/5.0.4/jopt-simple-5.0.4.jar:/Users/igor/.m2/repository/com/github/java-json-tools/json-patch/1.13/json-patch-1.13.jar:/Users/igor/.m2/repository/com/github/java-json-tools/msg-simple/1.2/msg-simple-1.2.jar:/Users/igor/.m2/repository/com/github/java-json-tools/btf/1.3/btf-1.3.jar:/Users/igor/.m2/repository/com/github/java-json-tools/jackson-coreutils/2.0/jackson-coreutils-2.0.jar:/Users/igor/.m2/repository/org/apache/httpcomponents/httpclient/4.5.14/httpclient-4.5.14.jar:/Users/igor/.m2/repository/org/apache/httpcomponents/httpcore/4.4.16/httpcore-4.4.16.jar:/Users/igor/.m2/repository/commons-logging/commons-logging/1.2/commons-logging-1.2.jar:/Users/igor/.m2/repository/commons-codec/commons-codec/1.17.2/commons-codec-1.17.2.jar:/Users/igor/.m2/repository/io/swagger/core/v3/swagger-models/2.2.21/swagger-models-2.2.21.jar:/Users/igor/.m2/repository/io/swagger/parser/v3/swagger-parser-core/2.1.22/swagger-parser-core-2.1.22.jar:/Users/igor/.m2/repository/io/swagger/parser/v3/swagger-parser-v3/2.1.22/swagger-parser-v3-2.1.22.jar:/Users/igor/.m2/repository/io/swagger/core/v3/swagger-core/2.2.21/swagger-core-2.2.21.jar:/Users/igor/.m2/repository/com/fasterxml/jackson/datatype/jackson-datatype-jsr310/2.19.0/jackson-datatype-jsr310-2.19.0.jar:/Users/igor/.m2/repository/io/swagger/core/v3/swagger-annotations/2.2.21/swagger-annotations-2.2.21.jar:/Users/igor/.m2/repository/io/swagger/parser/v3/swagger-parser-safe-url-resolver/2.1.22/swagger-parser-safe-url-resolver-2.1.22.jar:/Users/igor/.m2/repository/com/samskivert/jmustache/1.16/jmustache-1.16.jar:/Users/igor/.m2/repository/com/github/jknack/handlebars/4.3.1/handlebars-4.3.1.jar:/Users/igor/.m2/repository/com/github/jknack/handlebars-jackson2/4.3.1/handlebars-jackson2-4.3.1.jar:/Users/igor/.m2/repository/commons-io/commons-io/2.16.1/commons-io-2.16.1.jar:/Users/igor/.m2/repository/org/slf4j/slf4j-ext/2.0.17/slf4j-ext-2.0.17.jar:/Users/igor/.m2/repository/org/apache/commons/commons-lang3/3.17.0/commons-lang3-3.17.0.jar:/Users/igor/.m2/repository/org/apache/commons/commons-text/1.10.0/commons-text-1.10.0.jar:/Users/igor/.m2/repository/org/apache/maven/resolver/maven-resolver-util/1.9.18/maven-resolver-util-1.9.18.jar:/Users/igor/.m2/repository/org/apache/maven/resolver/maven-resolver-api/1.9.18/maven-resolver-api-1.9.18.jar:/Users/igor/.m2/repository/commons-cli/commons-cli/1.5.0/commons-cli-1.5.0.jar:/Users/igor/.m2/repository/com/google/guava/guava/33.4.8-jre/guava-33.4.8-jre.jar:/Users/igor/.m2/repository/com/google/guava/failureaccess/1.0.3/failureaccess-1.0.3.jar:/Users/igor/.m2/repository/com/google/guava/listenablefuture/9999.0-empty-to-avoid-conflict-with-guava/listenablefuture-9999.0-empty-to-avoid-conflict-with-guava.jar:/Users/igor/.m2/repository/org/jspecify/jspecify/1.0.0/jspecify-1.0.0.jar:/Users/igor/.m2/repository/com/google/errorprone/error_prone_annotations/2.36.0/error_prone_annotations-2.36.0.jar:/Users/igor/.m2/repository/com/google/j2objc/j2objc-annotations/3.0.0/j2objc-annotations-3.0.0.jar:/Users/igor/.m2/repository/com/fasterxml/jackson/datatype/jackson-datatype-guava/2.19.0/jackson-datatype-guava-2.19.0.jar:/Users/igor/.m2/repository/org/commonmark/commonmark/0.21.0/commonmark-0.21.0.jar:/Users/igor/.m2/repository/com/github/mifmif/generex/1.0.2/generex-1.0.2.jar:/Users/igor/.m2/repository/dk/brics/automaton/automaton/1.11-8/automaton-1.11-8.jar:/Users/igor/.m2/repository/com/github/curious-odd-man/rgxgen/1.4/rgxgen-1.4.jar:/Users/igor/.m2/repository/com/fasterxml/jackson/datatype/jackson-datatype-joda/2.19.0/jackson-datatype-joda-2.19.0.jar:/Users/igor/.m2/repository/joda-time/joda-time/2.12.7/joda-time-2.12.7.jar:/Users/igor/.m2/repository/com/github/joschi/jackson/jackson-datatype-threetenbp/2.18.2/jackson-datatype-threetenbp-2.18.2.jar:/Users/igor/.m2/repository/org/threeten/threetenbp/1.7.0/threetenbp-1.7.0.jar:/Users/igor/.m2/repository/org/openapitools/openapi-generator-core/7.13.0/openapi-generator-core-7.13.0.jar:/Users/igor/.m2/repository/net/java/dev/jna/jna/5.12.1/jna-5.12.1.jar:/Users/igor/.m2/repository/com/github/ben-manes/caffeine/caffeine/3.1.8/caffeine-3.1.8.jar:/Users/igor/.m2/repository/org/checkerframework/checker-qual/3.37.0/checker-qual-3.37.0.jar:/Users/igor/.m2/repository/org/junit/jupiter/junit-jupiter/5.12.1/junit-jupiter-5.12.1.jar:/Users/igor/.m2/repository/org/junit/jupiter/junit-jupiter-api/5.12.1/junit-jupiter-api-5.12.1.jar:/Users/igor/.m2/repository/org/opentest4j/opentest4j/1.3.0/opentest4j-1.3.0.jar:/Users/igor/.m2/repository/org/junit/platform/junit-platform-commons/1.12.1/junit-platform-commons-1.12.1.jar:/Users/igor/.m2/repository/org/apiguardian/apiguardian-api/1.1.2/apiguardian-api-1.1.2.jar:/Users/igor/.m2/repository/org/junit/jupiter/junit-jupiter-params/5.12.1/junit-jupiter-params-5.12.1.jar:/Users/igor/.m2/repository/org/junit/jupiter/junit-jupiter-engine/5.12.1/junit-jupiter-engine-5.12.1.jar:/Users/igor/.m2/repository/org/junit/platform/junit-platform-engine/1.12.1/junit-platform-engine-1.12.1.jar:/Users/igor/Library/Mobile Documents/com~apple~CloudDocs/users/igor/github/api-wiser/api-wiser-maven-templates/target/api-wiser-maven-templates-0.0.1-SNAPSHOT.jar:/Users/igor/.m2/repository/io/fabric8/maven-model-helper/37/maven-model-helper-37.jar:/Users/igor/.m2/repository/org/apache/maven/maven-model/3.9.9/maven-model-3.9.9.jar:/Users/igor/.m2/repository/org/codehaus/plexus/plexus-utils/3.5.1/plexus-utils-3.5.1.jar:/Users/igor/.m2/repository/org/jdom/jdom2/2.0.6.1/jdom2-2.0.6.1.jar:/Users/igor/Library/Mobile Documents/com~apple~CloudDocs/users/igor/github/api-wiser/api-wiser-spring-app-templates/target/api-wiser-spring-app-templates-0.0.1-SNAPSHOT.jar:/Users/igor/Library/Mobile Documents/com~apple~CloudDocs/users/igor/github/api-wiser/api-wiser-http-client-templates/target/api-wiser-http-client-templates-0.0.1-SNAPSHOT.jar:/Users/igor/.m2/repository/org/metalib/net/url/jersey-url-builder/0.0.1/jersey-url-builder-0.0.1.jar:/Users/igor/.m2/repository/org/mapstruct/mapstruct/1.6.3/mapstruct-1.6.3.jar:"/>
    <property name="java.vm.vendor" value="Eclipse Adoptium"/>
    <property name="sun.arch.data.model" value="64"/>
    <property name="java.vendor.url" value="https://adoptium.net/"/>
    <property name="user.timezone" value="America/Chicago"/>
    <property name="os.name" value="Mac OS X"/>
    <property name="java.vm.specification.version" value="21"/>
    <property name="sun.java.launcher" value="SUN_STANDARD"/>
    <property name="user.country" value="US"/>
    <property name="sun.boot.library.path" value="/Users/igor/.sdkman/candidates/java/21.0.7-tem/lib"/>
    <property name="sun.java.command" value="/Users/igor/Library/Mobile Documents/com~apple~CloudDocs/users/igor/github/api-wiser/api-wiser-core/target/surefire/surefirebooter-20250518201229074_12.jar /Users/igor/Library/Mobile Documents/com~apple~CloudDocs/users/igor/github/api-wiser/api-wiser-core/target/surefire 2025-05-18T20-12-25_488-jvmRun1 surefire-20250518201229074_10tmp surefire_3-20250518201229074_11tmp"/>
    <property name="http.nonProxyHosts" value="local|*.local|169.254/16|*.169.254/16"/>
    <property name="jdk.debug" value="release"/>
    <property name="surefire.test.class.path" value="/Users/igor/Library/Mobile Documents/com~apple~CloudDocs/users/igor/github/api-wiser/api-wiser-core/target/test-classes:/Users/igor/Library/Mobile Documents/com~apple~CloudDocs/users/igor/github/api-wiser/api-wiser-core/target/classes:/Users/igor/Library/Mobile Documents/com~apple~CloudDocs/users/igor/github/api-wiser/api-wiser-template-api/target/api-wiser-template-api-0.0.1-SNAPSHOT.jar:/Users/igor/Library/Mobile Documents/com~apple~CloudDocs/users/igor/github/api-wiser/api-wiser-javapoet/target/api-wiser-javapoet-0.0.1-SNAPSHOT.jar:/Users/igor/.m2/repository/org/projectlombok/lombok/1.18.38/lombok-1.18.38.jar:/Users/igor/.m2/repository/jakarta/validation/jakarta.validation-api/3.1.1/jakarta.validation-api-3.1.1.jar:/Users/igor/.m2/repository/com/squareup/javapoet/1.13.0/javapoet-1.13.0.jar:/Users/igor/.m2/repository/org/antlr/ST4/4.3.4/ST4-4.3.4.jar:/Users/igor/.m2/repository/org/antlr/antlr-runtime/3.5.3/antlr-runtime-3.5.3.jar:/Users/igor/.m2/repository/com/fasterxml/jackson/module/jackson-module-jsonSchema/2.19.0/jackson-module-jsonSchema-2.19.0.jar:/Users/igor/.m2/repository/javax/validation/validation-api/1.1.0.Final/validation-api-1.1.0.Final.jar:/Users/igor/.m2/repository/com/fasterxml/jackson/core/jackson-annotations/2.19.0/jackson-annotations-2.19.0.jar:/Users/igor/.m2/repository/com/fasterxml/jackson/core/jackson-core/2.19.0/jackson-core-2.19.0.jar:/Users/igor/.m2/repository/com/fasterxml/jackson/core/jackson-databind/2.19.0/jackson-databind-2.19.0.jar:/Users/igor/.m2/repository/com/fasterxml/jackson/dataformat/jackson-dataformat-yaml/2.19.0/jackson-dataformat-yaml-2.19.0.jar:/Users/igor/.m2/repository/org/yaml/snakeyaml/2.4/snakeyaml-2.4.jar:/Users/igor/.m2/repository/org/springframework/spring-web/6.2.6/spring-web-6.2.6.jar:/Users/igor/.m2/repository/org/springframework/spring-beans/6.2.6/spring-beans-6.2.6.jar:/Users/igor/.m2/repository/org/springframework/spring-core/6.2.6/spring-core-6.2.6.jar:/Users/igor/.m2/repository/org/springframework/spring-jcl/6.2.6/spring-jcl-6.2.6.jar:/Users/igor/.m2/repository/io/micrometer/micrometer-observation/1.14.6/micrometer-observation-1.14.6.jar:/Users/igor/.m2/repository/io/micrometer/micrometer-commons/1.14.6/micrometer-commons-1.14.6.jar:/Users/igor/.m2/repository/org/springframework/boot/spring-boot-starter/3.4.5/spring-boot-starter-3.4.5.jar:/Users/igor/.m2/repository/org/springframework/boot/spring-boot/3.4.5/spring-boot-3.4.5.jar:/Users/igor/.m2/repository/org/springframework/spring-context/6.2.6/spring-context-6.2.6.jar:/Users/igor/.m2/repository/org/springframework/spring-aop/6.2.6/spring-aop-6.2.6.jar:/Users/igor/.m2/repository/org/springframework/spring-expression/6.2.6/spring-expression-6.2.6.jar:/Users/igor/.m2/repository/org/springframework/boot/spring-boot-autoconfigure/3.4.5/spring-boot-autoconfigure-3.4.5.jar:/Users/igor/.m2/repository/org/springframework/boot/spring-boot-starter-logging/3.4.5/spring-boot-starter-logging-3.4.5.jar:/Users/igor/.m2/repository/ch/qos/logback/logback-classic/1.5.18/logback-classic-1.5.18.jar:/Users/igor/.m2/repository/ch/qos/logback/logback-core/1.5.18/logback-core-1.5.18.jar:/Users/igor/.m2/repository/org/apache/logging/log4j/log4j-to-slf4j/2.24.3/log4j-to-slf4j-2.24.3.jar:/Users/igor/.m2/repository/org/apache/logging/log4j/log4j-api/2.24.3/log4j-api-2.24.3.jar:/Users/igor/.m2/repository/org/slf4j/jul-to-slf4j/2.0.17/jul-to-slf4j-2.0.17.jar:/Users/igor/.m2/repository/jakarta/annotation/jakarta.annotation-api/2.1.1/jakarta.annotation-api-2.1.1.jar:/Users/igor/.m2/repository/org/slf4j/slf4j-api/2.0.17/slf4j-api-2.0.17.jar:/Users/igor/.m2/repository/org/slf4j/slf4j-simple/2.0.17/slf4j-simple-2.0.17.jar:/Users/igor/.m2/repository/org/openapitools/openapi-generator/7.13.0/openapi-generator-7.13.0.jar:/Users/igor/.m2/repository/io/swagger/parser/v3/swagger-parser/2.1.22/swagger-parser-2.1.22.jar:/Users/igor/.m2/repository/io/swagger/parser/v3/swagger-parser-v2-converter/2.1.22/swagger-parser-v2-converter-2.1.22.jar:/Users/igor/.m2/repository/io/swagger/swagger-core/1.6.14/swagger-core-1.6.14.jar:/Users/igor/.m2/repository/jakarta/xml/bind/jakarta.xml.bind-api/4.0.2/jakarta.xml.bind-api-4.0.2.jar:/Users/igor/.m2/repository/jakarta/activation/jakarta.activation-api/2.1.3/jakarta.activation-api-2.1.3.jar:/Users/igor/.m2/repository/io/swagger/swagger-models/1.6.14/swagger-models-1.6.14.jar:/Users/igor/.m2/repository/io/swagger/swagger-annotations/1.6.14/swagger-annotations-1.6.14.jar:/Users/igor/.m2/repository/io/swagger/swagger-parser/1.0.70/swagger-parser-1.0.70.jar:/Users/igor/.m2/repository/io/swagger/swagger-parser-safe-url-resolver/1.0.70/swagger-parser-safe-url-resolver-1.0.70.jar:/Users/igor/.m2/repository/io/swagger/swagger-compat-spec-parser/1.0.70/swagger-compat-spec-parser-1.0.70.jar:/Users/igor/.m2/repository/com/github/java-json-tools/json-schema-validator/2.2.14/json-schema-validator-2.2.14.jar:/Users/igor/.m2/repository/com/github/java-json-tools/jackson-coreutils-equivalence/1.0/jackson-coreutils-equivalence-1.0.jar:/Users/igor/.m2/repository/com/github/java-json-tools/json-schema-core/1.2.14/json-schema-core-1.2.14.jar:/Users/igor/.m2/repository/com/github/java-json-tools/uri-template/0.10/uri-template-0.10.jar:/Users/igor/.m2/repository/org/mozilla/rhino/1.7.7.2/rhino-1.7.7.2.jar:/Users/igor/.m2/repository/com/googlecode/libphonenumber/libphonenumber/8.11.1/libphonenumber-8.11.1.jar:/Users/igor/.m2/repository/com/google/code/findbugs/jsr305/3.0.2/jsr305-3.0.2.jar:/Users/igor/.m2/repository/net/sf/jopt-simple/jopt-simple/5.0.4/jopt-simple-5.0.4.jar:/Users/igor/.m2/repository/com/github/java-json-tools/json-patch/1.13/json-patch-1.13.jar:/Users/igor/.m2/repository/com/github/java-json-tools/msg-simple/1.2/msg-simple-1.2.jar:/Users/igor/.m2/repository/com/github/java-json-tools/btf/1.3/btf-1.3.jar:/Users/igor/.m2/repository/com/github/java-json-tools/jackson-coreutils/2.0/jackson-coreutils-2.0.jar:/Users/igor/.m2/repository/org/apache/httpcomponents/httpclient/4.5.14/httpclient-4.5.14.jar:/Users/igor/.m2/repository/org/apache/httpcomponents/httpcore/4.4.16/httpcore-4.4.16.jar:/Users/igor/.m2/repository/commons-logging/commons-logging/1.2/commons-logging-1.2.jar:/Users/igor/.m2/repository/commons-codec/commons-codec/1.17.2/commons-codec-1.17.2.jar:/Users/igor/.m2/repository/io/swagger/core/v3/swagger-models/2.2.21/swagger-models-2.2.21.jar:/Users/igor/.m2/repository/io/swagger/parser/v3/swagger-parser-core/2.1.22/swagger-parser-core-2.1.22.jar:/Users/igor/.m2/repository/io/swagger/parser/v3/swagger-parser-v3/2.1.22/swagger-parser-v3-2.1.22.jar:/Users/igor/.m2/repository/io/swagger/core/v3/swagger-core/2.2.21/swagger-core-2.2.21.jar:/Users/igor/.m2/repository/com/fasterxml/jackson/datatype/jackson-datatype-jsr310/2.19.0/jackson-datatype-jsr310-2.19.0.jar:/Users/igor/.m2/repository/io/swagger/core/v3/swagger-annotations/2.2.21/swagger-annotations-2.2.21.jar:/Users/igor/.m2/repository/io/swagger/parser/v3/swagger-parser-safe-url-resolver/2.1.22/swagger-parser-safe-url-resolver-2.1.22.jar:/Users/igor/.m2/repository/com/samskivert/jmustache/1.16/jmustache-1.16.jar:/Users/igor/.m2/repository/com/github/jknack/handlebars/4.3.1/handlebars-4.3.1.jar:/Users/igor/.m2/repository/com/github/jknack/handlebars-jackson2/4.3.1/handlebars-jackson2-4.3.1.jar:/Users/igor/.m2/repository/commons-io/commons-io/2.16.1/commons-io-2.16.1.jar:/Users/igor/.m2/repository/org/slf4j/slf4j-ext/2.0.17/slf4j-ext-2.0.17.jar:/Users/igor/.m2/repository/org/apache/commons/commons-lang3/3.17.0/commons-lang3-3.17.0.jar:/Users/igor/.m2/repository/org/apache/commons/commons-text/1.10.0/commons-text-1.10.0.jar:/Users/igor/.m2/repository/org/apache/maven/resolver/maven-resolver-util/1.9.18/maven-resolver-util-1.9.18.jar:/Users/igor/.m2/repository/org/apache/maven/resolver/maven-resolver-api/1.9.18/maven-resolver-api-1.9.18.jar:/Users/igor/.m2/repository/commons-cli/commons-cli/1.5.0/commons-cli-1.5.0.jar:/Users/igor/.m2/repository/com/google/guava/guava/33.4.8-jre/guava-33.4.8-jre.jar:/Users/igor/.m2/repository/com/google/guava/failureaccess/1.0.3/failureaccess-1.0.3.jar:/Users/igor/.m2/repository/com/google/guava/listenablefuture/9999.0-empty-to-avoid-conflict-with-guava/listenablefuture-9999.0-empty-to-avoid-conflict-with-guava.jar:/Users/igor/.m2/repository/org/jspecify/jspecify/1.0.0/jspecify-1.0.0.jar:/Users/igor/.m2/repository/com/google/errorprone/error_prone_annotations/2.36.0/error_prone_annotations-2.36.0.jar:/Users/igor/.m2/repository/com/google/j2objc/j2objc-annotations/3.0.0/j2objc-annotations-3.0.0.jar:/Users/igor/.m2/repository/com/fasterxml/jackson/datatype/jackson-datatype-guava/2.19.0/jackson-datatype-guava-2.19.0.jar:/Users/igor/.m2/repository/org/commonmark/commonmark/0.21.0/commonmark-0.21.0.jar:/Users/igor/.m2/repository/com/github/mifmif/generex/1.0.2/generex-1.0.2.jar:/Users/igor/.m2/repository/dk/brics/automaton/automaton/1.11-8/automaton-1.11-8.jar:/Users/igor/.m2/repository/com/github/curious-odd-man/rgxgen/1.4/rgxgen-1.4.jar:/Users/igor/.m2/repository/com/fasterxml/jackson/datatype/jackson-datatype-joda/2.19.0/jackson-datatype-joda-2.19.0.jar:/Users/igor/.m2/repository/joda-time/joda-time/2.12.7/joda-time-2.12.7.jar:/Users/igor/.m2/repository/com/github/joschi/jackson/jackson-datatype-threetenbp/2.18.2/jackson-datatype-threetenbp-2.18.2.jar:/Users/igor/.m2/repository/org/threeten/threetenbp/1.7.0/threetenbp-1.7.0.jar:/Users/igor/.m2/repository/org/openapitools/openapi-generator-core/7.13.0/openapi-generator-core-7.13.0.jar:/Users/igor/.m2/repository/net/java/dev/jna/jna/5.12.1/jna-5.12.1.jar:/Users/igor/.m2/repository/com/github/ben-manes/caffeine/caffeine/3.1.8/caffeine-3.1.8.jar:/Users/igor/.m2/repository/org/checkerframework/checker-qual/3.37.0/checker-qual-3.37.0.jar:/Users/igor/.m2/repository/org/junit/jupiter/junit-jupiter/5.12.1/junit-jupiter-5.12.1.jar:/Users/igor/.m2/repository/org/junit/jupiter/junit-jupiter-api/5.12.1/junit-jupiter-api-5.12.1.jar:/Users/igor/.m2/repository/org/opentest4j/opentest4j/1.3.0/opentest4j-1.3.0.jar:/Users/igor/.m2/repository/org/junit/platform/junit-platform-commons/1.12.1/junit-platform-commons-1.12.1.jar:/Users/igor/.m2/repository/org/apiguardian/apiguardian-api/1.1.2/apiguardian-api-1.1.2.jar:/Users/igor/.m2/repository/org/junit/jupiter/junit-jupiter-params/5.12.1/junit-jupiter-params-5.12.1.jar:/Users/igor/.m2/repository/org/junit/jupiter/junit-jupiter-engine/5.12.1/junit-jupiter-engine-5.12.1.jar:/Users/igor/.m2/repository/org/junit/platform/junit-platform-engine/1.12.1/junit-platform-engine-1.12.1.jar:/Users/igor/Library/Mobile Documents/com~apple~CloudDocs/users/igor/github/api-wiser/api-wiser-maven-templates/target/api-wiser-maven-templates-0.0.1-SNAPSHOT.jar:/Users/igor/.m2/repository/io/fabric8/maven-model-helper/37/maven-model-helper-37.jar:/Users/igor/.m2/repository/org/apache/maven/maven-model/3.9.9/maven-model-3.9.9.jar:/Users/igor/.m2/repository/org/codehaus/plexus/plexus-utils/3.5.1/plexus-utils-3.5.1.jar:/Users/igor/.m2/repository/org/jdom/jdom2/2.0.6.1/jdom2-2.0.6.1.jar:/Users/igor/Library/Mobile Documents/com~apple~CloudDocs/users/igor/github/api-wiser/api-wiser-spring-app-templates/target/api-wiser-spring-app-templates-0.0.1-SNAPSHOT.jar:/Users/igor/Library/Mobile Documents/com~apple~CloudDocs/users/igor/github/api-wiser/api-wiser-http-client-templates/target/api-wiser-http-client-templates-0.0.1-SNAPSHOT.jar:/Users/igor/.m2/repository/org/metalib/net/url/jersey-url-builder/0.0.1/jersey-url-builder-0.0.1.jar:/Users/igor/.m2/repository/org/mapstruct/mapstruct/1.6.3/mapstruct-1.6.3.jar:"/>
    <property name="sun.cpu.endian" value="little"/>
    <property name="user.home" value="/Users/igor"/>
    <property name="user.language" value="en"/>
    <property name="java.specification.vendor" value="Oracle Corporation"/>
    <property name="java.version.date" value="2025-04-15"/>
    <property name="java.home" value="/Users/igor/.sdkman/candidates/java/21.0.7-tem"/>
    <property name="file.separator" value="/"/>
    <property name="basedir" value="/Users/igor/Library/Mobile Documents/com~apple~CloudDocs/users/igor/github/api-wiser/api-wiser-core"/>
    <property name="java.vm.compressedOopsMode" value="Zero based"/>
    <property name="line.separator" value="&#10;"/>
    <property name="java.vm.specification.vendor" value="Oracle Corporation"/>
    <property name="java.specification.name" value="Java Platform API Specification"/>
    <property name="apple.awt.application.name" value="ForkedBooter"/>
    <property name="surefire.real.class.path" value="/Users/igor/Library/Mobile Documents/com~apple~CloudDocs/users/igor/github/api-wiser/api-wiser-core/target/surefire/surefirebooter-20250518201229074_12.jar"/>
    <property name="sun.management.compiler" value="HotSpot 64-Bit Tiered Compilers"/>
    <property name="ftp.nonProxyHosts" value="local|*.local|169.254/16|*.169.254/16"/>
    <property name="java.runtime.version" value="21.0.7+6-LTS"/>
    <property name="user.name" value="igor"/>
    <property name="stdout.encoding" value="UTF-8"/>
    <property name="path.separator" value=":"/>
    <property name="api-wiser.version" value="0.0.1-SNAPSHOT"/>
    <property name="os.version" value="15.4.1"/>
    <property name="java.runtime.name" value="OpenJDK Runtime Environment"/>
    <property name="file.encoding" value="UTF-8"/>
    <property name="java.vm.name" value="OpenJDK 64-Bit Server VM"/>
    <property name="java.vendor.version" value="Temurin-21.0.7+6"/>
    <property name="localRepository" value="/Users/igor/.m2/repository"/>
    <property name="java.vendor.url.bug" value="https://github.com/adoptium/adoptium-support/issues"/>
    <property name="java.io.tmpdir" value="/var/folders/td/2nwxw4491y3gbzvb0grhby0r0000gn/T/"/>
    <property name="java.version" value="21.0.7"/>
    <property name="user.dir" value="/Users/igor/Library/Mobile Documents/com~apple~CloudDocs/users/igor/github/api-wiser/api-wiser-core"/>
    <property name="os.arch" value="aarch64"/>
    <property name="java.vm.specification.name" value="Java Virtual Machine Specification"/>
    <property name="native.encoding" value="UTF-8"/>
    <property name="java.library.path" value="/Users/igor/Library/Java/Extensions:/Library/Java/Extensions:/Network/Library/Java/Extensions:/System/Library/Java/Extensions:/usr/lib/java:."/>
    <property name="java.vm.info" value="mixed mode, sharing"/>
    <property name="stderr.encoding" value="UTF-8"/>
    <property name="java.vendor" value="Eclipse Adoptium"/>
    <property name="java.vm.version" value="21.0.7+6-LTS"/>
    <property name="sun.io.unicode.encoding" value="UnicodeBig"/>
    <property name="socksNonProxyHosts" value="local|*.local|169.254/16|*.169.254/16"/>
    <property name="java.class.version" value="65.0"/>
  </properties>
  <testcase name="test" classname="org.metalib.wiser.api.template.root.GitIgnoreBuilderTest" time="0.001"/>
</testsuite>