<?xml version="1.0" encoding="UTF-8"?>
<testsuite xmlns:xsi="http://www.w3.org/2001/XMLSchema-instance" xsi:noNamespaceSchemaLocation="https://maven.apache.org/surefire/maven-surefire-plugin/xsd/surefire-test-report.xsd" version="3.0.2" name="org.metalib.wiser.api.core.OpenApiPostmanTest" time="1.429" tests="5" errors="0" skipped="1" failures="0">
  <properties>
    <property name="java.specification.version" value="21"/>
    <property name="sun.jnu.encoding" value="UTF-8"/>
    <property name="java.class.path" value="/Users/igor/Library/Mobile Documents/com~apple~CloudDocs/users/igor/github/api-wiser/api-wiser-core/target/test-classes:/Users/igor/Library/Mobile Documents/com~apple~CloudDocs/users/igor/github/api-wiser/api-wiser-core/target/classes:/Users/igor/Library/Mobile Documents/com~apple~CloudDocs/users/igor/github/api-wiser/api-wiser-template-api/target/api-wiser-template-api-0.0.1-SNAPSHOT.jar:/Users/igor/Library/Mobile Documents/com~apple~CloudDocs/users/igor/github/api-wiser/api-wiser-javapoet/target/api-wiser-javapoet-0.0.1-SNAPSHOT.jar:/Users/igor/.m2/repository/org/projectlombok/lombok/1.18.38/lombok-1.18.38.jar:/Users/igor/.m2/repository/jakarta/validation/jakarta.validation-api/3.1.1/jakarta.validation-api-3.1.1.jar:/Users/igor/.m2/repository/com/squareup/javapoet/1.13.0/javapoet-1.13.0.jar:/Users/igor/.m2/repository/org/antlr/ST4/4.3.4/ST4-4.3.4.jar:/Users/igor/.m2/repository/org/antlr/antlr-runtime/3.5.3/antlr-runtime-3.5.3.jar:/Users/igor/.m2/repository/com/fasterxml/jackson/module/jackson-module-jsonSchema/2.19.0/jackson-module-jsonSchema-2.19.0.jar:/Users/igor/.m2/repository/javax/validation/validation-api/1.1.0.Final/validation-api-1.1.0.Final.jar:/Users/igor/.m2/repository/com/fasterxml/jackson/core/jackson-annotations/2.19.0/jackson-annotations-2.19.0.jar:/Users/igor/.m2/repository/com/fasterxml/jackson/core/jackson-core/2.19.0/jackson-core-2.19.0.jar:/Users/igor/.m2/repository/com/fasterxml/jackson/core/jackson-databind/2.19.0/jackson-databind-2.19.0.jar:/Users/igor/.m2/repository/com/fasterxml/jackson/dataformat/jackson-dataformat-yaml/2.19.0/jackson-dataformat-yaml-2.19.0.jar:/Users/igor/.m2/repository/org/yaml/snakeyaml/2.4/snakeyaml-2.4.jar:/Users/igor/.m2/repository/org/springframework/spring-web/6.2.6/spring-web-6.2.6.jar:/Users/igor/.m2/repository/org/springframework/spring-beans/6.2.6/spring-beans-6.2.6.jar:/Users/igor/.m2/repository/org/springframework/spring-core/6.2.6/spring-core-6.2.6.jar:/Users/igor/.m2/repository/org/springframework/spring-jcl/6.2.6/spring-jcl-6.2.6.jar:/Users/igor/.m2/repository/io/micrometer/micrometer-observation/1.14.6/micrometer-observation-1.14.6.jar:/Users/igor/.m2/repository/io/micrometer/micrometer-commons/1.14.6/micrometer-commons-1.14.6.jar:/Users/igor/.m2/repository/org/springframework/boot/spring-boot-starter/3.4.5/spring-boot-starter-3.4.5.jar:/Users/igor/.m2/repository/org/springframework/boot/spring-boot/3.4.5/spring-boot-3.4.5.jar:/Users/igor/.m2/repository/org/springframework/spring-context/6.2.6/spring-context-6.2.6.jar:/Users/igor/.m2/repository/org/springframework/spring-aop/6.2.6/spring-aop-6.2.6.jar:/Users/igor/.m2/repository/org/springframework/spring-expression/6.2.6/spring-expression-6.2.6.jar:/Users/igor/.m2/repository/org/springframework/boot/spring-boot-autoconfigure/3.4.5/spring-boot-autoconfigure-3.4.5.jar:/Users/igor/.m2/repository/org/springframework/boot/spring-boot-starter-logging/3.4.5/spring-boot-starter-logging-3.4.5.jar:/Users/igor/.m2/repository/ch/qos/logback/logback-classic/1.5.18/logback-classic-1.5.18.jar:/Users/igor/.m2/repository/ch/qos/logback/logback-core/1.5.18/logback-core-1.5.18.jar:/Users/igor/.m2/repository/org/apache/logging/log4j/log4j-to-slf4j/2.24.3/log4j-to-slf4j-2.24.3.jar:/Users/igor/.m2/repository/org/apache/logging/log4j/log4j-api/2.24.3/log4j-api-2.24.3.jar:/Users/igor/.m2/repository/org/slf4j/jul-to-slf4j/2.0.17/jul-to-slf4j-2.0.17.jar:/Users/igor/.m2/repository/jakarta/annotation/jakarta.annotation-api/2.1.1/jakarta.annotation-api-2.1.1.jar:/Users/igor/.m2/repository/org/slf4j/slf4j-api/2.0.17/slf4j-api-2.0.17.jar:/Users/igor/.m2/repository/org/slf4j/slf4j-simple/2.0.17/slf4j-simple-2.0.17.jar:/Users/igor/.m2/repository/org/openapitools/openapi-generator/7.13.0/openapi-generator-7.13.0.jar:/Users/igor/.m2/repository/io/swagger/parser/v3/swagger-parser/2.1.22/swagger-parser-2.1.22.jar:/Users/igor/.m2/repository/io/swagger/parser/v3/swagger-parser-v2-converter/2.1.22/swagger-parser-v2-converter-2.1.22.jar:/Users/igor/.m2/repository/io/swagger/swagger-core/1.6.14/swagger-core-1.6.14.jar:/Users/igor/.m2/repository/jakarta/xml/bind/jakarta.xml.bind-api/4.0.2/jakarta.xml.bind-api-4.0.2.jar:/Users/igor/.m2/repository/jakarta/activation/jakarta.activation-api/2.1.3/jakarta.activation-api-2.1.3.jar:/Users/igor/.m2/repository/io/swagger/swagger-models/1.6.14/swagger-models-1.6.14.jar:/Users/igor/.m2/repository/io/swagger/swagger-annotations/1.6.14/swagger-annotations-1.6.14.jar:/Users/igor/.m2/repository/io/swagger/swagger-parser/1.0.70/swagger-parser-1.0.70.jar:/Users/igor/.m2/repository/io/swagger/swagger-parser-safe-url-resolver/1.0.70/swagger-parser-safe-url-resolver-1.0.70.jar:/Users/igor/.m2/repository/io/swagger/swagger-compat-spec-parser/1.0.70/swagger-compat-spec-parser-1.0.70.jar:/Users/igor/.m2/repository/com/github/java-json-tools/json-schema-validator/2.2.14/json-schema-validator-2.2.14.jar:/Users/igor/.m2/repository/com/github/java-json-tools/jackson-coreutils-equivalence/1.0/jackson-coreutils-equivalence-1.0.jar:/Users/igor/.m2/repository/com/github/java-json-tools/json-schema-core/1.2.14/json-schema-core-1.2.14.jar:/Users/igor/.m2/repository/com/github/java-json-tools/uri-template/0.10/uri-template-0.10.jar:/Users/igor/.m2/repository/org/mozilla/rhino/1.7.7.2/rhino-1.7.7.2.jar:/Users/igor/.m2/repository/com/googlecode/libphonenumber/libphonenumber/8.11.1/libphonenumber-8.11.1.jar:/Users/igor/.m2/repository/com/google/code/findbugs/jsr305/3.0.2/jsr305-3.0.2.jar:/Users/igor/.m2/repository/net/sf/jopt-simple/jopt-simple/5.0.4/jopt-simple-5.0.4.jar:/Users/igor/.m2/repository/com/github/java-json-tools/json-patch/1.13/json-patch-1.13.jar:/Users/igor/.m2/repository/com/github/java-json-tools/msg-simple/1.2/msg-simple-1.2.jar:/Users/igor/.m2/repository/com/github/java-json-tools/btf/1.3/btf-1.3.jar:/Users/igor/.m2/repository/com/github/java-json-tools/jackson-coreutils/2.0/jackson-coreutils-2.0.jar:/Users/igor/.m2/repository/org/apache/httpcomponents/httpclient/4.5.14/httpclient-4.5.14.jar:/Users/igor/.m2/repository/org/apache/httpcomponents/httpcore/4.4.16/httpcore-4.4.16.jar:/Users/igor/.m2/repository/commons-logging/commons-logging/1.2/commons-logging-1.2.jar:/Users/igor/.m2/repository/commons-codec/commons-codec/1.17.2/commons-codec-1.17.2.jar:/Users/igor/.m2/repository/io/swagger/core/v3/swagger-models/2.2.21/swagger-models-2.2.21.jar:/Users/igor/.m2/repository/io/swagger/parser/v3/swagger-parser-core/2.1.22/swagger-parser-core-2.1.22.jar:/Users/igor/.m2/repository/io/swagger/parser/v3/swagger-parser-v3/2.1.22/swagger-parser-v3-2.1.22.jar:/Users/igor/.m2/repository/io/swagger/core/v3/swagger-core/2.2.21/swagger-core-2.2.21.jar:/Users/igor/.m2/repository/com/fasterxml/jackson/datatype/jackson-datatype-jsr310/2.19.0/jackson-datatype-jsr310-2.19.0.jar:/Users/igor/.m2/repository/io/swagger/core/v3/swagger-annotations/2.2.21/swagger-annotations-2.2.21.jar:/Users/igor/.m2/repository/io/swagger/parser/v3/swagger-parser-safe-url-resolver/2.1.22/swagger-parser-safe-url-resolver-2.1.22.jar:/Users/igor/.m2/repository/com/samskivert/jmustache/1.16/jmustache-1.16.jar:/Users/igor/.m2/repository/com/github/jknack/handlebars/4.3.1/handlebars-4.3.1.jar:/Users/igor/.m2/repository/com/github/jknack/handlebars-jackson2/4.3.1/handlebars-jackson2-4.3.1.jar:/Users/igor/.m2/repository/commons-io/commons-io/2.16.1/commons-io-2.16.1.jar:/Users/igor/.m2/repository/org/slf4j/slf4j-ext/2.0.17/slf4j-ext-2.0.17.jar:/Users/igor/.m2/repository/org/apache/commons/commons-lang3/3.17.0/commons-lang3-3.17.0.jar:/Users/igor/.m2/repository/org/apache/commons/commons-text/1.10.0/commons-text-1.10.0.jar:/Users/igor/.m2/repository/org/apache/maven/resolver/maven-resolver-util/1.9.18/maven-resolver-util-1.9.18.jar:/Users/igor/.m2/repository/org/apache/maven/resolver/maven-resolver-api/1.9.18/maven-resolver-api-1.9.18.jar:/Users/igor/.m2/repository/commons-cli/commons-cli/1.5.0/commons-cli-1.5.0.jar:/Users/igor/.m2/repository/com/google/guava/guava/33.4.8-jre/guava-33.4.8-jre.jar:/Users/igor/.m2/repository/com/google/guava/failureaccess/1.0.3/failureaccess-1.0.3.jar:/Users/igor/.m2/repository/com/google/guava/listenablefuture/9999.0-empty-to-avoid-conflict-with-guava/listenablefuture-9999.0-empty-to-avoid-conflict-with-guava.jar:/Users/igor/.m2/repository/org/jspecify/jspecify/1.0.0/jspecify-1.0.0.jar:/Users/igor/.m2/repository/com/google/errorprone/error_prone_annotations/2.36.0/error_prone_annotations-2.36.0.jar:/Users/igor/.m2/repository/com/google/j2objc/j2objc-annotations/3.0.0/j2objc-annotations-3.0.0.jar:/Users/igor/.m2/repository/com/fasterxml/jackson/datatype/jackson-datatype-guava/2.19.0/jackson-datatype-guava-2.19.0.jar:/Users/igor/.m2/repository/org/commonmark/commonmark/0.21.0/commonmark-0.21.0.jar:/Users/igor/.m2/repository/com/github/mifmif/generex/1.0.2/generex-1.0.2.jar:/Users/igor/.m2/repository/dk/brics/automaton/automaton/1.11-8/automaton-1.11-8.jar:/Users/igor/.m2/repository/com/github/curious-odd-man/rgxgen/1.4/rgxgen-1.4.jar:/Users/igor/.m2/repository/com/fasterxml/jackson/datatype/jackson-datatype-joda/2.19.0/jackson-datatype-joda-2.19.0.jar:/Users/igor/.m2/repository/joda-time/joda-time/2.12.7/joda-time-2.12.7.jar:/Users/igor/.m2/repository/com/github/joschi/jackson/jackson-datatype-threetenbp/2.18.2/jackson-datatype-threetenbp-2.18.2.jar:/Users/igor/.m2/repository/org/threeten/threetenbp/1.7.0/threetenbp-1.7.0.jar:/Users/igor/.m2/repository/org/openapitools/openapi-generator-core/7.13.0/openapi-generator-core-7.13.0.jar:/Users/igor/.m2/repository/net/java/dev/jna/jna/5.12.1/jna-5.12.1.jar:/Users/igor/.m2/repository/com/github/ben-manes/caffeine/caffeine/3.1.8/caffeine-3.1.8.jar:/Users/igor/.m2/repository/org/checkerframework/checker-qual/3.37.0/checker-qual-3.37.0.jar:/Users/igor/.m2/repository/org/junit/jupiter/junit-jupiter/5.12.1/junit-jupiter-5.12.1.jar:/Users/igor/.m2/repository/org/junit/jupiter/junit-jupiter-api/5.12.1/junit-jupiter-api-5.12.1.jar:/Users/igor/.m2/repository/org/opentest4j/opentest4j/1.3.0/opentest4j-1.3.0.jar:/Users/igor/.m2/repository/org/junit/platform/junit-platform-commons/1.12.1/junit-platform-commons-1.12.1.jar:/Users/igor/.m2/repository/org/apiguardian/apiguardian-api/1.1.2/apiguardian-api-1.1.2.jar:/Users/igor/.m2/repository/org/junit/jupiter/junit-jupiter-params/5.12.1/junit-jupiter-params-5.12.1.jar:/Users/igor/.m2/repository/org/junit/jupiter/junit-jupiter-engine/5.12.1/junit-jupiter-engine-5.12.1.jar:/Users/igor/.m2/repository/org/junit/platform/junit-platform-engine/1.12.1/junit-platform-engine-1.12.1.jar:/Users/igor/Library/Mobile Documents/com~apple~CloudDocs/users/igor/github/api-wiser/api-wiser-maven-templates/target/api-wiser-maven-templates-0.0.1-SNAPSHOT.jar:/Users/igor/.m2/repository/io/fabric8/maven-model-helper/37/maven-model-helper-37.jar:/Users/igor/.m2/repository/org/apache/maven/maven-model/3.9.9/maven-model-3.9.9.jar:/Users/igor/.m2/repository/org/codehaus/plexus/plexus-utils/3.5.1/plexus-utils-3.5.1.jar:/Users/igor/.m2/repository/org/jdom/jdom2/2.0.6.1/jdom2-2.0.6.1.jar:/Users/igor/Library/Mobile Documents/com~apple~CloudDocs/users/igor/github/api-wiser/api-wiser-spring-app-templates/target/api-wiser-spring-app-templates-0.0.1-SNAPSHOT.jar:/Users/igor/Library/Mobile Documents/com~apple~CloudDocs/users/igor/github/api-wiser/api-wiser-http-client-templates/target/api-wiser-http-client-templates-0.0.1-SNAPSHOT.jar:/Users/igor/.m2/repository/org/metalib/net/url/jersey-url-builder/0.0.1/jersey-url-builder-0.0.1.jar:/Users/igor/.m2/repository/org/mapstruct/mapstruct/1.6.3/mapstruct-1.6.3.jar:"/>
    <property name="java.vm.vendor" value="Eclipse Adoptium"/>
    <property name="sun.arch.data.model" value="64"/>
    <property name="java.vendor.url" value="https://adoptium.net/"/>
    <property name="user.timezone" value="America/Chicago"/>
    <property name="os.name" value="Mac OS X"/>
    <property name="java.vm.specification.version" value="21"/>
    <property name="sun.java.launcher" value="SUN_STANDARD"/>
    <property name="user.country" value="US"/>
    <property name="sun.boot.library.path" value="/Users/igor/.sdkman/candidates/java/21.0.7-tem/lib"/>
    <property name="sun.java.command" value="/Users/igor/Library/Mobile Documents/com~apple~CloudDocs/users/igor/github/api-wiser/api-wiser-core/target/surefire/surefirebooter-20250518201229074_12.jar /Users/igor/Library/Mobile Documents/com~apple~CloudDocs/users/igor/github/api-wiser/api-wiser-core/target/surefire 2025-05-18T20-12-25_488-jvmRun1 surefire-20250518201229074_10tmp surefire_3-20250518201229074_11tmp"/>
    <property name="http.nonProxyHosts" value="local|*.local|169.254/16|*.169.254/16"/>
    <property name="jdk.debug" value="release"/>
    <property name="surefire.test.class.path" value="/Users/igor/Library/Mobile Documents/com~apple~CloudDocs/users/igor/github/api-wiser/api-wiser-core/target/test-classes:/Users/igor/Library/Mobile Documents/com~apple~CloudDocs/users/igor/github/api-wiser/api-wiser-core/target/classes:/Users/igor/Library/Mobile Documents/com~apple~CloudDocs/users/igor/github/api-wiser/api-wiser-template-api/target/api-wiser-template-api-0.0.1-SNAPSHOT.jar:/Users/igor/Library/Mobile Documents/com~apple~CloudDocs/users/igor/github/api-wiser/api-wiser-javapoet/target/api-wiser-javapoet-0.0.1-SNAPSHOT.jar:/Users/igor/.m2/repository/org/projectlombok/lombok/1.18.38/lombok-1.18.38.jar:/Users/igor/.m2/repository/jakarta/validation/jakarta.validation-api/3.1.1/jakarta.validation-api-3.1.1.jar:/Users/igor/.m2/repository/com/squareup/javapoet/1.13.0/javapoet-1.13.0.jar:/Users/igor/.m2/repository/org/antlr/ST4/4.3.4/ST4-4.3.4.jar:/Users/igor/.m2/repository/org/antlr/antlr-runtime/3.5.3/antlr-runtime-3.5.3.jar:/Users/igor/.m2/repository/com/fasterxml/jackson/module/jackson-module-jsonSchema/2.19.0/jackson-module-jsonSchema-2.19.0.jar:/Users/igor/.m2/repository/javax/validation/validation-api/1.1.0.Final/validation-api-1.1.0.Final.jar:/Users/igor/.m2/repository/com/fasterxml/jackson/core/jackson-annotations/2.19.0/jackson-annotations-2.19.0.jar:/Users/igor/.m2/repository/com/fasterxml/jackson/core/jackson-core/2.19.0/jackson-core-2.19.0.jar:/Users/igor/.m2/repository/com/fasterxml/jackson/core/jackson-databind/2.19.0/jackson-databind-2.19.0.jar:/Users/igor/.m2/repository/com/fasterxml/jackson/dataformat/jackson-dataformat-yaml/2.19.0/jackson-dataformat-yaml-2.19.0.jar:/Users/igor/.m2/repository/org/yaml/snakeyaml/2.4/snakeyaml-2.4.jar:/Users/igor/.m2/repository/org/springframework/spring-web/6.2.6/spring-web-6.2.6.jar:/Users/igor/.m2/repository/org/springframework/spring-beans/6.2.6/spring-beans-6.2.6.jar:/Users/igor/.m2/repository/org/springframework/spring-core/6.2.6/spring-core-6.2.6.jar:/Users/igor/.m2/repository/org/springframework/spring-jcl/6.2.6/spring-jcl-6.2.6.jar:/Users/igor/.m2/repository/io/micrometer/micrometer-observation/1.14.6/micrometer-observation-1.14.6.jar:/Users/igor/.m2/repository/io/micrometer/micrometer-commons/1.14.6/micrometer-commons-1.14.6.jar:/Users/igor/.m2/repository/org/springframework/boot/spring-boot-starter/3.4.5/spring-boot-starter-3.4.5.jar:/Users/igor/.m2/repository/org/springframework/boot/spring-boot/3.4.5/spring-boot-3.4.5.jar:/Users/igor/.m2/repository/org/springframework/spring-context/6.2.6/spring-context-6.2.6.jar:/Users/igor/.m2/repository/org/springframework/spring-aop/6.2.6/spring-aop-6.2.6.jar:/Users/igor/.m2/repository/org/springframework/spring-expression/6.2.6/spring-expression-6.2.6.jar:/Users/igor/.m2/repository/org/springframework/boot/spring-boot-autoconfigure/3.4.5/spring-boot-autoconfigure-3.4.5.jar:/Users/igor/.m2/repository/org/springframework/boot/spring-boot-starter-logging/3.4.5/spring-boot-starter-logging-3.4.5.jar:/Users/igor/.m2/repository/ch/qos/logback/logback-classic/1.5.18/logback-classic-1.5.18.jar:/Users/igor/.m2/repository/ch/qos/logback/logback-core/1.5.18/logback-core-1.5.18.jar:/Users/igor/.m2/repository/org/apache/logging/log4j/log4j-to-slf4j/2.24.3/log4j-to-slf4j-2.24.3.jar:/Users/igor/.m2/repository/org/apache/logging/log4j/log4j-api/2.24.3/log4j-api-2.24.3.jar:/Users/igor/.m2/repository/org/slf4j/jul-to-slf4j/2.0.17/jul-to-slf4j-2.0.17.jar:/Users/igor/.m2/repository/jakarta/annotation/jakarta.annotation-api/2.1.1/jakarta.annotation-api-2.1.1.jar:/Users/igor/.m2/repository/org/slf4j/slf4j-api/2.0.17/slf4j-api-2.0.17.jar:/Users/igor/.m2/repository/org/slf4j/slf4j-simple/2.0.17/slf4j-simple-2.0.17.jar:/Users/igor/.m2/repository/org/openapitools/openapi-generator/7.13.0/openapi-generator-7.13.0.jar:/Users/igor/.m2/repository/io/swagger/parser/v3/swagger-parser/2.1.22/swagger-parser-2.1.22.jar:/Users/igor/.m2/repository/io/swagger/parser/v3/swagger-parser-v2-converter/2.1.22/swagger-parser-v2-converter-2.1.22.jar:/Users/igor/.m2/repository/io/swagger/swagger-core/1.6.14/swagger-core-1.6.14.jar:/Users/igor/.m2/repository/jakarta/xml/bind/jakarta.xml.bind-api/4.0.2/jakarta.xml.bind-api-4.0.2.jar:/Users/igor/.m2/repository/jakarta/activation/jakarta.activation-api/2.1.3/jakarta.activation-api-2.1.3.jar:/Users/igor/.m2/repository/io/swagger/swagger-models/1.6.14/swagger-models-1.6.14.jar:/Users/igor/.m2/repository/io/swagger/swagger-annotations/1.6.14/swagger-annotations-1.6.14.jar:/Users/igor/.m2/repository/io/swagger/swagger-parser/1.0.70/swagger-parser-1.0.70.jar:/Users/igor/.m2/repository/io/swagger/swagger-parser-safe-url-resolver/1.0.70/swagger-parser-safe-url-resolver-1.0.70.jar:/Users/igor/.m2/repository/io/swagger/swagger-compat-spec-parser/1.0.70/swagger-compat-spec-parser-1.0.70.jar:/Users/igor/.m2/repository/com/github/java-json-tools/json-schema-validator/2.2.14/json-schema-validator-2.2.14.jar:/Users/igor/.m2/repository/com/github/java-json-tools/jackson-coreutils-equivalence/1.0/jackson-coreutils-equivalence-1.0.jar:/Users/igor/.m2/repository/com/github/java-json-tools/json-schema-core/1.2.14/json-schema-core-1.2.14.jar:/Users/igor/.m2/repository/com/github/java-json-tools/uri-template/0.10/uri-template-0.10.jar:/Users/igor/.m2/repository/org/mozilla/rhino/1.7.7.2/rhino-1.7.7.2.jar:/Users/igor/.m2/repository/com/googlecode/libphonenumber/libphonenumber/8.11.1/libphonenumber-8.11.1.jar:/Users/igor/.m2/repository/com/google/code/findbugs/jsr305/3.0.2/jsr305-3.0.2.jar:/Users/igor/.m2/repository/net/sf/jopt-simple/jopt-simple/5.0.4/jopt-simple-5.0.4.jar:/Users/igor/.m2/repository/com/github/java-json-tools/json-patch/1.13/json-patch-1.13.jar:/Users/igor/.m2/repository/com/github/java-json-tools/msg-simple/1.2/msg-simple-1.2.jar:/Users/igor/.m2/repository/com/github/java-json-tools/btf/1.3/btf-1.3.jar:/Users/igor/.m2/repository/com/github/java-json-tools/jackson-coreutils/2.0/jackson-coreutils-2.0.jar:/Users/igor/.m2/repository/org/apache/httpcomponents/httpclient/4.5.14/httpclient-4.5.14.jar:/Users/igor/.m2/repository/org/apache/httpcomponents/httpcore/4.4.16/httpcore-4.4.16.jar:/Users/igor/.m2/repository/commons-logging/commons-logging/1.2/commons-logging-1.2.jar:/Users/igor/.m2/repository/commons-codec/commons-codec/1.17.2/commons-codec-1.17.2.jar:/Users/igor/.m2/repository/io/swagger/core/v3/swagger-models/2.2.21/swagger-models-2.2.21.jar:/Users/igor/.m2/repository/io/swagger/parser/v3/swagger-parser-core/2.1.22/swagger-parser-core-2.1.22.jar:/Users/igor/.m2/repository/io/swagger/parser/v3/swagger-parser-v3/2.1.22/swagger-parser-v3-2.1.22.jar:/Users/igor/.m2/repository/io/swagger/core/v3/swagger-core/2.2.21/swagger-core-2.2.21.jar:/Users/igor/.m2/repository/com/fasterxml/jackson/datatype/jackson-datatype-jsr310/2.19.0/jackson-datatype-jsr310-2.19.0.jar:/Users/igor/.m2/repository/io/swagger/core/v3/swagger-annotations/2.2.21/swagger-annotations-2.2.21.jar:/Users/igor/.m2/repository/io/swagger/parser/v3/swagger-parser-safe-url-resolver/2.1.22/swagger-parser-safe-url-resolver-2.1.22.jar:/Users/igor/.m2/repository/com/samskivert/jmustache/1.16/jmustache-1.16.jar:/Users/igor/.m2/repository/com/github/jknack/handlebars/4.3.1/handlebars-4.3.1.jar:/Users/igor/.m2/repository/com/github/jknack/handlebars-jackson2/4.3.1/handlebars-jackson2-4.3.1.jar:/Users/igor/.m2/repository/commons-io/commons-io/2.16.1/commons-io-2.16.1.jar:/Users/igor/.m2/repository/org/slf4j/slf4j-ext/2.0.17/slf4j-ext-2.0.17.jar:/Users/igor/.m2/repository/org/apache/commons/commons-lang3/3.17.0/commons-lang3-3.17.0.jar:/Users/igor/.m2/repository/org/apache/commons/commons-text/1.10.0/commons-text-1.10.0.jar:/Users/igor/.m2/repository/org/apache/maven/resolver/maven-resolver-util/1.9.18/maven-resolver-util-1.9.18.jar:/Users/igor/.m2/repository/org/apache/maven/resolver/maven-resolver-api/1.9.18/maven-resolver-api-1.9.18.jar:/Users/igor/.m2/repository/commons-cli/commons-cli/1.5.0/commons-cli-1.5.0.jar:/Users/igor/.m2/repository/com/google/guava/guava/33.4.8-jre/guava-33.4.8-jre.jar:/Users/igor/.m2/repository/com/google/guava/failureaccess/1.0.3/failureaccess-1.0.3.jar:/Users/igor/.m2/repository/com/google/guava/listenablefuture/9999.0-empty-to-avoid-conflict-with-guava/listenablefuture-9999.0-empty-to-avoid-conflict-with-guava.jar:/Users/igor/.m2/repository/org/jspecify/jspecify/1.0.0/jspecify-1.0.0.jar:/Users/igor/.m2/repository/com/google/errorprone/error_prone_annotations/2.36.0/error_prone_annotations-2.36.0.jar:/Users/igor/.m2/repository/com/google/j2objc/j2objc-annotations/3.0.0/j2objc-annotations-3.0.0.jar:/Users/igor/.m2/repository/com/fasterxml/jackson/datatype/jackson-datatype-guava/2.19.0/jackson-datatype-guava-2.19.0.jar:/Users/igor/.m2/repository/org/commonmark/commonmark/0.21.0/commonmark-0.21.0.jar:/Users/igor/.m2/repository/com/github/mifmif/generex/1.0.2/generex-1.0.2.jar:/Users/igor/.m2/repository/dk/brics/automaton/automaton/1.11-8/automaton-1.11-8.jar:/Users/igor/.m2/repository/com/github/curious-odd-man/rgxgen/1.4/rgxgen-1.4.jar:/Users/igor/.m2/repository/com/fasterxml/jackson/datatype/jackson-datatype-joda/2.19.0/jackson-datatype-joda-2.19.0.jar:/Users/igor/.m2/repository/joda-time/joda-time/2.12.7/joda-time-2.12.7.jar:/Users/igor/.m2/repository/com/github/joschi/jackson/jackson-datatype-threetenbp/2.18.2/jackson-datatype-threetenbp-2.18.2.jar:/Users/igor/.m2/repository/org/threeten/threetenbp/1.7.0/threetenbp-1.7.0.jar:/Users/igor/.m2/repository/org/openapitools/openapi-generator-core/7.13.0/openapi-generator-core-7.13.0.jar:/Users/igor/.m2/repository/net/java/dev/jna/jna/5.12.1/jna-5.12.1.jar:/Users/igor/.m2/repository/com/github/ben-manes/caffeine/caffeine/3.1.8/caffeine-3.1.8.jar:/Users/igor/.m2/repository/org/checkerframework/checker-qual/3.37.0/checker-qual-3.37.0.jar:/Users/igor/.m2/repository/org/junit/jupiter/junit-jupiter/5.12.1/junit-jupiter-5.12.1.jar:/Users/igor/.m2/repository/org/junit/jupiter/junit-jupiter-api/5.12.1/junit-jupiter-api-5.12.1.jar:/Users/igor/.m2/repository/org/opentest4j/opentest4j/1.3.0/opentest4j-1.3.0.jar:/Users/igor/.m2/repository/org/junit/platform/junit-platform-commons/1.12.1/junit-platform-commons-1.12.1.jar:/Users/igor/.m2/repository/org/apiguardian/apiguardian-api/1.1.2/apiguardian-api-1.1.2.jar:/Users/igor/.m2/repository/org/junit/jupiter/junit-jupiter-params/5.12.1/junit-jupiter-params-5.12.1.jar:/Users/igor/.m2/repository/org/junit/jupiter/junit-jupiter-engine/5.12.1/junit-jupiter-engine-5.12.1.jar:/Users/igor/.m2/repository/org/junit/platform/junit-platform-engine/1.12.1/junit-platform-engine-1.12.1.jar:/Users/igor/Library/Mobile Documents/com~apple~CloudDocs/users/igor/github/api-wiser/api-wiser-maven-templates/target/api-wiser-maven-templates-0.0.1-SNAPSHOT.jar:/Users/igor/.m2/repository/io/fabric8/maven-model-helper/37/maven-model-helper-37.jar:/Users/igor/.m2/repository/org/apache/maven/maven-model/3.9.9/maven-model-3.9.9.jar:/Users/igor/.m2/repository/org/codehaus/plexus/plexus-utils/3.5.1/plexus-utils-3.5.1.jar:/Users/igor/.m2/repository/org/jdom/jdom2/2.0.6.1/jdom2-2.0.6.1.jar:/Users/igor/Library/Mobile Documents/com~apple~CloudDocs/users/igor/github/api-wiser/api-wiser-spring-app-templates/target/api-wiser-spring-app-templates-0.0.1-SNAPSHOT.jar:/Users/igor/Library/Mobile Documents/com~apple~CloudDocs/users/igor/github/api-wiser/api-wiser-http-client-templates/target/api-wiser-http-client-templates-0.0.1-SNAPSHOT.jar:/Users/igor/.m2/repository/org/metalib/net/url/jersey-url-builder/0.0.1/jersey-url-builder-0.0.1.jar:/Users/igor/.m2/repository/org/mapstruct/mapstruct/1.6.3/mapstruct-1.6.3.jar:"/>
    <property name="sun.cpu.endian" value="little"/>
    <property name="user.home" value="/Users/igor"/>
    <property name="user.language" value="en"/>
    <property name="java.specification.vendor" value="Oracle Corporation"/>
    <property name="java.version.date" value="2025-04-15"/>
    <property name="java.home" value="/Users/igor/.sdkman/candidates/java/21.0.7-tem"/>
    <property name="file.separator" value="/"/>
    <property name="basedir" value="/Users/igor/Library/Mobile Documents/com~apple~CloudDocs/users/igor/github/api-wiser/api-wiser-core"/>
    <property name="java.vm.compressedOopsMode" value="Zero based"/>
    <property name="line.separator" value="&#10;"/>
    <property name="java.vm.specification.vendor" value="Oracle Corporation"/>
    <property name="java.specification.name" value="Java Platform API Specification"/>
    <property name="apple.awt.application.name" value="ForkedBooter"/>
    <property name="surefire.real.class.path" value="/Users/igor/Library/Mobile Documents/com~apple~CloudDocs/users/igor/github/api-wiser/api-wiser-core/target/surefire/surefirebooter-20250518201229074_12.jar"/>
    <property name="sun.management.compiler" value="HotSpot 64-Bit Tiered Compilers"/>
    <property name="ftp.nonProxyHosts" value="local|*.local|169.254/16|*.169.254/16"/>
    <property name="java.runtime.version" value="21.0.7+6-LTS"/>
    <property name="user.name" value="igor"/>
    <property name="stdout.encoding" value="UTF-8"/>
    <property name="path.separator" value=":"/>
    <property name="api-wiser.version" value="0.0.1-SNAPSHOT"/>
    <property name="os.version" value="15.4.1"/>
    <property name="java.runtime.name" value="OpenJDK Runtime Environment"/>
    <property name="file.encoding" value="UTF-8"/>
    <property name="java.vm.name" value="OpenJDK 64-Bit Server VM"/>
    <property name="java.vendor.version" value="Temurin-21.0.7+6"/>
    <property name="localRepository" value="/Users/igor/.m2/repository"/>
    <property name="java.vendor.url.bug" value="https://github.com/adoptium/adoptium-support/issues"/>
    <property name="java.io.tmpdir" value="/var/folders/td/2nwxw4491y3gbzvb0grhby0r0000gn/T/"/>
    <property name="java.version" value="21.0.7"/>
    <property name="user.dir" value="/Users/igor/Library/Mobile Documents/com~apple~CloudDocs/users/igor/github/api-wiser/api-wiser-core"/>
    <property name="os.arch" value="aarch64"/>
    <property name="java.vm.specification.name" value="Java Virtual Machine Specification"/>
    <property name="native.encoding" value="UTF-8"/>
    <property name="java.library.path" value="/Users/igor/Library/Java/Extensions:/Library/Java/Extensions:/Network/Library/Java/Extensions:/System/Library/Java/Extensions:/usr/lib/java:."/>
    <property name="java.vm.info" value="mixed mode, sharing"/>
    <property name="stderr.encoding" value="UTF-8"/>
    <property name="java.vendor" value="Eclipse Adoptium"/>
    <property name="java.vm.version" value="21.0.7+6-LTS"/>
    <property name="sun.io.unicode.encoding" value="UnicodeBig"/>
    <property name="socksNonProxyHosts" value="local|*.local|169.254/16|*.169.254/16"/>
    <property name="java.class.version" value="65.0"/>
  </properties>
  <testcase name="testJavaGenerator" classname="org.metalib.wiser.api.core.OpenApiPostmanTest" time="0.0">
    <skipped message="void org.metalib.wiser.api.core.OpenApiPostmanTest.testJavaGenerator() is @Disabled"/>
  </testcase>
  <testcase name="testFastHttpBin" classname="org.metalib.wiser.api.core.OpenApiPostmanTest" time="0.51">
    <system-out><![CDATA[20:12:29.493 [main] INFO org.openapitools.codegen.DefaultGenerator -- Generating with dryRun=false
20:12:29.832 [main] INFO org.openapitools.codegen.ignore.CodegenIgnoreProcessor -- Output directory (/Users/igor/Library/Mobile Documents/com~apple~CloudDocs/users/igor/github/api-wiser/api-wiser-core/target/fast-http-bin) does not exist, or is inaccessible. No file (.openapi-generator-ignore) will be evaluated.
20:12:29.832 [main] INFO org.openapitools.codegen.DefaultGenerator -- OpenAPI Generator: api-wiser (other)
20:12:29.832 [main] INFO org.openapitools.codegen.DefaultGenerator -- Generator 'api-wiser' is considered stable.
20:12:29.834 [main] INFO org.openapitools.codegen.languages.AbstractJavaCodegen -- Environment variable JAVA_POST_PROCESS_FILE not defined so the Java code may not be properly formatted. To define it, try 'export JAVA_POST_PROCESS_FILE="/usr/local/bin/clang-format -i"' (Linux/Mac)
20:12:29.834 [main] INFO org.openapitools.codegen.languages.AbstractJavaCodegen -- NOTE: To enable file post-processing, 'enablePostProcessFile' must be set to `true` (--enable-post-process-file for CLI).
20:12:29.835 [main] INFO org.openapitools.codegen.languages.AbstractJavaCodegen -- Invoker Package Name, originally not set, is now derived from api package name: org.metalib.bin.http.fast
20:12:29.856 [main] INFO org.openapitools.codegen.InlineModelResolver -- Inline schema created as Location_inner. To have complete control of the model name, set the `title` field or use the modelNameMapping option (e.g. --model-name-mappings Location_inner=NewModel,ModelA=NewModelA in CLI) or inlineSchemaNameMapping option (--inline-schema-name-mappings Location_inner=NewModel,ModelA=NewModelA in CLI).
20:12:29.856 [main] INFO org.openapitools.codegen.languages.AbstractJavaCodegen -- Processing operation get_get_get
20:12:29.857 [main] INFO org.openapitools.codegen.languages.AbstractJavaCodegen -- Processing operation get_get_args_get
20:12:29.857 [main] INFO org.openapitools.codegen.languages.AbstractJavaCodegen -- Processing operation post_post_post
20:12:29.857 [main] INFO org.openapitools.codegen.languages.AbstractJavaCodegen -- Processing operation put_put_put
20:12:29.857 [main] INFO org.openapitools.codegen.languages.AbstractJavaCodegen -- Processing operation patch_patch_patch
20:12:29.857 [main] INFO org.openapitools.codegen.languages.AbstractJavaCodegen -- Processing operation delete_delete_delete
20:12:29.857 [main] INFO org.openapitools.codegen.languages.AbstractJavaCodegen -- Processing operation get_status__codes__get
20:12:29.857 [main] INFO org.openapitools.codegen.languages.AbstractJavaCodegen -- Processing operation get_status__codes__put
20:12:29.857 [main] INFO org.openapitools.codegen.languages.AbstractJavaCodegen -- Processing operation get_status__codes__post
20:12:29.857 [main] INFO org.openapitools.codegen.languages.AbstractJavaCodegen -- Processing operation get_status__codes__delete
20:12:29.857 [main] INFO org.openapitools.codegen.languages.AbstractJavaCodegen -- Processing operation get_status__codes__patch
20:12:29.857 [main] INFO org.openapitools.codegen.languages.AbstractJavaCodegen -- Processing operation get_headers_get
20:12:29.857 [main] INFO org.openapitools.codegen.languages.AbstractJavaCodegen -- Processing operation ip_ip_get
20:12:29.857 [main] INFO org.openapitools.codegen.languages.AbstractJavaCodegen -- Processing operation ipv4_ip_v4_get
20:12:29.857 [main] INFO org.openapitools.codegen.languages.AbstractJavaCodegen -- Processing operation ipv6_ip_v6_get
20:12:29.857 [main] INFO org.openapitools.codegen.languages.AbstractJavaCodegen -- Processing operation user_agent_user_agent_get
20:12:29.858 [main] INFO org.openapitools.codegen.languages.AbstractJavaCodegen -- Processing operation cache_cache_get
20:12:29.858 [main] INFO org.openapitools.codegen.languages.AbstractJavaCodegen -- Processing operation cache_seconds_cache__seconds__get
20:12:29.858 [main] INFO org.openapitools.codegen.languages.AbstractJavaCodegen -- Processing operation etag_etag__etag__get
20:12:29.858 [main] INFO org.openapitools.codegen.languages.AbstractJavaCodegen -- Processing operation response_headers_get_response_headers_get
20:12:29.858 [main] INFO org.openapitools.codegen.languages.AbstractJavaCodegen -- Processing operation html_html_get
20:12:29.858 [main] INFO org.openapitools.codegen.languages.AbstractJavaCodegen -- Processing operation json_json_get
20:12:29.858 [main] INFO org.openapitools.codegen.languages.AbstractJavaCodegen -- Processing operation robots_txt_robots_txt_get
20:12:29.858 [main] INFO org.openapitools.codegen.languages.AbstractJavaCodegen -- Processing operation deny_deny_get
20:12:29.858 [main] INFO org.openapitools.codegen.languages.AbstractJavaCodegen -- Processing operation xml_xml_get
20:12:29.858 [main] INFO org.openapitools.codegen.languages.AbstractJavaCodegen -- Processing operation utf8_encoding_utf8_get
20:12:29.858 [main] INFO org.openapitools.codegen.languages.AbstractJavaCodegen -- Processing operation qrcode_post_form_qrcode_form_post
20:12:29.858 [main] INFO org.openapitools.codegen.languages.AbstractJavaCodegen -- Processing operation qrcode_post_qrcode_json_post
20:12:29.858 [main] INFO org.openapitools.codegen.languages.AbstractJavaCodegen -- Processing operation get_redirect__n__get
20:12:29.858 [main] INFO org.openapitools.codegen.languages.AbstractJavaCodegen -- Processing operation put_redirect__n__put
20:12:29.858 [main] INFO org.openapitools.codegen.languages.AbstractJavaCodegen -- Processing operation post_redirect__n__post
20:12:29.858 [main] INFO org.openapitools.codegen.languages.AbstractJavaCodegen -- Processing operation delete_redirect__n__delete
20:12:29.858 [main] INFO org.openapitools.codegen.languages.AbstractJavaCodegen -- Processing operation patch_redirect__n__patch
20:12:29.858 [main] INFO org.openapitools.codegen.languages.AbstractJavaCodegen -- Processing operation get_anything_get
20:12:29.858 [main] INFO org.openapitools.codegen.languages.AbstractJavaCodegen -- Processing operation put_anything_put
20:12:29.858 [main] INFO org.openapitools.codegen.languages.AbstractJavaCodegen -- Processing operation post_anything_post
20:12:29.858 [main] INFO org.openapitools.codegen.languages.AbstractJavaCodegen -- Processing operation delete_anything_delete
20:12:29.858 [main] INFO org.openapitools.codegen.languages.AbstractJavaCodegen -- Processing operation patch_anything_patch
20:12:29.858 [main] INFO org.openapitools.codegen.languages.AbstractJavaCodegen -- Processing operation get_cookies_get
20:12:29.858 [main] INFO org.openapitools.codegen.languages.AbstractJavaCodegen -- Processing operation put_cookies_put
20:12:29.859 [main] INFO org.openapitools.codegen.languages.AbstractJavaCodegen -- Processing operation delete_cookies_delete
20:12:29.859 [main] INFO org.openapitools.codegen.languages.AbstractJavaCodegen -- Processing operation get_images_jpeg_get
20:12:29.859 [main] INFO org.openapitools.codegen.languages.AbstractJavaCodegen -- Processing operation get_images_png_get
20:12:29.859 [main] INFO org.openapitools.codegen.languages.AbstractJavaCodegen -- Processing operation get_images_heic_get
20:12:29.859 [main] INFO org.openapitools.codegen.languages.AbstractJavaCodegen -- Processing operation get_images_webp_get
20:12:29.859 [main] INFO org.openapitools.codegen.languages.AbstractJavaCodegen -- Processing operation uuid_uuid_get
20:12:29.859 [main] INFO org.openapitools.codegen.languages.AbstractJavaCodegen -- Processing operation uuid_qrcode_uuid_qrcode_get
20:12:29.859 [main] INFO org.openapitools.codegen.languages.AbstractJavaCodegen -- Processing operation uuid_qrcode_qrcode_uuid_qrcode__uuid__get
20:12:29.859 [main] INFO org.openapitools.codegen.languages.AbstractJavaCodegen -- Processing operation delay_delay__seconds__get
20:12:29.859 [main] INFO org.openapitools.codegen.languages.AbstractJavaCodegen -- Processing operation stream_stream__n__get
20:12:29.859 [main] INFO org.openapitools.codegen.languages.AbstractJavaCodegen -- Processing operation stream_chars_stream_chars__n___rate__get
20:12:29.859 [main] INFO org.openapitools.codegen.languages.AbstractJavaCodegen -- Processing operation stream_chars_complete_stream_chars_complete__n___rate__get
20:12:29.859 [main] INFO org.openapitools.codegen.languages.AbstractJavaCodegen -- Processing operation test_password_manager_form_test_password_manager_form_post_post
20:12:29.859 [main] INFO org.openapitools.codegen.languages.AbstractJavaCodegen -- Processing operation version_version_get
20:12:29.859 [main] INFO org.openapitools.codegen.languages.AbstractJavaCodegen -- Processing operation favicon_favicon_ico_get
20:12:29.859 [main] INFO org.openapitools.codegen.languages.AbstractJavaCodegen -- Processing operation logo_static_logo_png_get
20:12:29.862 [main] INFO org.openapitools.codegen.utils.URLPathUtils -- 'host' (OAS 2.0) or 'servers' (OAS 3.0) not defined in the spec. Default to [http://localhost] for server URL [http://localhost/]
20:12:29.868 [main] INFO org.openapitools.codegen.utils.URLPathUtils -- 'host' (OAS 2.0) or 'servers' (OAS 3.0) not defined in the spec. Default to [http://localhost] for server URL [http://localhost/]
20:12:29.870 [main] INFO org.openapitools.codegen.DefaultGenerator -- Model Body_qrcode_post_form_qrcode_form_post not generated since it's marked as unused (due to form parameters) and `skipFormModel` (global property) set to true (default)
20:12:29.870 [main] INFO org.openapitools.codegen.DefaultGenerator -- Model Body_test_password_manager_form_test_password_manager_form_post_post not generated since it's marked as unused (due to form parameters) and `skipFormModel` (global property) set to true (default)
20:12:29.930 [main] WARN org.openapitools.codegen.utils.ExamplesUtils -- No application/json content media type found in response. Response examples can currently only be generated for application/json media type.
20:12:29.957 [main] INFO org.openapitools.codegen.utils.URLPathUtils -- 'host' (OAS 2.0) or 'servers' (OAS 3.0) not defined in the spec. Default to [http://localhost] for server URL [http://localhost/]
20:12:29.963 [main] INFO org.openapitools.codegen.utils.URLPathUtils -- 'host' (OAS 2.0) or 'servers' (OAS 3.0) not defined in the spec. Default to [http://localhost] for server URL [http://localhost/]
20:12:29.963 [main] INFO org.openapitools.codegen.utils.URLPathUtils -- 'host' (OAS 2.0) or 'servers' (OAS 3.0) not defined in the spec. Default to [http://localhost] for server URL [http://localhost/]
20:12:29.964 [main] INFO org.openapitools.codegen.utils.URLPathUtils -- 'host' (OAS 2.0) or 'servers' (OAS 3.0) not defined in the spec. Default to [http://localhost] for server URL [http://localhost/]
20:12:29.964 [main] INFO org.openapitools.codegen.utils.URLPathUtils -- 'host' (OAS 2.0) or 'servers' (OAS 3.0) not defined in the spec. Default to [http://localhost] for server URL [http://localhost/]
20:12:29.964 [main] INFO org.openapitools.codegen.utils.URLPathUtils -- 'host' (OAS 2.0) or 'servers' (OAS 3.0) not defined in the spec. Default to [http://localhost] for server URL [http://localhost/]
20:12:29.965 [main] INFO org.openapitools.codegen.utils.URLPathUtils -- 'host' (OAS 2.0) or 'servers' (OAS 3.0) not defined in the spec. Default to [http://localhost] for server URL [http://localhost/]
20:12:29.965 [main] INFO org.openapitools.codegen.utils.URLPathUtils -- 'host' (OAS 2.0) or 'servers' (OAS 3.0) not defined in the spec. Default to [http://localhost] for server URL [http://localhost/]
20:12:29.965 [main] INFO org.openapitools.codegen.utils.URLPathUtils -- 'host' (OAS 2.0) or 'servers' (OAS 3.0) not defined in the spec. Default to [http://localhost] for server URL [http://localhost/]
20:12:29.966 [main] INFO org.openapitools.codegen.utils.URLPathUtils -- 'host' (OAS 2.0) or 'servers' (OAS 3.0) not defined in the spec. Default to [http://localhost] for server URL [http://localhost/]
20:12:29.966 [main] INFO org.openapitools.codegen.utils.URLPathUtils -- 'host' (OAS 2.0) or 'servers' (OAS 3.0) not defined in the spec. Default to [http://localhost] for server URL [http://localhost/]
20:12:29.966 [main] INFO org.openapitools.codegen.utils.URLPathUtils -- 'host' (OAS 2.0) or 'servers' (OAS 3.0) not defined in the spec. Default to [http://localhost] for server URL [http://localhost/]
20:12:29.967 [main] INFO org.openapitools.codegen.utils.URLPathUtils -- 'host' (OAS 2.0) or 'servers' (OAS 3.0) not defined in the spec. Default to [http://localhost] for server URL [http://localhost/]
20:12:29.967 [main] INFO org.openapitools.codegen.utils.URLPathUtils -- 'host' (OAS 2.0) or 'servers' (OAS 3.0) not defined in the spec. Default to [http://localhost] for server URL [http://localhost/]
20:12:29.969 [main] INFO org.openapitools.codegen.utils.URLPathUtils -- 'host' (OAS 2.0) or 'servers' (OAS 3.0) not defined in the spec. Default to [http://localhost] for server URL [http://localhost/]
20:12:29.969 [main] INFO org.openapitools.codegen.utils.URLPathUtils -- 'host' (OAS 2.0) or 'servers' (OAS 3.0) not defined in the spec. Default to [http://localhost] for server URL [http://localhost/]
20:12:29.969 [main] INFO org.openapitools.codegen.utils.URLPathUtils -- 'host' (OAS 2.0) or 'servers' (OAS 3.0) not defined in the spec. Default to [http://localhost] for server URL [http://localhost/]
20:12:29.970 [main] INFO org.openapitools.codegen.utils.URLPathUtils -- 'host' (OAS 2.0) or 'servers' (OAS 3.0) not defined in the spec. Default to [http://localhost] for server URL [http://localhost/]
20:12:29.970 [main] INFO org.openapitools.codegen.utils.URLPathUtils -- 'host' (OAS 2.0) or 'servers' (OAS 3.0) not defined in the spec. Default to [http://localhost] for server URL [http://localhost/]
20:12:29.970 [main] INFO org.openapitools.codegen.utils.URLPathUtils -- 'host' (OAS 2.0) or 'servers' (OAS 3.0) not defined in the spec. Default to [http://localhost] for server URL [http://localhost/]
20:12:29.971 [main] INFO org.openapitools.codegen.utils.URLPathUtils -- 'host' (OAS 2.0) or 'servers' (OAS 3.0) not defined in the spec. Default to [http://localhost] for server URL [http://localhost/]
20:12:29.971 [main] INFO org.openapitools.codegen.utils.URLPathUtils -- 'host' (OAS 2.0) or 'servers' (OAS 3.0) not defined in the spec. Default to [http://localhost] for server URL [http://localhost/]
20:12:29.972 [main] INFO org.openapitools.codegen.utils.URLPathUtils -- 'host' (OAS 2.0) or 'servers' (OAS 3.0) not defined in the spec. Default to [http://localhost] for server URL [http://localhost/]
20:12:29.972 [main] INFO org.openapitools.codegen.utils.URLPathUtils -- 'host' (OAS 2.0) or 'servers' (OAS 3.0) not defined in the spec. Default to [http://localhost] for server URL [http://localhost/]
20:12:29.973 [main] INFO org.openapitools.codegen.utils.URLPathUtils -- 'host' (OAS 2.0) or 'servers' (OAS 3.0) not defined in the spec. Default to [http://localhost] for server URL [http://localhost/]
20:12:29.973 [main] INFO org.openapitools.codegen.utils.URLPathUtils -- 'host' (OAS 2.0) or 'servers' (OAS 3.0) not defined in the spec. Default to [http://localhost] for server URL [http://localhost/]
20:12:29.974 [main] INFO org.openapitools.codegen.utils.URLPathUtils -- 'host' (OAS 2.0) or 'servers' (OAS 3.0) not defined in the spec. Default to [http://localhost] for server URL [http://localhost/]
20:12:29.974 [main] INFO org.openapitools.codegen.utils.URLPathUtils -- 'host' (OAS 2.0) or 'servers' (OAS 3.0) not defined in the spec. Default to [http://localhost] for server URL [http://localhost/]
20:12:29.975 [main] INFO org.openapitools.codegen.utils.URLPathUtils -- 'host' (OAS 2.0) or 'servers' (OAS 3.0) not defined in the spec. Default to [http://localhost] for server URL [http://localhost/]
20:12:29.975 [main] INFO org.openapitools.codegen.utils.URLPathUtils -- 'host' (OAS 2.0) or 'servers' (OAS 3.0) not defined in the spec. Default to [http://localhost] for server URL [http://localhost/]
20:12:29.976 [main] INFO org.openapitools.codegen.utils.URLPathUtils -- 'host' (OAS 2.0) or 'servers' (OAS 3.0) not defined in the spec. Default to [http://localhost] for server URL [http://localhost/]
20:12:29.978 [main] INFO org.openapitools.codegen.TemplateManager -- writing file /Users/igor/Library/Mobile Documents/com~apple~CloudDocs/users/igor/github/api-wiser/api-wiser-core/target/fast-http-bin/.openapi-generator/VERSION
20:12:29.979 [main] INFO org.openapitools.codegen.TemplateManager -- writing file /Users/igor/Library/Mobile Documents/com~apple~CloudDocs/users/igor/github/api-wiser/api-wiser-core/target/fast-http-bin/.openapi-generator/FILES
################################################################################
# Thanks for using OpenAPI Generator.                                          #
# Please consider donation to help us maintain this project 🙏                 #
# https://opencollective.com/openapi_generator/donate                          #
################################################################################
]]></system-out>
    <system-err><![CDATA[SLF4J(W): Class path contains multiple SLF4J providers.
SLF4J(W): Found provider [ch.qos.logback.classic.spi.LogbackServiceProvider@27d4a09]
SLF4J(W): Found provider [org.slf4j.simple.SimpleServiceProvider@7e4204e2]
SLF4J(W): See https://www.slf4j.org/codes.html#multiple_bindings for an explanation.
SLF4J(I): Actual provider is of type [ch.qos.logback.classic.spi.LogbackServiceProvider@27d4a09]
]]></system-err>
  </testcase>
  <testcase name="testJavaGenerator0" classname="org.metalib.wiser.api.core.OpenApiPostmanTest" time="0.578">
    <system-out><![CDATA[20:12:29.981 [main] INFO org.openapitools.codegen.DefaultGenerator -- Generating with dryRun=false
20:12:30.061 [main] INFO org.openapitools.codegen.ignore.CodegenIgnoreProcessor -- Output directory (/Users/igor/Library/Mobile Documents/com~apple~CloudDocs/users/igor/github/api-wiser/api-wiser-core/target/openapi/jaxrs-cxf-cdi) does not exist, or is inaccessible. No file (.openapi-generator-ignore) will be evaluated.
20:12:30.061 [main] INFO org.openapitools.codegen.DefaultGenerator -- OpenAPI Generator: jaxrs-cxf-cdi (server)
20:12:30.061 [main] INFO org.openapitools.codegen.DefaultGenerator -- Generator 'jaxrs-cxf-cdi' is considered stable.
20:12:30.062 [main] INFO org.openapitools.codegen.languages.AbstractJavaCodegen -- Environment variable JAVA_POST_PROCESS_FILE not defined so the Java code may not be properly formatted. To define it, try 'export JAVA_POST_PROCESS_FILE="/usr/local/bin/clang-format -i"' (Linux/Mac)
20:12:30.062 [main] INFO org.openapitools.codegen.languages.AbstractJavaCodegen -- NOTE: To enable file post-processing, 'enablePostProcessFile' must be set to `true` (--enable-post-process-file for CLI).
20:12:30.063 [main] WARN org.openapitools.codegen.utils.ModelUtils -- Failed to get the schema name: null
20:12:30.065 [main] INFO org.openapitools.codegen.languages.AbstractJavaCodegen -- Processing operation null
20:12:30.066 [main] INFO org.openapitools.codegen.languages.AbstractJavaCodegen -- Processing operation updatePet
20:12:30.066 [main] INFO org.openapitools.codegen.languages.AbstractJavaCodegen -- Processing operation addPet
20:12:30.066 [main] INFO org.openapitools.codegen.languages.AbstractJavaCodegen -- Processing operation findPetsByStatus
20:12:30.066 [main] INFO org.openapitools.codegen.languages.AbstractJavaCodegen -- Processing operation findPetsByTags
20:12:30.066 [main] INFO org.openapitools.codegen.languages.AbstractJavaCodegen -- Processing operation getPetById
20:12:30.066 [main] INFO org.openapitools.codegen.languages.AbstractJavaCodegen -- Processing operation updatePetWithForm
20:12:30.066 [main] INFO org.openapitools.codegen.languages.AbstractJavaCodegen -- Processing operation deletePet
20:12:30.066 [main] INFO org.openapitools.codegen.languages.AbstractJavaCodegen -- Processing operation uploadFile
20:12:30.066 [main] INFO org.openapitools.codegen.languages.AbstractJavaCodegen -- Processing operation getInventory
20:12:30.066 [main] INFO org.openapitools.codegen.languages.AbstractJavaCodegen -- Processing operation placeOrder
20:12:30.066 [main] INFO org.openapitools.codegen.languages.AbstractJavaCodegen -- Processing operation getOrderById
20:12:30.066 [main] INFO org.openapitools.codegen.languages.AbstractJavaCodegen -- Processing operation deleteOrder
20:12:30.066 [main] INFO org.openapitools.codegen.languages.AbstractJavaCodegen -- Processing operation createUser
20:12:30.066 [main] INFO org.openapitools.codegen.languages.AbstractJavaCodegen -- Processing operation createUsersWithArrayInput
20:12:30.066 [main] INFO org.openapitools.codegen.languages.AbstractJavaCodegen -- Processing operation createUsersWithListInput
20:12:30.066 [main] INFO org.openapitools.codegen.languages.AbstractJavaCodegen -- Processing operation loginUser
20:12:30.066 [main] INFO org.openapitools.codegen.languages.AbstractJavaCodegen -- Processing operation logoutUser
20:12:30.066 [main] INFO org.openapitools.codegen.languages.AbstractJavaCodegen -- Processing operation getUserByName
20:12:30.066 [main] INFO org.openapitools.codegen.languages.AbstractJavaCodegen -- Processing operation updateUser
20:12:30.066 [main] INFO org.openapitools.codegen.languages.AbstractJavaCodegen -- Processing operation deleteUser
20:12:30.066 [main] INFO org.openapitools.codegen.languages.AbstractJavaCodegen -- Processing operation testClassname
20:12:30.066 [main] INFO org.openapitools.codegen.languages.AbstractJavaCodegen -- Processing operation testEnumParameters
20:12:30.066 [main] INFO org.openapitools.codegen.languages.AbstractJavaCodegen -- Processing operation testEndpointParameters
20:12:30.066 [main] INFO org.openapitools.codegen.languages.AbstractJavaCodegen -- Processing operation testGroupParameters
20:12:30.066 [main] INFO org.openapitools.codegen.languages.AbstractJavaCodegen -- Processing operation testClientModel
20:12:30.066 [main] INFO org.openapitools.codegen.languages.AbstractJavaCodegen -- Processing operation fakeOuterNumberSerialize
20:12:30.066 [main] INFO org.openapitools.codegen.languages.AbstractJavaCodegen -- Processing operation fakeOuterStringSerialize
20:12:30.066 [main] INFO org.openapitools.codegen.languages.AbstractJavaCodegen -- Processing operation fakeOuterBooleanSerialize
20:12:30.066 [main] INFO org.openapitools.codegen.languages.AbstractJavaCodegen -- Processing operation fakeOuterCompositeSerialize
20:12:30.066 [main] INFO org.openapitools.codegen.languages.AbstractJavaCodegen -- Processing operation fakeBigDecimalMap
20:12:30.066 [main] INFO org.openapitools.codegen.languages.AbstractJavaCodegen -- Processing operation testJsonFormData
20:12:30.066 [main] INFO org.openapitools.codegen.languages.AbstractJavaCodegen -- Processing operation testInlineAdditionalProperties
20:12:30.066 [main] INFO org.openapitools.codegen.languages.AbstractJavaCodegen -- Processing operation testBodyWithQueryParams
20:12:30.066 [main] INFO org.openapitools.codegen.languages.AbstractJavaCodegen -- Processing operation 123_test_@#$%_special_tags
20:12:30.067 [main] INFO org.openapitools.codegen.languages.AbstractJavaCodegen -- Processing operation testBodyWithFileSchema
20:12:30.067 [main] INFO org.openapitools.codegen.languages.AbstractJavaCodegen -- Processing operation testQueryParameterCollectionFormat
20:12:30.067 [main] INFO org.openapitools.codegen.languages.AbstractJavaCodegen -- Processing operation uploadFileWithRequiredFile
20:12:30.067 [main] INFO org.openapitools.codegen.languages.AbstractJavaCodegen -- Processing operation null
20:12:30.067 [main] INFO org.openapitools.codegen.languages.AbstractJavaCodegen -- Processing operation getArrayOfEnums
20:12:30.073 [main] WARN org.openapitools.codegen.languages.AbstractJavaCodegen -- ApiResponse (reserved word) cannot be used as model name. Renamed to ModelApiResponse
20:12:30.073 [main] WARN org.openapitools.codegen.languages.AbstractJavaCodegen -- Return (reserved word) cannot be used as model name. Renamed to ModelReturn
20:12:30.073 [main] WARN org.openapitools.codegen.languages.AbstractJavaCodegen -- 200_response (model name starts with number) cannot be used as model name. Renamed to Model200Response
20:12:30.074 [main] WARN org.openapitools.codegen.languages.AbstractJavaCodegen -- List (reserved word) cannot be used as model name. Renamed to ModelList
20:12:30.074 [main] WARN org.openapitools.codegen.languages.AbstractJavaCodegen -- File (reserved word) cannot be used as model name. Renamed to ModelFile
20:12:30.089 [main] INFO org.openapitools.codegen.DefaultGenerator -- Model Address not generated since it's an alias to map (without property) and `generateAliasAsModel` is set to false (default)
20:12:30.091 [main] INFO org.openapitools.codegen.DefaultGenerator -- Model AnimalFarm not generated since it's an alias to array (without property) and `generateAliasAsModel` is set to false (default)
20:12:30.121 [main] INFO org.openapitools.codegen.DefaultGenerator -- Model StringBooleanMap not generated since it's an alias to map (without property) and `generateAliasAsModel` is set to false (default)
20:12:30.126 [main] WARN org.openapitools.codegen.DefaultCodegen -- 'oneOf' is intended to include only the additional optional OAS extension discriminator object. For more details, see https://json-schema.org/draft/2019-09/json-schema-core.html#rfc.section.9.2.1.3 and the OAS section on 'Composition and Inheritance'.
20:12:30.153 [main] INFO org.openapitools.codegen.DefaultGenerator -- Model ArrayOfEnums not generated since it's an alias to array (without property) and `generateAliasAsModel` is set to false (default)
20:12:30.155 [main] INFO org.openapitools.codegen.DefaultGenerator -- Model updatePetWithForm_request not generated since it's marked as unused (due to form parameters) and `skipFormModel` (global property) set to true (default)
20:12:30.155 [main] INFO org.openapitools.codegen.DefaultGenerator -- Model uploadFile_request not generated since it's marked as unused (due to form parameters) and `skipFormModel` (global property) set to true (default)
20:12:30.155 [main] INFO org.openapitools.codegen.DefaultGenerator -- Model testEnumParameters_request not generated since it's marked as unused (due to form parameters) and `skipFormModel` (global property) set to true (default)
20:12:30.155 [main] INFO org.openapitools.codegen.DefaultGenerator -- Model testEndpointParameters_request not generated since it's marked as unused (due to form parameters) and `skipFormModel` (global property) set to true (default)
20:12:30.156 [main] INFO org.openapitools.codegen.DefaultGenerator -- Model testJsonFormData_request not generated since it's marked as unused (due to form parameters) and `skipFormModel` (global property) set to true (default)
20:12:30.156 [main] INFO org.openapitools.codegen.DefaultGenerator -- Model uploadFileWithRequiredFile_request not generated since it's marked as unused (due to form parameters) and `skipFormModel` (global property) set to true (default)
20:12:30.173 [main] INFO org.openapitools.codegen.TemplateManager -- writing file /Users/igor/Library/Mobile Documents/com~apple~CloudDocs/users/igor/github/api-wiser/api-wiser-core/target/openapi/jaxrs-cxf-cdi/src/gen/java/org/openapitools/model/AdditionalPropertiesClass.java
20:12:30.181 [main] INFO org.openapitools.codegen.TemplateManager -- writing file /Users/igor/Library/Mobile Documents/com~apple~CloudDocs/users/igor/github/api-wiser/api-wiser-core/target/openapi/jaxrs-cxf-cdi/src/gen/java/org/openapitools/model/Animal.java
20:12:30.185 [main] INFO org.openapitools.codegen.TemplateManager -- writing file /Users/igor/Library/Mobile Documents/com~apple~CloudDocs/users/igor/github/api-wiser/api-wiser-core/target/openapi/jaxrs-cxf-cdi/src/gen/java/org/openapitools/model/Apple.java
20:12:30.189 [main] INFO org.openapitools.codegen.TemplateManager -- writing file /Users/igor/Library/Mobile Documents/com~apple~CloudDocs/users/igor/github/api-wiser/api-wiser-core/target/openapi/jaxrs-cxf-cdi/src/gen/java/org/openapitools/model/AppleReq.java
20:12:30.200 [main] INFO org.openapitools.codegen.TemplateManager -- writing file /Users/igor/Library/Mobile Documents/com~apple~CloudDocs/users/igor/github/api-wiser/api-wiser-core/target/openapi/jaxrs-cxf-cdi/src/gen/java/org/openapitools/model/ArrayOfArrayOfNumberOnly.java
20:12:30.204 [main] INFO org.openapitools.codegen.TemplateManager -- writing file /Users/igor/Library/Mobile Documents/com~apple~CloudDocs/users/igor/github/api-wiser/api-wiser-core/target/openapi/jaxrs-cxf-cdi/src/gen/java/org/openapitools/model/ArrayOfNumberOnly.java
20:12:30.207 [main] INFO org.openapitools.codegen.TemplateManager -- writing file /Users/igor/Library/Mobile Documents/com~apple~CloudDocs/users/igor/github/api-wiser/api-wiser-core/target/openapi/jaxrs-cxf-cdi/src/gen/java/org/openapitools/model/ArrayTest.java
20:12:30.211 [main] INFO org.openapitools.codegen.TemplateManager -- writing file /Users/igor/Library/Mobile Documents/com~apple~CloudDocs/users/igor/github/api-wiser/api-wiser-core/target/openapi/jaxrs-cxf-cdi/src/gen/java/org/openapitools/model/Banana.java
20:12:30.214 [main] INFO org.openapitools.codegen.TemplateManager -- writing file /Users/igor/Library/Mobile Documents/com~apple~CloudDocs/users/igor/github/api-wiser/api-wiser-core/target/openapi/jaxrs-cxf-cdi/src/gen/java/org/openapitools/model/BananaReq.java
20:12:30.217 [main] INFO org.openapitools.codegen.TemplateManager -- writing file /Users/igor/Library/Mobile Documents/com~apple~CloudDocs/users/igor/github/api-wiser/api-wiser-core/target/openapi/jaxrs-cxf-cdi/src/gen/java/org/openapitools/model/BasquePig.java
20:12:30.220 [main] INFO org.openapitools.codegen.TemplateManager -- writing file /Users/igor/Library/Mobile Documents/com~apple~CloudDocs/users/igor/github/api-wiser/api-wiser-core/target/openapi/jaxrs-cxf-cdi/src/gen/java/org/openapitools/model/Capitalization.java
20:12:30.224 [main] INFO org.openapitools.codegen.TemplateManager -- writing file /Users/igor/Library/Mobile Documents/com~apple~CloudDocs/users/igor/github/api-wiser/api-wiser-core/target/openapi/jaxrs-cxf-cdi/src/gen/java/org/openapitools/model/Cat.java
20:12:30.226 [main] INFO org.openapitools.codegen.TemplateManager -- writing file /Users/igor/Library/Mobile Documents/com~apple~CloudDocs/users/igor/github/api-wiser/api-wiser-core/target/openapi/jaxrs-cxf-cdi/src/gen/java/org/openapitools/model/Category.java
20:12:30.231 [main] INFO org.openapitools.codegen.TemplateManager -- writing file /Users/igor/Library/Mobile Documents/com~apple~CloudDocs/users/igor/github/api-wiser/api-wiser-core/target/openapi/jaxrs-cxf-cdi/src/gen/java/org/openapitools/model/ChildCat.java
20:12:30.234 [main] INFO org.openapitools.codegen.TemplateManager -- writing file /Users/igor/Library/Mobile Documents/com~apple~CloudDocs/users/igor/github/api-wiser/api-wiser-core/target/openapi/jaxrs-cxf-cdi/src/gen/java/org/openapitools/model/ClassModel.java
20:12:30.237 [main] INFO org.openapitools.codegen.TemplateManager -- writing file /Users/igor/Library/Mobile Documents/com~apple~CloudDocs/users/igor/github/api-wiser/api-wiser-core/target/openapi/jaxrs-cxf-cdi/src/gen/java/org/openapitools/model/Client.java
20:12:30.240 [main] INFO org.openapitools.codegen.TemplateManager -- writing file /Users/igor/Library/Mobile Documents/com~apple~CloudDocs/users/igor/github/api-wiser/api-wiser-core/target/openapi/jaxrs-cxf-cdi/src/gen/java/org/openapitools/model/ComplexQuadrilateral.java
20:12:30.243 [main] INFO org.openapitools.codegen.TemplateManager -- writing file /Users/igor/Library/Mobile Documents/com~apple~CloudDocs/users/igor/github/api-wiser/api-wiser-core/target/openapi/jaxrs-cxf-cdi/src/gen/java/org/openapitools/model/DanishPig.java
20:12:30.246 [main] INFO org.openapitools.codegen.TemplateManager -- writing file /Users/igor/Library/Mobile Documents/com~apple~CloudDocs/users/igor/github/api-wiser/api-wiser-core/target/openapi/jaxrs-cxf-cdi/src/gen/java/org/openapitools/model/DeprecatedObject.java
20:12:30.249 [main] INFO org.openapitools.codegen.TemplateManager -- writing file /Users/igor/Library/Mobile Documents/com~apple~CloudDocs/users/igor/github/api-wiser/api-wiser-core/target/openapi/jaxrs-cxf-cdi/src/gen/java/org/openapitools/model/Dog.java
20:12:30.253 [main] INFO org.openapitools.codegen.TemplateManager -- writing file /Users/igor/Library/Mobile Documents/com~apple~CloudDocs/users/igor/github/api-wiser/api-wiser-core/target/openapi/jaxrs-cxf-cdi/src/gen/java/org/openapitools/model/Drawing.java
20:12:30.259 [main] INFO org.openapitools.codegen.TemplateManager -- writing file /Users/igor/Library/Mobile Documents/com~apple~CloudDocs/users/igor/github/api-wiser/api-wiser-core/target/openapi/jaxrs-cxf-cdi/src/gen/java/org/openapitools/model/EnumArrays.java
20:12:30.261 [main] INFO org.openapitools.codegen.TemplateManager -- writing file /Users/igor/Library/Mobile Documents/com~apple~CloudDocs/users/igor/github/api-wiser/api-wiser-core/target/openapi/jaxrs-cxf-cdi/src/gen/java/org/openapitools/model/EnumClass.java
20:12:30.265 [main] INFO org.openapitools.codegen.TemplateManager -- writing file /Users/igor/Library/Mobile Documents/com~apple~CloudDocs/users/igor/github/api-wiser/api-wiser-core/target/openapi/jaxrs-cxf-cdi/src/gen/java/org/openapitools/model/EnumTest.java
20:12:30.269 [main] INFO org.openapitools.codegen.TemplateManager -- writing file /Users/igor/Library/Mobile Documents/com~apple~CloudDocs/users/igor/github/api-wiser/api-wiser-core/target/openapi/jaxrs-cxf-cdi/src/gen/java/org/openapitools/model/EquilateralTriangle.java
20:12:30.272 [main] INFO org.openapitools.codegen.TemplateManager -- writing file /Users/igor/Library/Mobile Documents/com~apple~CloudDocs/users/igor/github/api-wiser/api-wiser-core/target/openapi/jaxrs-cxf-cdi/src/gen/java/org/openapitools/model/FakeBigDecimalMap200Response.java
20:12:30.276 [main] INFO org.openapitools.codegen.TemplateManager -- writing file /Users/igor/Library/Mobile Documents/com~apple~CloudDocs/users/igor/github/api-wiser/api-wiser-core/target/openapi/jaxrs-cxf-cdi/src/gen/java/org/openapitools/model/FileSchemaTestClass.java
20:12:30.279 [main] INFO org.openapitools.codegen.TemplateManager -- writing file /Users/igor/Library/Mobile Documents/com~apple~CloudDocs/users/igor/github/api-wiser/api-wiser-core/target/openapi/jaxrs-cxf-cdi/src/gen/java/org/openapitools/model/Foo.java
20:12:30.282 [main] INFO org.openapitools.codegen.TemplateManager -- writing file /Users/igor/Library/Mobile Documents/com~apple~CloudDocs/users/igor/github/api-wiser/api-wiser-core/target/openapi/jaxrs-cxf-cdi/src/gen/java/org/openapitools/model/FooGetDefaultResponse.java
20:12:30.289 [main] INFO org.openapitools.codegen.TemplateManager -- writing file /Users/igor/Library/Mobile Documents/com~apple~CloudDocs/users/igor/github/api-wiser/api-wiser-core/target/openapi/jaxrs-cxf-cdi/src/gen/java/org/openapitools/model/FormatTest.java
20:12:30.292 [main] INFO org.openapitools.codegen.TemplateManager -- writing file /Users/igor/Library/Mobile Documents/com~apple~CloudDocs/users/igor/github/api-wiser/api-wiser-core/target/openapi/jaxrs-cxf-cdi/src/gen/java/org/openapitools/model/Fruit.java
20:12:30.295 [main] INFO org.openapitools.codegen.TemplateManager -- writing file /Users/igor/Library/Mobile Documents/com~apple~CloudDocs/users/igor/github/api-wiser/api-wiser-core/target/openapi/jaxrs-cxf-cdi/src/gen/java/org/openapitools/model/FruitReq.java
20:12:30.297 [main] INFO org.openapitools.codegen.TemplateManager -- writing file /Users/igor/Library/Mobile Documents/com~apple~CloudDocs/users/igor/github/api-wiser/api-wiser-core/target/openapi/jaxrs-cxf-cdi/src/gen/java/org/openapitools/model/GmFruit.java
20:12:30.301 [main] INFO org.openapitools.codegen.TemplateManager -- writing file /Users/igor/Library/Mobile Documents/com~apple~CloudDocs/users/igor/github/api-wiser/api-wiser-core/target/openapi/jaxrs-cxf-cdi/src/gen/java/org/openapitools/model/GrandparentAnimal.java
20:12:30.305 [main] INFO org.openapitools.codegen.TemplateManager -- writing file /Users/igor/Library/Mobile Documents/com~apple~CloudDocs/users/igor/github/api-wiser/api-wiser-core/target/openapi/jaxrs-cxf-cdi/src/gen/java/org/openapitools/model/HasOnlyReadOnly.java
20:12:30.307 [main] INFO org.openapitools.codegen.TemplateManager -- writing file /Users/igor/Library/Mobile Documents/com~apple~CloudDocs/users/igor/github/api-wiser/api-wiser-core/target/openapi/jaxrs-cxf-cdi/src/gen/java/org/openapitools/model/HealthCheckResult.java
20:12:30.310 [main] INFO org.openapitools.codegen.TemplateManager -- writing file /Users/igor/Library/Mobile Documents/com~apple~CloudDocs/users/igor/github/api-wiser/api-wiser-core/target/openapi/jaxrs-cxf-cdi/src/gen/java/org/openapitools/model/IsoscelesTriangle.java
20:12:30.315 [main] INFO org.openapitools.codegen.TemplateManager -- writing file /Users/igor/Library/Mobile Documents/com~apple~CloudDocs/users/igor/github/api-wiser/api-wiser-core/target/openapi/jaxrs-cxf-cdi/src/gen/java/org/openapitools/model/Mammal.java
20:12:30.319 [main] INFO org.openapitools.codegen.TemplateManager -- writing file /Users/igor/Library/Mobile Documents/com~apple~CloudDocs/users/igor/github/api-wiser/api-wiser-core/target/openapi/jaxrs-cxf-cdi/src/gen/java/org/openapitools/model/MapTest.java
20:12:30.322 [main] INFO org.openapitools.codegen.TemplateManager -- writing file /Users/igor/Library/Mobile Documents/com~apple~CloudDocs/users/igor/github/api-wiser/api-wiser-core/target/openapi/jaxrs-cxf-cdi/src/gen/java/org/openapitools/model/MixedPropertiesAndAdditionalPropertiesClass.java
20:12:30.325 [main] INFO org.openapitools.codegen.TemplateManager -- writing file /Users/igor/Library/Mobile Documents/com~apple~CloudDocs/users/igor/github/api-wiser/api-wiser-core/target/openapi/jaxrs-cxf-cdi/src/gen/java/org/openapitools/model/Model200Response.java
20:12:30.328 [main] INFO org.openapitools.codegen.TemplateManager -- writing file /Users/igor/Library/Mobile Documents/com~apple~CloudDocs/users/igor/github/api-wiser/api-wiser-core/target/openapi/jaxrs-cxf-cdi/src/gen/java/org/openapitools/model/ModelApiResponse.java
20:12:30.331 [main] INFO org.openapitools.codegen.TemplateManager -- writing file /Users/igor/Library/Mobile Documents/com~apple~CloudDocs/users/igor/github/api-wiser/api-wiser-core/target/openapi/jaxrs-cxf-cdi/src/gen/java/org/openapitools/model/ModelFile.java
20:12:30.334 [main] INFO org.openapitools.codegen.TemplateManager -- writing file /Users/igor/Library/Mobile Documents/com~apple~CloudDocs/users/igor/github/api-wiser/api-wiser-core/target/openapi/jaxrs-cxf-cdi/src/gen/java/org/openapitools/model/ModelList.java
20:12:30.336 [main] INFO org.openapitools.codegen.TemplateManager -- writing file /Users/igor/Library/Mobile Documents/com~apple~CloudDocs/users/igor/github/api-wiser/api-wiser-core/target/openapi/jaxrs-cxf-cdi/src/gen/java/org/openapitools/model/ModelReturn.java
20:12:30.339 [main] INFO org.openapitools.codegen.TemplateManager -- writing file /Users/igor/Library/Mobile Documents/com~apple~CloudDocs/users/igor/github/api-wiser/api-wiser-core/target/openapi/jaxrs-cxf-cdi/src/gen/java/org/openapitools/model/Name.java
20:12:30.344 [main] INFO org.openapitools.codegen.TemplateManager -- writing file /Users/igor/Library/Mobile Documents/com~apple~CloudDocs/users/igor/github/api-wiser/api-wiser-core/target/openapi/jaxrs-cxf-cdi/src/gen/java/org/openapitools/model/NullableClass.java
20:12:30.347 [main] INFO org.openapitools.codegen.TemplateManager -- writing file /Users/igor/Library/Mobile Documents/com~apple~CloudDocs/users/igor/github/api-wiser/api-wiser-core/target/openapi/jaxrs-cxf-cdi/src/gen/java/org/openapitools/model/NullableShape.java
20:12:30.350 [main] INFO org.openapitools.codegen.TemplateManager -- writing file /Users/igor/Library/Mobile Documents/com~apple~CloudDocs/users/igor/github/api-wiser/api-wiser-core/target/openapi/jaxrs-cxf-cdi/src/gen/java/org/openapitools/model/NumberOnly.java
20:12:30.353 [main] INFO org.openapitools.codegen.TemplateManager -- writing file /Users/igor/Library/Mobile Documents/com~apple~CloudDocs/users/igor/github/api-wiser/api-wiser-core/target/openapi/jaxrs-cxf-cdi/src/gen/java/org/openapitools/model/ObjectWithDeprecatedFields.java
20:12:30.357 [main] INFO org.openapitools.codegen.TemplateManager -- writing file /Users/igor/Library/Mobile Documents/com~apple~CloudDocs/users/igor/github/api-wiser/api-wiser-core/target/openapi/jaxrs-cxf-cdi/src/gen/java/org/openapitools/model/Order.java
20:12:30.360 [main] INFO org.openapitools.codegen.TemplateManager -- writing file /Users/igor/Library/Mobile Documents/com~apple~CloudDocs/users/igor/github/api-wiser/api-wiser-core/target/openapi/jaxrs-cxf-cdi/src/gen/java/org/openapitools/model/OuterComposite.java
20:12:30.361 [main] INFO org.openapitools.codegen.TemplateManager -- writing file /Users/igor/Library/Mobile Documents/com~apple~CloudDocs/users/igor/github/api-wiser/api-wiser-core/target/openapi/jaxrs-cxf-cdi/src/gen/java/org/openapitools/model/OuterEnum.java
20:12:30.362 [main] INFO org.openapitools.codegen.TemplateManager -- writing file /Users/igor/Library/Mobile Documents/com~apple~CloudDocs/users/igor/github/api-wiser/api-wiser-core/target/openapi/jaxrs-cxf-cdi/src/gen/java/org/openapitools/model/OuterEnumDefaultValue.java
20:12:30.364 [main] INFO org.openapitools.codegen.TemplateManager -- writing file /Users/igor/Library/Mobile Documents/com~apple~CloudDocs/users/igor/github/api-wiser/api-wiser-core/target/openapi/jaxrs-cxf-cdi/src/gen/java/org/openapitools/model/OuterEnumInteger.java
20:12:30.365 [main] INFO org.openapitools.codegen.TemplateManager -- writing file /Users/igor/Library/Mobile Documents/com~apple~CloudDocs/users/igor/github/api-wiser/api-wiser-core/target/openapi/jaxrs-cxf-cdi/src/gen/java/org/openapitools/model/OuterEnumIntegerDefaultValue.java
20:12:30.367 [main] INFO org.openapitools.codegen.TemplateManager -- writing file /Users/igor/Library/Mobile Documents/com~apple~CloudDocs/users/igor/github/api-wiser/api-wiser-core/target/openapi/jaxrs-cxf-cdi/src/gen/java/org/openapitools/model/ParentPet.java
20:12:30.371 [main] INFO org.openapitools.codegen.TemplateManager -- writing file /Users/igor/Library/Mobile Documents/com~apple~CloudDocs/users/igor/github/api-wiser/api-wiser-core/target/openapi/jaxrs-cxf-cdi/src/gen/java/org/openapitools/model/Pet.java
20:12:30.373 [main] INFO org.openapitools.codegen.TemplateManager -- writing file /Users/igor/Library/Mobile Documents/com~apple~CloudDocs/users/igor/github/api-wiser/api-wiser-core/target/openapi/jaxrs-cxf-cdi/src/gen/java/org/openapitools/model/Pig.java
20:12:30.376 [main] INFO org.openapitools.codegen.TemplateManager -- writing file /Users/igor/Library/Mobile Documents/com~apple~CloudDocs/users/igor/github/api-wiser/api-wiser-core/target/openapi/jaxrs-cxf-cdi/src/gen/java/org/openapitools/model/Quadrilateral.java
20:12:30.379 [main] INFO org.openapitools.codegen.TemplateManager -- writing file /Users/igor/Library/Mobile Documents/com~apple~CloudDocs/users/igor/github/api-wiser/api-wiser-core/target/openapi/jaxrs-cxf-cdi/src/gen/java/org/openapitools/model/QuadrilateralInterface.java
20:12:30.382 [main] INFO org.openapitools.codegen.TemplateManager -- writing file /Users/igor/Library/Mobile Documents/com~apple~CloudDocs/users/igor/github/api-wiser/api-wiser-core/target/openapi/jaxrs-cxf-cdi/src/gen/java/org/openapitools/model/ReadOnlyFirst.java
20:12:30.385 [main] INFO org.openapitools.codegen.TemplateManager -- writing file /Users/igor/Library/Mobile Documents/com~apple~CloudDocs/users/igor/github/api-wiser/api-wiser-core/target/openapi/jaxrs-cxf-cdi/src/gen/java/org/openapitools/model/ScaleneTriangle.java
20:12:30.388 [main] INFO org.openapitools.codegen.TemplateManager -- writing file /Users/igor/Library/Mobile Documents/com~apple~CloudDocs/users/igor/github/api-wiser/api-wiser-core/target/openapi/jaxrs-cxf-cdi/src/gen/java/org/openapitools/model/Shape.java
20:12:30.390 [main] INFO org.openapitools.codegen.TemplateManager -- writing file /Users/igor/Library/Mobile Documents/com~apple~CloudDocs/users/igor/github/api-wiser/api-wiser-core/target/openapi/jaxrs-cxf-cdi/src/gen/java/org/openapitools/model/ShapeInterface.java
20:12:30.394 [main] INFO org.openapitools.codegen.TemplateManager -- writing file /Users/igor/Library/Mobile Documents/com~apple~CloudDocs/users/igor/github/api-wiser/api-wiser-core/target/openapi/jaxrs-cxf-cdi/src/gen/java/org/openapitools/model/ShapeOrNull.java
20:12:30.397 [main] INFO org.openapitools.codegen.TemplateManager -- writing file /Users/igor/Library/Mobile Documents/com~apple~CloudDocs/users/igor/github/api-wiser/api-wiser-core/target/openapi/jaxrs-cxf-cdi/src/gen/java/org/openapitools/model/SimpleQuadrilateral.java
20:12:30.400 [main] INFO org.openapitools.codegen.TemplateManager -- writing file /Users/igor/Library/Mobile Documents/com~apple~CloudDocs/users/igor/github/api-wiser/api-wiser-core/target/openapi/jaxrs-cxf-cdi/src/gen/java/org/openapitools/model/SpecialModelName.java
20:12:30.403 [main] INFO org.openapitools.codegen.TemplateManager -- writing file /Users/igor/Library/Mobile Documents/com~apple~CloudDocs/users/igor/github/api-wiser/api-wiser-core/target/openapi/jaxrs-cxf-cdi/src/gen/java/org/openapitools/model/Tag.java
20:12:30.405 [main] INFO org.openapitools.codegen.TemplateManager -- writing file /Users/igor/Library/Mobile Documents/com~apple~CloudDocs/users/igor/github/api-wiser/api-wiser-core/target/openapi/jaxrs-cxf-cdi/src/gen/java/org/openapitools/model/Triangle.java
20:12:30.408 [main] INFO org.openapitools.codegen.TemplateManager -- writing file /Users/igor/Library/Mobile Documents/com~apple~CloudDocs/users/igor/github/api-wiser/api-wiser-core/target/openapi/jaxrs-cxf-cdi/src/gen/java/org/openapitools/model/TriangleInterface.java
20:12:30.410 [main] INFO org.openapitools.codegen.TemplateManager -- writing file /Users/igor/Library/Mobile Documents/com~apple~CloudDocs/users/igor/github/api-wiser/api-wiser-core/target/openapi/jaxrs-cxf-cdi/src/gen/java/org/openapitools/model/User.java
20:12:30.413 [main] INFO org.openapitools.codegen.TemplateManager -- writing file /Users/igor/Library/Mobile Documents/com~apple~CloudDocs/users/igor/github/api-wiser/api-wiser-core/target/openapi/jaxrs-cxf-cdi/src/gen/java/org/openapitools/model/Whale.java
20:12:30.417 [main] INFO org.openapitools.codegen.TemplateManager -- writing file /Users/igor/Library/Mobile Documents/com~apple~CloudDocs/users/igor/github/api-wiser/api-wiser-core/target/openapi/jaxrs-cxf-cdi/src/gen/java/org/openapitools/model/Zebra.java
20:12:30.417 [main] WARN org.openapitools.codegen.DefaultCodegen -- Empty operationId found for path: get /foo. Renamed to auto-generated operationId: fooGet
20:12:30.420 [main] WARN org.openapitools.codegen.DefaultCodegen -- Security scheme 'HTTP signature' is a draft IETF RFC and subject to change.
20:12:30.433 [main] WARN org.openapitools.codegen.languages.AbstractJavaCodegen -- Ignoring complex example on request body
20:12:30.453 [main] WARN org.openapitools.codegen.languages.AbstractJavaCodegen -- 123testSpecialTags (starting with a number) cannot be used as method name. Renamed to Call123testSpecialTags
20:12:30.456 [main] WARN org.openapitools.codegen.DefaultCodegen -- Empty operationId found for path: get /fake/health. Renamed to auto-generated operationId: fakeHealthGet
20:12:30.460 [main] INFO org.openapitools.codegen.TemplateManager -- writing file /Users/igor/Library/Mobile Documents/com~apple~CloudDocs/users/igor/github/api-wiser/api-wiser-core/target/openapi/jaxrs-cxf-cdi/src/main/java/org/openapitools/api/impl/AnotherFakeApiServiceImpl.java
20:12:30.464 [main] INFO org.openapitools.codegen.TemplateManager -- writing file /Users/igor/Library/Mobile Documents/com~apple~CloudDocs/users/igor/github/api-wiser/api-wiser-core/target/openapi/jaxrs-cxf-cdi/src/gen/java/org/openapitools/api/AnotherFakeApi.java
20:12:30.466 [main] INFO org.openapitools.codegen.TemplateManager -- writing file /Users/igor/Library/Mobile Documents/com~apple~CloudDocs/users/igor/github/api-wiser/api-wiser-core/target/openapi/jaxrs-cxf-cdi/src/gen/java/org/openapitools/api/AnotherFakeApiService.java
20:12:30.468 [main] INFO org.openapitools.codegen.TemplateManager -- writing file /Users/igor/Library/Mobile Documents/com~apple~CloudDocs/users/igor/github/api-wiser/api-wiser-core/target/openapi/jaxrs-cxf-cdi/src/main/java/org/openapitools/api/impl/FakeApiServiceImpl.java
20:12:30.473 [main] INFO org.openapitools.codegen.TemplateManager -- writing file /Users/igor/Library/Mobile Documents/com~apple~CloudDocs/users/igor/github/api-wiser/api-wiser-core/target/openapi/jaxrs-cxf-cdi/src/gen/java/org/openapitools/api/FakeApi.java
20:12:30.475 [main] INFO org.openapitools.codegen.TemplateManager -- writing file /Users/igor/Library/Mobile Documents/com~apple~CloudDocs/users/igor/github/api-wiser/api-wiser-core/target/openapi/jaxrs-cxf-cdi/src/gen/java/org/openapitools/api/FakeApiService.java
20:12:30.476 [main] INFO org.openapitools.codegen.TemplateManager -- writing file /Users/igor/Library/Mobile Documents/com~apple~CloudDocs/users/igor/github/api-wiser/api-wiser-core/target/openapi/jaxrs-cxf-cdi/src/main/java/org/openapitools/api/impl/FakeClassnameTestApiServiceImpl.java
20:12:30.478 [main] INFO org.openapitools.codegen.TemplateManager -- writing file /Users/igor/Library/Mobile Documents/com~apple~CloudDocs/users/igor/github/api-wiser/api-wiser-core/target/openapi/jaxrs-cxf-cdi/src/gen/java/org/openapitools/api/FakeClassnameTestApi.java
20:12:30.479 [main] INFO org.openapitools.codegen.TemplateManager -- writing file /Users/igor/Library/Mobile Documents/com~apple~CloudDocs/users/igor/github/api-wiser/api-wiser-core/target/openapi/jaxrs-cxf-cdi/src/gen/java/org/openapitools/api/FakeClassnameTestApiService.java
20:12:30.480 [main] INFO org.openapitools.codegen.TemplateManager -- writing file /Users/igor/Library/Mobile Documents/com~apple~CloudDocs/users/igor/github/api-wiser/api-wiser-core/target/openapi/jaxrs-cxf-cdi/src/main/java/org/openapitools/api/impl/FooApiServiceImpl.java
20:12:30.481 [main] INFO org.openapitools.codegen.TemplateManager -- writing file /Users/igor/Library/Mobile Documents/com~apple~CloudDocs/users/igor/github/api-wiser/api-wiser-core/target/openapi/jaxrs-cxf-cdi/src/gen/java/org/openapitools/api/FooApi.java
20:12:30.482 [main] INFO org.openapitools.codegen.TemplateManager -- writing file /Users/igor/Library/Mobile Documents/com~apple~CloudDocs/users/igor/github/api-wiser/api-wiser-core/target/openapi/jaxrs-cxf-cdi/src/gen/java/org/openapitools/api/FooApiService.java
20:12:30.483 [main] INFO org.openapitools.codegen.TemplateManager -- writing file /Users/igor/Library/Mobile Documents/com~apple~CloudDocs/users/igor/github/api-wiser/api-wiser-core/target/openapi/jaxrs-cxf-cdi/src/main/java/org/openapitools/api/impl/PetApiServiceImpl.java
20:12:30.487 [main] INFO org.openapitools.codegen.TemplateManager -- writing file /Users/igor/Library/Mobile Documents/com~apple~CloudDocs/users/igor/github/api-wiser/api-wiser-core/target/openapi/jaxrs-cxf-cdi/src/gen/java/org/openapitools/api/PetApi.java
20:12:30.489 [main] INFO org.openapitools.codegen.TemplateManager -- writing file /Users/igor/Library/Mobile Documents/com~apple~CloudDocs/users/igor/github/api-wiser/api-wiser-core/target/openapi/jaxrs-cxf-cdi/src/gen/java/org/openapitools/api/PetApiService.java
20:12:30.490 [main] INFO org.openapitools.codegen.TemplateManager -- writing file /Users/igor/Library/Mobile Documents/com~apple~CloudDocs/users/igor/github/api-wiser/api-wiser-core/target/openapi/jaxrs-cxf-cdi/src/main/java/org/openapitools/api/impl/StoreApiServiceImpl.java
20:12:30.493 [main] INFO org.openapitools.codegen.TemplateManager -- writing file /Users/igor/Library/Mobile Documents/com~apple~CloudDocs/users/igor/github/api-wiser/api-wiser-core/target/openapi/jaxrs-cxf-cdi/src/gen/java/org/openapitools/api/StoreApi.java
20:12:30.494 [main] INFO org.openapitools.codegen.TemplateManager -- writing file /Users/igor/Library/Mobile Documents/com~apple~CloudDocs/users/igor/github/api-wiser/api-wiser-core/target/openapi/jaxrs-cxf-cdi/src/gen/java/org/openapitools/api/StoreApiService.java
20:12:30.496 [main] INFO org.openapitools.codegen.TemplateManager -- writing file /Users/igor/Library/Mobile Documents/com~apple~CloudDocs/users/igor/github/api-wiser/api-wiser-core/target/openapi/jaxrs-cxf-cdi/src/main/java/org/openapitools/api/impl/UserApiServiceImpl.java
20:12:30.500 [main] INFO org.openapitools.codegen.TemplateManager -- writing file /Users/igor/Library/Mobile Documents/com~apple~CloudDocs/users/igor/github/api-wiser/api-wiser-core/target/openapi/jaxrs-cxf-cdi/src/gen/java/org/openapitools/api/UserApi.java
20:12:30.501 [main] INFO org.openapitools.codegen.TemplateManager -- writing file /Users/igor/Library/Mobile Documents/com~apple~CloudDocs/users/igor/github/api-wiser/api-wiser-core/target/openapi/jaxrs-cxf-cdi/src/gen/java/org/openapitools/api/UserApiService.java
20:12:30.550 [main] INFO org.openapitools.codegen.TemplateManager -- writing file /Users/igor/Library/Mobile Documents/com~apple~CloudDocs/users/igor/github/api-wiser/api-wiser-core/target/openapi/jaxrs-cxf-cdi/pom.xml
20:12:30.550 [main] INFO org.openapitools.codegen.TemplateManager -- writing file /Users/igor/Library/Mobile Documents/com~apple~CloudDocs/users/igor/github/api-wiser/api-wiser-core/target/openapi/jaxrs-cxf-cdi/src/main/java/org/openapitools/api/RestApplication.java
20:12:30.551 [main] INFO org.openapitools.codegen.TemplateManager -- writing file /Users/igor/Library/Mobile Documents/com~apple~CloudDocs/users/igor/github/api-wiser/api-wiser-core/target/openapi/jaxrs-cxf-cdi/src/main/webapp/WEB-INF/beans.xml
20:12:30.555 [main] INFO org.openapitools.codegen.TemplateManager -- writing file /Users/igor/Library/Mobile Documents/com~apple~CloudDocs/users/igor/github/api-wiser/api-wiser-core/target/openapi/jaxrs-cxf-cdi/.openapi-generator-ignore
20:12:30.555 [main] INFO org.openapitools.codegen.TemplateManager -- writing file /Users/igor/Library/Mobile Documents/com~apple~CloudDocs/users/igor/github/api-wiser/api-wiser-core/target/openapi/jaxrs-cxf-cdi/.openapi-generator/VERSION
20:12:30.558 [main] INFO org.openapitools.codegen.TemplateManager -- writing file /Users/igor/Library/Mobile Documents/com~apple~CloudDocs/users/igor/github/api-wiser/api-wiser-core/target/openapi/jaxrs-cxf-cdi/.openapi-generator/FILES
################################################################################
# Thanks for using OpenAPI Generator.                                          #
# Please consider donation to help us maintain this project 🙏                 #
# https://opencollective.com/openapi_generator/donate                          #
################################################################################
]]></system-out>
  </testcase>
  <testcase name="testOpenApiGenerator" classname="org.metalib.wiser.api.core.OpenApiPostmanTest" time="0.11">
    <system-out><![CDATA[20:12:30.559 [main] INFO org.openapitools.codegen.DefaultGenerator -- Generating with dryRun=false
20:12:30.593 [main] INFO org.openapitools.codegen.ignore.CodegenIgnoreProcessor -- Output directory (/Users/igor/Library/Mobile Documents/com~apple~CloudDocs/users/igor/github/api-wiser/api-wiser-core/target/openapi-custom) does not exist, or is inaccessible. No file (.openapi-generator-ignore) will be evaluated.
20:12:30.593 [main] INFO org.openapitools.codegen.DefaultGenerator -- OpenAPI Generator: api-wiser (other)
20:12:30.593 [main] INFO org.openapitools.codegen.DefaultGenerator -- Generator 'api-wiser' is considered stable.
20:12:30.593 [main] INFO org.openapitools.codegen.languages.AbstractJavaCodegen -- Environment variable JAVA_POST_PROCESS_FILE not defined so the Java code may not be properly formatted. To define it, try 'export JAVA_POST_PROCESS_FILE="/usr/local/bin/clang-format -i"' (Linux/Mac)
20:12:30.593 [main] INFO org.openapitools.codegen.languages.AbstractJavaCodegen -- NOTE: To enable file post-processing, 'enablePostProcessFile' must be set to `true` (--enable-post-process-file for CLI).
20:12:30.593 [main] INFO org.openapitools.codegen.languages.AbstractJavaCodegen -- Invoker Package Name, originally not set, is now derived from api package name: org.metalib.postman.collection
20:12:30.595 [main] INFO org.openapitools.codegen.languages.AbstractJavaCodegen -- Processing operation null
20:12:30.595 [main] INFO org.openapitools.codegen.languages.AbstractJavaCodegen -- Processing operation updatePet
20:12:30.596 [main] INFO org.openapitools.codegen.languages.AbstractJavaCodegen -- Processing operation addPet
20:12:30.596 [main] INFO org.openapitools.codegen.languages.AbstractJavaCodegen -- Processing operation findPetsByStatus
20:12:30.596 [main] INFO org.openapitools.codegen.languages.AbstractJavaCodegen -- Processing operation findPetsByTags
20:12:30.596 [main] INFO org.openapitools.codegen.languages.AbstractJavaCodegen -- Processing operation getPetById
20:12:30.596 [main] INFO org.openapitools.codegen.languages.AbstractJavaCodegen -- Processing operation updatePetWithForm
20:12:30.596 [main] INFO org.openapitools.codegen.languages.AbstractJavaCodegen -- Processing operation deletePet
20:12:30.596 [main] INFO org.openapitools.codegen.languages.AbstractJavaCodegen -- Processing operation uploadFile
20:12:30.596 [main] INFO org.openapitools.codegen.languages.AbstractJavaCodegen -- Processing operation getInventory
20:12:30.596 [main] INFO org.openapitools.codegen.languages.AbstractJavaCodegen -- Processing operation placeOrder
20:12:30.596 [main] INFO org.openapitools.codegen.languages.AbstractJavaCodegen -- Processing operation getOrderById
20:12:30.596 [main] INFO org.openapitools.codegen.languages.AbstractJavaCodegen -- Processing operation deleteOrder
20:12:30.596 [main] INFO org.openapitools.codegen.languages.AbstractJavaCodegen -- Processing operation createUser
20:12:30.596 [main] INFO org.openapitools.codegen.languages.AbstractJavaCodegen -- Processing operation createUsersWithArrayInput
20:12:30.596 [main] INFO org.openapitools.codegen.languages.AbstractJavaCodegen -- Processing operation createUsersWithListInput
20:12:30.596 [main] INFO org.openapitools.codegen.languages.AbstractJavaCodegen -- Processing operation loginUser
20:12:30.596 [main] INFO org.openapitools.codegen.languages.AbstractJavaCodegen -- Processing operation logoutUser
20:12:30.596 [main] INFO org.openapitools.codegen.languages.AbstractJavaCodegen -- Processing operation getUserByName
20:12:30.596 [main] INFO org.openapitools.codegen.languages.AbstractJavaCodegen -- Processing operation updateUser
20:12:30.596 [main] INFO org.openapitools.codegen.languages.AbstractJavaCodegen -- Processing operation deleteUser
20:12:30.596 [main] INFO org.openapitools.codegen.languages.AbstractJavaCodegen -- Processing operation testClassname
20:12:30.596 [main] INFO org.openapitools.codegen.languages.AbstractJavaCodegen -- Processing operation testEnumParameters
20:12:30.596 [main] INFO org.openapitools.codegen.languages.AbstractJavaCodegen -- Processing operation testEndpointParameters
20:12:30.596 [main] INFO org.openapitools.codegen.languages.AbstractJavaCodegen -- Processing operation testGroupParameters
20:12:30.596 [main] INFO org.openapitools.codegen.languages.AbstractJavaCodegen -- Processing operation testClientModel
20:12:30.596 [main] INFO org.openapitools.codegen.languages.AbstractJavaCodegen -- Processing operation fakeOuterNumberSerialize
20:12:30.596 [main] INFO org.openapitools.codegen.languages.AbstractJavaCodegen -- Processing operation fakeOuterStringSerialize
20:12:30.596 [main] INFO org.openapitools.codegen.languages.AbstractJavaCodegen -- Processing operation fakeOuterBooleanSerialize
20:12:30.596 [main] INFO org.openapitools.codegen.languages.AbstractJavaCodegen -- Processing operation fakeOuterCompositeSerialize
20:12:30.596 [main] INFO org.openapitools.codegen.languages.AbstractJavaCodegen -- Processing operation fakeBigDecimalMap
20:12:30.596 [main] INFO org.openapitools.codegen.languages.AbstractJavaCodegen -- Processing operation testJsonFormData
20:12:30.596 [main] INFO org.openapitools.codegen.languages.AbstractJavaCodegen -- Processing operation testInlineAdditionalProperties
20:12:30.596 [main] INFO org.openapitools.codegen.languages.AbstractJavaCodegen -- Processing operation testBodyWithQueryParams
20:12:30.596 [main] INFO org.openapitools.codegen.languages.AbstractJavaCodegen -- Processing operation 123_test_@#$%_special_tags
20:12:30.596 [main] INFO org.openapitools.codegen.languages.AbstractJavaCodegen -- Processing operation testBodyWithFileSchema
20:12:30.596 [main] INFO org.openapitools.codegen.languages.AbstractJavaCodegen -- Processing operation testQueryParameterCollectionFormat
20:12:30.596 [main] INFO org.openapitools.codegen.languages.AbstractJavaCodegen -- Processing operation uploadFileWithRequiredFile
20:12:30.596 [main] INFO org.openapitools.codegen.languages.AbstractJavaCodegen -- Processing operation null
20:12:30.596 [main] INFO org.openapitools.codegen.languages.AbstractJavaCodegen -- Processing operation getArrayOfEnums
20:12:30.598 [main] WARN org.openapitools.codegen.languages.AbstractJavaCodegen -- ApiResponse (reserved word) cannot be used as model name. Renamed to ModelApiResponse
20:12:30.598 [main] WARN org.openapitools.codegen.languages.AbstractJavaCodegen -- Return (reserved word) cannot be used as model name. Renamed to ModelReturn
20:12:30.598 [main] WARN org.openapitools.codegen.languages.AbstractJavaCodegen -- 200_response (model name starts with number) cannot be used as model name. Renamed to Model200Response
20:12:30.598 [main] WARN org.openapitools.codegen.languages.AbstractJavaCodegen -- List (reserved word) cannot be used as model name. Renamed to ModelList
20:12:30.599 [main] WARN org.openapitools.codegen.languages.AbstractJavaCodegen -- File (reserved word) cannot be used as model name. Renamed to ModelFile
20:12:30.605 [main] INFO org.openapitools.codegen.DefaultGenerator -- Model Address not generated since it's an alias to map (without property) and `generateAliasAsModel` is set to false (default)
20:12:30.605 [main] INFO org.openapitools.codegen.DefaultGenerator -- Model AnimalFarm not generated since it's an alias to array (without property) and `generateAliasAsModel` is set to false (default)
20:12:30.615 [main] INFO org.openapitools.codegen.DefaultGenerator -- Model StringBooleanMap not generated since it's an alias to map (without property) and `generateAliasAsModel` is set to false (default)
20:12:30.618 [main] WARN org.openapitools.codegen.DefaultCodegen -- 'oneOf' is intended to include only the additional optional OAS extension discriminator object. For more details, see https://json-schema.org/draft/2019-09/json-schema-core.html#rfc.section.9.2.1.3 and the OAS section on 'Composition and Inheritance'.
20:12:30.630 [main] INFO org.openapitools.codegen.DefaultGenerator -- Model ArrayOfEnums not generated since it's an alias to array (without property) and `generateAliasAsModel` is set to false (default)
20:12:30.631 [main] INFO org.openapitools.codegen.DefaultGenerator -- Model updatePetWithForm_request not generated since it's marked as unused (due to form parameters) and `skipFormModel` (global property) set to true (default)
20:12:30.631 [main] INFO org.openapitools.codegen.DefaultGenerator -- Model uploadFile_request not generated since it's marked as unused (due to form parameters) and `skipFormModel` (global property) set to true (default)
20:12:30.631 [main] INFO org.openapitools.codegen.DefaultGenerator -- Model testEnumParameters_request not generated since it's marked as unused (due to form parameters) and `skipFormModel` (global property) set to true (default)
20:12:30.631 [main] INFO org.openapitools.codegen.DefaultGenerator -- Model testEndpointParameters_request not generated since it's marked as unused (due to form parameters) and `skipFormModel` (global property) set to true (default)
20:12:30.631 [main] INFO org.openapitools.codegen.DefaultGenerator -- Model testJsonFormData_request not generated since it's marked as unused (due to form parameters) and `skipFormModel` (global property) set to true (default)
20:12:30.631 [main] INFO org.openapitools.codegen.DefaultGenerator -- Model uploadFileWithRequiredFile_request not generated since it's marked as unused (due to form parameters) and `skipFormModel` (global property) set to true (default)
20:12:30.636 [main] WARN org.openapitools.codegen.DefaultCodegen -- Empty operationId found for path: get /foo. Renamed to auto-generated operationId: fooGet
20:12:30.655 [main] WARN org.openapitools.codegen.languages.AbstractJavaCodegen -- 123testSpecialTags (starting with a number) cannot be used as method name. Renamed to Call123testSpecialTags
20:12:30.658 [main] WARN org.openapitools.codegen.DefaultCodegen -- Empty operationId found for path: get /fake/health. Renamed to auto-generated operationId: fakeHealthGet
20:12:30.669 [main] INFO org.openapitools.codegen.TemplateManager -- writing file /Users/igor/Library/Mobile Documents/com~apple~CloudDocs/users/igor/github/api-wiser/api-wiser-core/target/openapi-custom/.openapi-generator/VERSION
20:12:30.669 [main] INFO org.openapitools.codegen.TemplateManager -- writing file /Users/igor/Library/Mobile Documents/com~apple~CloudDocs/users/igor/github/api-wiser/api-wiser-core/target/openapi-custom/.openapi-generator/FILES
################################################################################
# Thanks for using OpenAPI Generator.                                          #
# Please consider donation to help us maintain this project 🙏                 #
# https://opencollective.com/openapi_generator/donate                          #
################################################################################
]]></system-out>
  </testcase>
  <testcase name="testIBKRopenapi" classname="org.metalib.wiser.api.core.OpenApiPostmanTest" time="0.227">
    <system-out><![CDATA[20:12:30.670 [main] INFO org.openapitools.codegen.DefaultGenerator -- Generating with dryRun=false
20:12:30.728 [main] INFO org.openapitools.codegen.ignore.CodegenIgnoreProcessor -- Output directory (/Users/igor/Library/Mobile Documents/com~apple~CloudDocs/users/igor/github/api-wiser/api-wiser-core/target/openapi-ibkr) does not exist, or is inaccessible. No file (.openapi-generator-ignore) will be evaluated.
20:12:30.728 [main] INFO org.openapitools.codegen.DefaultGenerator -- OpenAPI Generator: api-wiser (other)
20:12:30.728 [main] INFO org.openapitools.codegen.DefaultGenerator -- Generator 'api-wiser' is considered stable.
20:12:30.728 [main] INFO org.openapitools.codegen.languages.AbstractJavaCodegen -- Environment variable JAVA_POST_PROCESS_FILE not defined so the Java code may not be properly formatted. To define it, try 'export JAVA_POST_PROCESS_FILE="/usr/local/bin/clang-format -i"' (Linux/Mac)
20:12:30.728 [main] INFO org.openapitools.codegen.languages.AbstractJavaCodegen -- NOTE: To enable file post-processing, 'enablePostProcessFile' must be set to `true` (--enable-post-process-file for CLI).
20:12:30.728 [main] INFO org.openapitools.codegen.languages.AbstractJavaCodegen -- Invoker Package Name, originally not set, is now derived from api package name: org.metalib.market.data.ibkr
20:12:30.731 [main] INFO org.openapitools.codegen.InlineModelResolver -- Inline schema created as _fyi_unreadnumber_get_200_response. To have complete control of the model name, set the `title` field or use the modelNameMapping option (e.g. --model-name-mappings _fyi_unreadnumber_get_200_response=NewModel,ModelA=NewModelA in CLI) or inlineSchemaNameMapping option (--inline-schema-name-mappings _fyi_unreadnumber_get_200_response=NewModel,ModelA=NewModelA in CLI).
20:12:30.732 [main] INFO org.openapitools.codegen.InlineModelResolver -- Inline schema created as _fyi_settings_get_200_response_inner. To have complete control of the model name, set the `title` field or use the modelNameMapping option (e.g. --model-name-mappings _fyi_settings_get_200_response_inner=NewModel,ModelA=NewModelA in CLI) or inlineSchemaNameMapping option (--inline-schema-name-mappings _fyi_settings_get_200_response_inner=NewModel,ModelA=NewModelA in CLI).
20:12:30.732 [main] INFO org.openapitools.codegen.InlineModelResolver -- Inline schema created as _fyi_settings__typecode__post_request. To have complete control of the model name, set the `title` field or use the modelNameMapping option (e.g. --model-name-mappings _fyi_settings__typecode__post_request=NewModel,ModelA=NewModelA in CLI) or inlineSchemaNameMapping option (--inline-schema-name-mappings _fyi_settings__typecode__post_request=NewModel,ModelA=NewModelA in CLI).
20:12:30.732 [main] INFO org.openapitools.codegen.InlineModelResolver -- Inline schema created as _fyi_disclaimer__typecode__get_200_response. To have complete control of the model name, set the `title` field or use the modelNameMapping option (e.g. --model-name-mappings _fyi_disclaimer__typecode__get_200_response=NewModel,ModelA=NewModelA in CLI) or inlineSchemaNameMapping option (--inline-schema-name-mappings _fyi_disclaimer__typecode__get_200_response=NewModel,ModelA=NewModelA in CLI).
20:12:30.732 [main] INFO org.openapitools.codegen.InlineModelResolver -- Inline schema created as _fyi_disclaimer__typecode__put_200_response. To have complete control of the model name, set the `title` field or use the modelNameMapping option (e.g. --model-name-mappings _fyi_disclaimer__typecode__put_200_response=NewModel,ModelA=NewModelA in CLI) or inlineSchemaNameMapping option (--inline-schema-name-mappings _fyi_disclaimer__typecode__put_200_response=NewModel,ModelA=NewModelA in CLI).
20:12:30.732 [main] INFO org.openapitools.codegen.InlineModelResolver -- Inline schema created as _fyi_deliveryoptions_get_200_response_E_inner. To have complete control of the model name, set the `title` field or use the modelNameMapping option (e.g. --model-name-mappings _fyi_deliveryoptions_get_200_response_E_inner=NewModel,ModelA=NewModelA in CLI) or inlineSchemaNameMapping option (--inline-schema-name-mappings _fyi_deliveryoptions_get_200_response_E_inner=NewModel,ModelA=NewModelA in CLI).
20:12:30.733 [main] INFO org.openapitools.codegen.InlineModelResolver -- Inline schema created as _fyi_deliveryoptions_get_200_response. To have complete control of the model name, set the `title` field or use the modelNameMapping option (e.g. --model-name-mappings _fyi_deliveryoptions_get_200_response=NewModel,ModelA=NewModelA in CLI) or inlineSchemaNameMapping option (--inline-schema-name-mappings _fyi_deliveryoptions_get_200_response=NewModel,ModelA=NewModelA in CLI).
20:12:30.734 [main] INFO org.openapitools.codegen.InlineModelResolver -- Inline schema created as _fyi_deliveryoptions_device_post_request. To have complete control of the model name, set the `title` field or use the modelNameMapping option (e.g. --model-name-mappings _fyi_deliveryoptions_device_post_request=NewModel,ModelA=NewModelA in CLI) or inlineSchemaNameMapping option (--inline-schema-name-mappings _fyi_deliveryoptions_device_post_request=NewModel,ModelA=NewModelA in CLI).
20:12:30.734 [main] INFO org.openapitools.codegen.InlineModelResolver -- Inline schema created as _trsrv_secdef_post_request. To have complete control of the model name, set the `title` field or use the modelNameMapping option (e.g. --model-name-mappings _trsrv_secdef_post_request=NewModel,ModelA=NewModelA in CLI) or inlineSchemaNameMapping option (--inline-schema-name-mappings _trsrv_secdef_post_request=NewModel,ModelA=NewModelA in CLI).
20:12:30.734 [main] INFO org.openapitools.codegen.InlineModelResolver -- Inline schema created as _trsrv_secdef_schedule_get_200_response_schedules_inner_sessions. To have complete control of the model name, set the `title` field or use the modelNameMapping option (e.g. --model-name-mappings _trsrv_secdef_schedule_get_200_response_schedules_inner_sessions=NewModel,ModelA=NewModelA in CLI) or inlineSchemaNameMapping option (--inline-schema-name-mappings _trsrv_secdef_schedule_get_200_response_schedules_inner_sessions=NewModel,ModelA=NewModelA in CLI).
20:12:30.734 [main] INFO org.openapitools.codegen.InlineModelResolver -- Inline schema created as _trsrv_secdef_schedule_get_200_response_schedules_inner_tradingTimes. To have complete control of the model name, set the `title` field or use the modelNameMapping option (e.g. --model-name-mappings _trsrv_secdef_schedule_get_200_response_schedules_inner_tradingTimes=NewModel,ModelA=NewModelA in CLI) or inlineSchemaNameMapping option (--inline-schema-name-mappings _trsrv_secdef_schedule_get_200_response_schedules_inner_tradingTimes=NewModel,ModelA=NewModelA in CLI).
20:12:30.735 [main] INFO org.openapitools.codegen.InlineModelResolver -- Inline schema created as _trsrv_secdef_schedule_get_200_response_schedules_inner. To have complete control of the model name, set the `title` field or use the modelNameMapping option (e.g. --model-name-mappings _trsrv_secdef_schedule_get_200_response_schedules_inner=NewModel,ModelA=NewModelA in CLI) or inlineSchemaNameMapping option (--inline-schema-name-mappings _trsrv_secdef_schedule_get_200_response_schedules_inner=NewModel,ModelA=NewModelA in CLI).
20:12:30.735 [main] INFO org.openapitools.codegen.InlineModelResolver -- Inline schema created as _trsrv_secdef_schedule_get_200_response. To have complete control of the model name, set the `title` field or use the modelNameMapping option (e.g. --model-name-mappings _trsrv_secdef_schedule_get_200_response=NewModel,ModelA=NewModelA in CLI) or inlineSchemaNameMapping option (--inline-schema-name-mappings _trsrv_secdef_schedule_get_200_response=NewModel,ModelA=NewModelA in CLI).
20:12:30.735 [main] INFO org.openapitools.codegen.InlineModelResolver -- Inline schema created as _trsrv_futures_get_200_response. To have complete control of the model name, set the `title` field or use the modelNameMapping option (e.g. --model-name-mappings _trsrv_futures_get_200_response=NewModel,ModelA=NewModelA in CLI) or inlineSchemaNameMapping option (--inline-schema-name-mappings _trsrv_futures_get_200_response=NewModel,ModelA=NewModelA in CLI).
20:12:30.735 [main] INFO org.openapitools.codegen.InlineModelResolver -- Inline schema created as _trsrv_futures_get_500_response. To have complete control of the model name, set the `title` field or use the modelNameMapping option (e.g. --model-name-mappings _trsrv_futures_get_500_response=NewModel,ModelA=NewModelA in CLI) or inlineSchemaNameMapping option (--inline-schema-name-mappings _trsrv_futures_get_500_response=NewModel,ModelA=NewModelA in CLI).
20:12:30.735 [main] INFO org.openapitools.codegen.InlineModelResolver -- Inline schema created as _trsrv_stocks_get_200_response. To have complete control of the model name, set the `title` field or use the modelNameMapping option (e.g. --model-name-mappings _trsrv_stocks_get_200_response=NewModel,ModelA=NewModelA in CLI) or inlineSchemaNameMapping option (--inline-schema-name-mappings _trsrv_stocks_get_200_response=NewModel,ModelA=NewModelA in CLI).
20:12:30.735 [main] INFO org.openapitools.codegen.InlineModelResolver -- Inline schema created as _logout_post_200_response. To have complete control of the model name, set the `title` field or use the modelNameMapping option (e.g. --model-name-mappings _logout_post_200_response=NewModel,ModelA=NewModelA in CLI) or inlineSchemaNameMapping option (--inline-schema-name-mappings _logout_post_200_response=NewModel,ModelA=NewModelA in CLI).
20:12:30.735 [main] INFO org.openapitools.codegen.InlineModelResolver -- Inline schema created as _ccp_auth_init_post_request. To have complete control of the model name, set the `title` field or use the modelNameMapping option (e.g. --model-name-mappings _ccp_auth_init_post_request=NewModel,ModelA=NewModelA in CLI) or inlineSchemaNameMapping option (--inline-schema-name-mappings _ccp_auth_init_post_request=NewModel,ModelA=NewModelA in CLI).
20:12:30.735 [main] INFO org.openapitools.codegen.InlineModelResolver -- Inline schema created as _ccp_auth_init_post_200_response. To have complete control of the model name, set the `title` field or use the modelNameMapping option (e.g. --model-name-mappings _ccp_auth_init_post_200_response=NewModel,ModelA=NewModelA in CLI) or inlineSchemaNameMapping option (--inline-schema-name-mappings _ccp_auth_init_post_200_response=NewModel,ModelA=NewModelA in CLI).
20:12:30.735 [main] INFO org.openapitools.codegen.InlineModelResolver -- Inline schema created as _ccp_auth_response_post_request. To have complete control of the model name, set the `title` field or use the modelNameMapping option (e.g. --model-name-mappings _ccp_auth_response_post_request=NewModel,ModelA=NewModelA in CLI) or inlineSchemaNameMapping option (--inline-schema-name-mappings _ccp_auth_response_post_request=NewModel,ModelA=NewModelA in CLI).
20:12:30.735 [main] INFO org.openapitools.codegen.InlineModelResolver -- Inline schema created as _ccp_auth_response_post_200_response. To have complete control of the model name, set the `title` field or use the modelNameMapping option (e.g. --model-name-mappings _ccp_auth_response_post_200_response=NewModel,ModelA=NewModelA in CLI) or inlineSchemaNameMapping option (--inline-schema-name-mappings _ccp_auth_response_post_200_response=NewModel,ModelA=NewModelA in CLI).
20:12:30.735 [main] INFO org.openapitools.codegen.InlineModelResolver -- Inline schema created as _ccp_status_get_200_response. To have complete control of the model name, set the `title` field or use the modelNameMapping option (e.g. --model-name-mappings _ccp_status_get_200_response=NewModel,ModelA=NewModelA in CLI) or inlineSchemaNameMapping option (--inline-schema-name-mappings _ccp_status_get_200_response=NewModel,ModelA=NewModelA in CLI).
20:12:30.735 [main] INFO org.openapitools.codegen.InlineModelResolver -- Inline schema created as _ccp_account_get_200_response_acctList_inner. To have complete control of the model name, set the `title` field or use the modelNameMapping option (e.g. --model-name-mappings _ccp_account_get_200_response_acctList_inner=NewModel,ModelA=NewModelA in CLI) or inlineSchemaNameMapping option (--inline-schema-name-mappings _ccp_account_get_200_response_acctList_inner=NewModel,ModelA=NewModelA in CLI).
20:12:30.735 [main] INFO org.openapitools.codegen.InlineModelResolver -- Inline schema created as _ccp_account_get_200_response. To have complete control of the model name, set the `title` field or use the modelNameMapping option (e.g. --model-name-mappings _ccp_account_get_200_response=NewModel,ModelA=NewModelA in CLI) or inlineSchemaNameMapping option (--inline-schema-name-mappings _ccp_account_get_200_response=NewModel,ModelA=NewModelA in CLI).
20:12:30.735 [main] INFO org.openapitools.codegen.InlineModelResolver -- Inline schema created as _ccp_orders_get_200_response. To have complete control of the model name, set the `title` field or use the modelNameMapping option (e.g. --model-name-mappings _ccp_orders_get_200_response=NewModel,ModelA=NewModelA in CLI) or inlineSchemaNameMapping option (--inline-schema-name-mappings _ccp_orders_get_200_response=NewModel,ModelA=NewModelA in CLI).
20:12:30.736 [main] INFO org.openapitools.codegen.InlineModelResolver -- Inline schema created as _sso_validate_get_200_response. To have complete control of the model name, set the `title` field or use the modelNameMapping option (e.g. --model-name-mappings _sso_validate_get_200_response=NewModel,ModelA=NewModelA in CLI) or inlineSchemaNameMapping option (--inline-schema-name-mappings _sso_validate_get_200_response=NewModel,ModelA=NewModelA in CLI).
20:12:30.736 [main] INFO org.openapitools.codegen.InlineModelResolver -- Inline schema created as _hmds_scanner_post_request_filters_inner. To have complete control of the model name, set the `title` field or use the modelNameMapping option (e.g. --model-name-mappings _hmds_scanner_post_request_filters_inner=NewModel,ModelA=NewModelA in CLI) or inlineSchemaNameMapping option (--inline-schema-name-mappings _hmds_scanner_post_request_filters_inner=NewModel,ModelA=NewModelA in CLI).
20:12:30.736 [main] INFO org.openapitools.codegen.InlineModelResolver -- Inline schema created as _hmds_scanner_post_request. To have complete control of the model name, set the `title` field or use the modelNameMapping option (e.g. --model-name-mappings _hmds_scanner_post_request=NewModel,ModelA=NewModelA in CLI) or inlineSchemaNameMapping option (--inline-schema-name-mappings _hmds_scanner_post_request=NewModel,ModelA=NewModelA in CLI).
20:12:30.736 [main] INFO org.openapitools.codegen.InlineModelResolver -- Inline schema created as _pa_performance_post_request. To have complete control of the model name, set the `title` field or use the modelNameMapping option (e.g. --model-name-mappings _pa_performance_post_request=NewModel,ModelA=NewModelA in CLI) or inlineSchemaNameMapping option (--inline-schema-name-mappings _pa_performance_post_request=NewModel,ModelA=NewModelA in CLI).
20:12:30.736 [main] INFO org.openapitools.codegen.InlineModelResolver -- Inline schema created as _pa_summary_post_request. To have complete control of the model name, set the `title` field or use the modelNameMapping option (e.g. --model-name-mappings _pa_summary_post_request=NewModel,ModelA=NewModelA in CLI) or inlineSchemaNameMapping option (--inline-schema-name-mappings _pa_summary_post_request=NewModel,ModelA=NewModelA in CLI).
20:12:30.737 [main] INFO org.openapitools.codegen.InlineModelResolver -- Inline schema created as _pa_transactions_post_request. To have complete control of the model name, set the `title` field or use the modelNameMapping option (e.g. --model-name-mappings _pa_transactions_post_request=NewModel,ModelA=NewModelA in CLI) or inlineSchemaNameMapping option (--inline-schema-name-mappings _pa_transactions_post_request=NewModel,ModelA=NewModelA in CLI).
20:12:30.737 [main] INFO org.openapitools.codegen.InlineModelResolver -- Inline schema created as _portfolio_subaccounts2_get_200_response_metadata. To have complete control of the model name, set the `title` field or use the modelNameMapping option (e.g. --model-name-mappings _portfolio_subaccounts2_get_200_response_metadata=NewModel,ModelA=NewModelA in CLI) or inlineSchemaNameMapping option (--inline-schema-name-mappings _portfolio_subaccounts2_get_200_response_metadata=NewModel,ModelA=NewModelA in CLI).
20:12:30.737 [main] INFO org.openapitools.codegen.InlineModelResolver -- Inline schema created as _portfolio_subaccounts2_get_200_response_subaccounts_inner. To have complete control of the model name, set the `title` field or use the modelNameMapping option (e.g. --model-name-mappings _portfolio_subaccounts2_get_200_response_subaccounts_inner=NewModel,ModelA=NewModelA in CLI) or inlineSchemaNameMapping option (--inline-schema-name-mappings _portfolio_subaccounts2_get_200_response_subaccounts_inner=NewModel,ModelA=NewModelA in CLI).
20:12:30.737 [main] INFO org.openapitools.codegen.InlineModelResolver -- Inline schema created as _portfolio_subaccounts2_get_200_response. To have complete control of the model name, set the `title` field or use the modelNameMapping option (e.g. --model-name-mappings _portfolio_subaccounts2_get_200_response=NewModel,ModelA=NewModelA in CLI) or inlineSchemaNameMapping option (--inline-schema-name-mappings _portfolio_subaccounts2_get_200_response=NewModel,ModelA=NewModelA in CLI).
20:12:30.738 [main] INFO org.openapitools.codegen.InlineModelResolver -- Inline schema created as _portfolio__accountId__summary_get_200_response. To have complete control of the model name, set the `title` field or use the modelNameMapping option (e.g. --model-name-mappings _portfolio__accountId__summary_get_200_response=NewModel,ModelA=NewModelA in CLI) or inlineSchemaNameMapping option (--inline-schema-name-mappings _portfolio__accountId__summary_get_200_response=NewModel,ModelA=NewModelA in CLI).
20:12:30.738 [main] INFO org.openapitools.codegen.InlineModelResolver -- Inline schema created as _portfolio__accountId__ledger_get_200_response. To have complete control of the model name, set the `title` field or use the modelNameMapping option (e.g. --model-name-mappings _portfolio__accountId__ledger_get_200_response=NewModel,ModelA=NewModelA in CLI) or inlineSchemaNameMapping option (--inline-schema-name-mappings _portfolio__accountId__ledger_get_200_response=NewModel,ModelA=NewModelA in CLI).
20:12:30.738 [main] INFO org.openapitools.codegen.InlineModelResolver -- Inline schema created as _portfolio_positions__conid__get_200_response. To have complete control of the model name, set the `title` field or use the modelNameMapping option (e.g. --model-name-mappings _portfolio_positions__conid__get_200_response=NewModel,ModelA=NewModelA in CLI) or inlineSchemaNameMapping option (--inline-schema-name-mappings _portfolio_positions__conid__get_200_response=NewModel,ModelA=NewModelA in CLI).
20:12:30.738 [main] INFO org.openapitools.codegen.InlineModelResolver -- Inline schema created as _iserver_accounts_get_200_response. To have complete control of the model name, set the `title` field or use the modelNameMapping option (e.g. --model-name-mappings _iserver_accounts_get_200_response=NewModel,ModelA=NewModelA in CLI) or inlineSchemaNameMapping option (--inline-schema-name-mappings _iserver_accounts_get_200_response=NewModel,ModelA=NewModelA in CLI).
20:12:30.738 [main] INFO org.openapitools.codegen.InlineModelResolver -- Inline schema created as _iserver_account_post_200_response. To have complete control of the model name, set the `title` field or use the modelNameMapping option (e.g. --model-name-mappings _iserver_account_post_200_response=NewModel,ModelA=NewModelA in CLI) or inlineSchemaNameMapping option (--inline-schema-name-mappings _iserver_account_post_200_response=NewModel,ModelA=NewModelA in CLI).
20:12:30.738 [main] INFO org.openapitools.codegen.InlineModelResolver -- Inline schema created as _iserver_account__accountId__alert_post_200_response. To have complete control of the model name, set the `title` field or use the modelNameMapping option (e.g. --model-name-mappings _iserver_account__accountId__alert_post_200_response=NewModel,ModelA=NewModelA in CLI) or inlineSchemaNameMapping option (--inline-schema-name-mappings _iserver_account__accountId__alert_post_200_response=NewModel,ModelA=NewModelA in CLI).
20:12:30.738 [main] INFO org.openapitools.codegen.InlineModelResolver -- Inline schema created as _iserver_account__accountId_alerts_get_200_response_inner. To have complete control of the model name, set the `title` field or use the modelNameMapping option (e.g. --model-name-mappings _iserver_account__accountId_alerts_get_200_response_inner=NewModel,ModelA=NewModelA in CLI) or inlineSchemaNameMapping option (--inline-schema-name-mappings _iserver_account__accountId_alerts_get_200_response_inner=NewModel,ModelA=NewModelA in CLI).
20:12:30.738 [main] INFO org.openapitools.codegen.InlineModelResolver -- Inline schema created as _iserver_account__accountId_alert_activate_post_request. To have complete control of the model name, set the `title` field or use the modelNameMapping option (e.g. --model-name-mappings _iserver_account__accountId_alert_activate_post_request=NewModel,ModelA=NewModelA in CLI) or inlineSchemaNameMapping option (--inline-schema-name-mappings _iserver_account__accountId_alert_activate_post_request=NewModel,ModelA=NewModelA in CLI).
20:12:30.738 [main] INFO org.openapitools.codegen.InlineModelResolver -- Inline schema created as _iserver_account__accountId_alert_activate_post_200_response. To have complete control of the model name, set the `title` field or use the modelNameMapping option (e.g. --model-name-mappings _iserver_account__accountId_alert_activate_post_200_response=NewModel,ModelA=NewModelA in CLI) or inlineSchemaNameMapping option (--inline-schema-name-mappings _iserver_account__accountId_alert_activate_post_200_response=NewModel,ModelA=NewModelA in CLI).
20:12:30.738 [main] INFO org.openapitools.codegen.InlineModelResolver -- Inline schema created as _iserver_account_orders_get_200_response_orders_inner. To have complete control of the model name, set the `title` field or use the modelNameMapping option (e.g. --model-name-mappings _iserver_account_orders_get_200_response_orders_inner=NewModel,ModelA=NewModelA in CLI) or inlineSchemaNameMapping option (--inline-schema-name-mappings _iserver_account_orders_get_200_response_orders_inner=NewModel,ModelA=NewModelA in CLI).
20:12:30.738 [main] INFO org.openapitools.codegen.InlineModelResolver -- Inline schema created as _iserver_account_orders_get_200_response. To have complete control of the model name, set the `title` field or use the modelNameMapping option (e.g. --model-name-mappings _iserver_account_orders_get_200_response=NewModel,ModelA=NewModelA in CLI) or inlineSchemaNameMapping option (--inline-schema-name-mappings _iserver_account_orders_get_200_response=NewModel,ModelA=NewModelA in CLI).
20:12:30.738 [main] INFO org.openapitools.codegen.InlineModelResolver -- Inline schema created as _iserver_account__accountId__order_post_200_response_inner. To have complete control of the model name, set the `title` field or use the modelNameMapping option (e.g. --model-name-mappings _iserver_account__accountId__order_post_200_response_inner=NewModel,ModelA=NewModelA in CLI) or inlineSchemaNameMapping option (--inline-schema-name-mappings _iserver_account__accountId__order_post_200_response_inner=NewModel,ModelA=NewModelA in CLI).
20:12:30.738 [main] INFO org.openapitools.codegen.InlineModelResolver -- Inline schema created as _iserver_account__accountId__orders_post_request. To have complete control of the model name, set the `title` field or use the modelNameMapping option (e.g. --model-name-mappings _iserver_account__accountId__orders_post_request=NewModel,ModelA=NewModelA in CLI) or inlineSchemaNameMapping option (--inline-schema-name-mappings _iserver_account__accountId__orders_post_request=NewModel,ModelA=NewModelA in CLI).
20:12:30.739 [main] INFO org.openapitools.codegen.InlineModelResolver -- Inline schema created as _iserver_reply__replyid__post_request. To have complete control of the model name, set the `title` field or use the modelNameMapping option (e.g. --model-name-mappings _iserver_reply__replyid__post_request=NewModel,ModelA=NewModelA in CLI) or inlineSchemaNameMapping option (--inline-schema-name-mappings _iserver_reply__replyid__post_request=NewModel,ModelA=NewModelA in CLI).
20:12:30.739 [main] INFO org.openapitools.codegen.InlineModelResolver -- Inline schema created as _iserver_reply__replyid__post_200_response_inner. To have complete control of the model name, set the `title` field or use the modelNameMapping option (e.g. --model-name-mappings _iserver_reply__replyid__post_200_response_inner=NewModel,ModelA=NewModelA in CLI) or inlineSchemaNameMapping option (--inline-schema-name-mappings _iserver_reply__replyid__post_200_response_inner=NewModel,ModelA=NewModelA in CLI).
20:12:30.739 [main] INFO org.openapitools.codegen.InlineModelResolver -- Inline schema created as _iserver_reply__replyid__post_400_response. To have complete control of the model name, set the `title` field or use the modelNameMapping option (e.g. --model-name-mappings _iserver_reply__replyid__post_400_response=NewModel,ModelA=NewModelA in CLI) or inlineSchemaNameMapping option (--inline-schema-name-mappings _iserver_reply__replyid__post_400_response=NewModel,ModelA=NewModelA in CLI).
20:12:30.739 [main] INFO org.openapitools.codegen.InlineModelResolver -- Inline schema created as _iserver_account__accountId__order_whatif_post_200_response_amount. To have complete control of the model name, set the `title` field or use the modelNameMapping option (e.g. --model-name-mappings _iserver_account__accountId__order_whatif_post_200_response_amount=NewModel,ModelA=NewModelA in CLI) or inlineSchemaNameMapping option (--inline-schema-name-mappings _iserver_account__accountId__order_whatif_post_200_response_amount=NewModel,ModelA=NewModelA in CLI).
20:12:30.739 [main] INFO org.openapitools.codegen.InlineModelResolver -- Inline schema created as _iserver_account__accountId__order_whatif_post_200_response_equity. To have complete control of the model name, set the `title` field or use the modelNameMapping option (e.g. --model-name-mappings _iserver_account__accountId__order_whatif_post_200_response_equity=NewModel,ModelA=NewModelA in CLI) or inlineSchemaNameMapping option (--inline-schema-name-mappings _iserver_account__accountId__order_whatif_post_200_response_equity=NewModel,ModelA=NewModelA in CLI).
20:12:30.739 [main] INFO org.openapitools.codegen.InlineModelResolver -- Inline schema created as _iserver_account__accountId__order_whatif_post_200_response. To have complete control of the model name, set the `title` field or use the modelNameMapping option (e.g. --model-name-mappings _iserver_account__accountId__order_whatif_post_200_response=NewModel,ModelA=NewModelA in CLI) or inlineSchemaNameMapping option (--inline-schema-name-mappings _iserver_account__accountId__order_whatif_post_200_response=NewModel,ModelA=NewModelA in CLI).
20:12:30.739 [main] INFO org.openapitools.codegen.InlineModelResolver -- Inline schema created as _iserver_account__accountId__order__orderId__post_200_response_inner. To have complete control of the model name, set the `title` field or use the modelNameMapping option (e.g. --model-name-mappings _iserver_account__accountId__order__orderId__post_200_response_inner=NewModel,ModelA=NewModelA in CLI) or inlineSchemaNameMapping option (--inline-schema-name-mappings _iserver_account__accountId__order__orderId__post_200_response_inner=NewModel,ModelA=NewModelA in CLI).
20:12:30.739 [main] INFO org.openapitools.codegen.InlineModelResolver -- Inline schema created as _iserver_account__accountId__order__orderId__delete_200_response. To have complete control of the model name, set the `title` field or use the modelNameMapping option (e.g. --model-name-mappings _iserver_account__accountId__order__orderId__delete_200_response=NewModel,ModelA=NewModelA in CLI) or inlineSchemaNameMapping option (--inline-schema-name-mappings _iserver_account__accountId__order__orderId__delete_200_response=NewModel,ModelA=NewModelA in CLI).
20:12:30.740 [main] INFO org.openapitools.codegen.InlineModelResolver -- Inline schema created as _iserver_marketdata_snapshot_get_200_response_inner. To have complete control of the model name, set the `title` field or use the modelNameMapping option (e.g. --model-name-mappings _iserver_marketdata_snapshot_get_200_response_inner=NewModel,ModelA=NewModelA in CLI) or inlineSchemaNameMapping option (--inline-schema-name-mappings _iserver_marketdata_snapshot_get_200_response_inner=NewModel,ModelA=NewModelA in CLI).
20:12:30.740 [main] INFO org.openapitools.codegen.InlineModelResolver -- Inline schema created as _iserver_marketdata_snapshot_get_400_response. To have complete control of the model name, set the `title` field or use the modelNameMapping option (e.g. --model-name-mappings _iserver_marketdata_snapshot_get_400_response=NewModel,ModelA=NewModelA in CLI) or inlineSchemaNameMapping option (--inline-schema-name-mappings _iserver_marketdata_snapshot_get_400_response=NewModel,ModelA=NewModelA in CLI).
20:12:30.740 [main] INFO org.openapitools.codegen.InlineModelResolver -- Inline schema created as _iserver_marketdata__conid__unsubscribe_get_200_response. To have complete control of the model name, set the `title` field or use the modelNameMapping option (e.g. --model-name-mappings _iserver_marketdata__conid__unsubscribe_get_200_response=NewModel,ModelA=NewModelA in CLI) or inlineSchemaNameMapping option (--inline-schema-name-mappings _iserver_marketdata__conid__unsubscribe_get_200_response=NewModel,ModelA=NewModelA in CLI).
20:12:30.740 [main] INFO org.openapitools.codegen.InlineModelResolver -- Inline schema created as _iserver_marketdata_unsubscribeall_get_200_response. To have complete control of the model name, set the `title` field or use the modelNameMapping option (e.g. --model-name-mappings _iserver_marketdata_unsubscribeall_get_200_response=NewModel,ModelA=NewModelA in CLI) or inlineSchemaNameMapping option (--inline-schema-name-mappings _iserver_marketdata_unsubscribeall_get_200_response=NewModel,ModelA=NewModelA in CLI).
20:12:30.740 [main] INFO org.openapitools.codegen.InlineModelResolver -- Inline schema created as _iserver_secdef_search_post_request. To have complete control of the model name, set the `title` field or use the modelNameMapping option (e.g. --model-name-mappings _iserver_secdef_search_post_request=NewModel,ModelA=NewModelA in CLI) or inlineSchemaNameMapping option (--inline-schema-name-mappings _iserver_secdef_search_post_request=NewModel,ModelA=NewModelA in CLI).
20:12:30.740 [main] INFO org.openapitools.codegen.InlineModelResolver -- Inline schema created as _iserver_secdef_search_post_200_response_inner_sections_inner. To have complete control of the model name, set the `title` field or use the modelNameMapping option (e.g. --model-name-mappings _iserver_secdef_search_post_200_response_inner_sections_inner=NewModel,ModelA=NewModelA in CLI) or inlineSchemaNameMapping option (--inline-schema-name-mappings _iserver_secdef_search_post_200_response_inner_sections_inner=NewModel,ModelA=NewModelA in CLI).
20:12:30.740 [main] INFO org.openapitools.codegen.InlineModelResolver -- Inline schema created as _iserver_secdef_search_post_200_response_inner. To have complete control of the model name, set the `title` field or use the modelNameMapping option (e.g. --model-name-mappings _iserver_secdef_search_post_200_response_inner=NewModel,ModelA=NewModelA in CLI) or inlineSchemaNameMapping option (--inline-schema-name-mappings _iserver_secdef_search_post_200_response_inner=NewModel,ModelA=NewModelA in CLI).
20:12:30.740 [main] INFO org.openapitools.codegen.InlineModelResolver -- Inline schema created as _iserver_secdef_strikes_get_200_response. To have complete control of the model name, set the `title` field or use the modelNameMapping option (e.g. --model-name-mappings _iserver_secdef_strikes_get_200_response=NewModel,ModelA=NewModelA in CLI) or inlineSchemaNameMapping option (--inline-schema-name-mappings _iserver_secdef_strikes_get_200_response=NewModel,ModelA=NewModelA in CLI).
20:12:30.740 [main] INFO org.openapitools.codegen.InlineModelResolver -- Inline schema created as _iserver_contract__conid__algos_get_200_response_inner_parameters_inner. To have complete control of the model name, set the `title` field or use the modelNameMapping option (e.g. --model-name-mappings _iserver_contract__conid__algos_get_200_response_inner_parameters_inner=NewModel,ModelA=NewModelA in CLI) or inlineSchemaNameMapping option (--inline-schema-name-mappings _iserver_contract__conid__algos_get_200_response_inner_parameters_inner=NewModel,ModelA=NewModelA in CLI).
20:12:30.741 [main] INFO org.openapitools.codegen.InlineModelResolver -- Inline schema created as _iserver_contract__conid__algos_get_200_response_inner. To have complete control of the model name, set the `title` field or use the modelNameMapping option (e.g. --model-name-mappings _iserver_contract__conid__algos_get_200_response_inner=NewModel,ModelA=NewModelA in CLI) or inlineSchemaNameMapping option (--inline-schema-name-mappings _iserver_contract__conid__algos_get_200_response_inner=NewModel,ModelA=NewModelA in CLI).
20:12:30.741 [main] INFO org.openapitools.codegen.InlineModelResolver -- Inline schema created as _iserver_contract_rules_post_request. To have complete control of the model name, set the `title` field or use the modelNameMapping option (e.g. --model-name-mappings _iserver_contract_rules_post_request=NewModel,ModelA=NewModelA in CLI) or inlineSchemaNameMapping option (--inline-schema-name-mappings _iserver_contract_rules_post_request=NewModel,ModelA=NewModelA in CLI).
20:12:30.741 [main] INFO org.openapitools.codegen.InlineModelResolver -- Inline schema created as _iserver_contract_rules_post_200_response_rules_inner_canTradeAcctIds_inner. To have complete control of the model name, set the `title` field or use the modelNameMapping option (e.g. --model-name-mappings _iserver_contract_rules_post_200_response_rules_inner_canTradeAcctIds_inner=NewModel,ModelA=NewModelA in CLI) or inlineSchemaNameMapping option (--inline-schema-name-mappings _iserver_contract_rules_post_200_response_rules_inner_canTradeAcctIds_inner=NewModel,ModelA=NewModelA in CLI).
20:12:30.741 [main] INFO org.openapitools.codegen.InlineModelResolver -- Inline schema created as _iserver_contract_rules_post_200_response_rules_inner_orderTypes_inner. To have complete control of the model name, set the `title` field or use the modelNameMapping option (e.g. --model-name-mappings _iserver_contract_rules_post_200_response_rules_inner_orderTypes_inner=NewModel,ModelA=NewModelA in CLI) or inlineSchemaNameMapping option (--inline-schema-name-mappings _iserver_contract_rules_post_200_response_rules_inner_orderTypes_inner=NewModel,ModelA=NewModelA in CLI).
20:12:30.741 [main] INFO org.openapitools.codegen.InlineModelResolver -- Inline schema created as _iserver_contract_rules_post_200_response_rules_inner_ibalgoTypes_inner. To have complete control of the model name, set the `title` field or use the modelNameMapping option (e.g. --model-name-mappings _iserver_contract_rules_post_200_response_rules_inner_ibalgoTypes_inner=NewModel,ModelA=NewModelA in CLI) or inlineSchemaNameMapping option (--inline-schema-name-mappings _iserver_contract_rules_post_200_response_rules_inner_ibalgoTypes_inner=NewModel,ModelA=NewModelA in CLI).
20:12:30.741 [main] INFO org.openapitools.codegen.InlineModelResolver -- Inline schema created as _iserver_contract_rules_post_200_response_rules_inner_fraqTypes_inner. To have complete control of the model name, set the `title` field or use the modelNameMapping option (e.g. --model-name-mappings _iserver_contract_rules_post_200_response_rules_inner_fraqTypes_inner=NewModel,ModelA=NewModelA in CLI) or inlineSchemaNameMapping option (--inline-schema-name-mappings _iserver_contract_rules_post_200_response_rules_inner_fraqTypes_inner=NewModel,ModelA=NewModelA in CLI).
20:12:30.741 [main] INFO org.openapitools.codegen.InlineModelResolver -- Inline schema created as _iserver_contract_rules_post_200_response_rules_inner_cqtTypes_inner. To have complete control of the model name, set the `title` field or use the modelNameMapping option (e.g. --model-name-mappings _iserver_contract_rules_post_200_response_rules_inner_cqtTypes_inner=NewModel,ModelA=NewModelA in CLI) or inlineSchemaNameMapping option (--inline-schema-name-mappings _iserver_contract_rules_post_200_response_rules_inner_cqtTypes_inner=NewModel,ModelA=NewModelA in CLI).
20:12:30.741 [main] INFO org.openapitools.codegen.InlineModelResolver -- Inline schema created as _iserver_contract_rules_post_200_response_rules_inner_orderDefaults_inner_string_inner. To have complete control of the model name, set the `title` field or use the modelNameMapping option (e.g. --model-name-mappings _iserver_contract_rules_post_200_response_rules_inner_orderDefaults_inner_string_inner=NewModel,ModelA=NewModelA in CLI) or inlineSchemaNameMapping option (--inline-schema-name-mappings _iserver_contract_rules_post_200_response_rules_inner_orderDefaults_inner_string_inner=NewModel,ModelA=NewModelA in CLI).
20:12:30.741 [main] INFO org.openapitools.codegen.InlineModelResolver -- Inline schema created as _iserver_contract_rules_post_200_response_rules_inner_orderDefaults_inner. To have complete control of the model name, set the `title` field or use the modelNameMapping option (e.g. --model-name-mappings _iserver_contract_rules_post_200_response_rules_inner_orderDefaults_inner=NewModel,ModelA=NewModelA in CLI) or inlineSchemaNameMapping option (--inline-schema-name-mappings _iserver_contract_rules_post_200_response_rules_inner_orderDefaults_inner=NewModel,ModelA=NewModelA in CLI).
20:12:30.741 [main] INFO org.openapitools.codegen.InlineModelResolver -- Inline schema created as _iserver_contract_rules_post_200_response_rules_inner_orderTypesOutside_inner. To have complete control of the model name, set the `title` field or use the modelNameMapping option (e.g. --model-name-mappings _iserver_contract_rules_post_200_response_rules_inner_orderTypesOutside_inner=NewModel,ModelA=NewModelA in CLI) or inlineSchemaNameMapping option (--inline-schema-name-mappings _iserver_contract_rules_post_200_response_rules_inner_orderTypesOutside_inner=NewModel,ModelA=NewModelA in CLI).
20:12:30.741 [main] INFO org.openapitools.codegen.InlineModelResolver -- Inline schema created as _iserver_contract_rules_post_200_response_rules_inner_tifTypes_inner. To have complete control of the model name, set the `title` field or use the modelNameMapping option (e.g. --model-name-mappings _iserver_contract_rules_post_200_response_rules_inner_tifTypes_inner=NewModel,ModelA=NewModelA in CLI) or inlineSchemaNameMapping option (--inline-schema-name-mappings _iserver_contract_rules_post_200_response_rules_inner_tifTypes_inner=NewModel,ModelA=NewModelA in CLI).
20:12:30.741 [main] INFO org.openapitools.codegen.InlineModelResolver -- Inline schema created as _iserver_contract_rules_post_200_response_rules_inner. To have complete control of the model name, set the `title` field or use the modelNameMapping option (e.g. --model-name-mappings _iserver_contract_rules_post_200_response_rules_inner=NewModel,ModelA=NewModelA in CLI) or inlineSchemaNameMapping option (--inline-schema-name-mappings _iserver_contract_rules_post_200_response_rules_inner=NewModel,ModelA=NewModelA in CLI).
20:12:30.741 [main] INFO org.openapitools.codegen.InlineModelResolver -- Inline schema created as _iserver_contract_rules_post_200_response. To have complete control of the model name, set the `title` field or use the modelNameMapping option (e.g. --model-name-mappings _iserver_contract_rules_post_200_response=NewModel,ModelA=NewModelA in CLI) or inlineSchemaNameMapping option (--inline-schema-name-mappings _iserver_contract_rules_post_200_response=NewModel,ModelA=NewModelA in CLI).
20:12:30.742 [main] INFO org.openapitools.codegen.InlineModelResolver -- Inline schema created as _iserver_contract__conid__info_and_rules_get_200_response_rules_inner. To have complete control of the model name, set the `title` field or use the modelNameMapping option (e.g. --model-name-mappings _iserver_contract__conid__info_and_rules_get_200_response_rules_inner=NewModel,ModelA=NewModelA in CLI) or inlineSchemaNameMapping option (--inline-schema-name-mappings _iserver_contract__conid__info_and_rules_get_200_response_rules_inner=NewModel,ModelA=NewModelA in CLI).
20:12:30.742 [main] INFO org.openapitools.codegen.InlineModelResolver -- Inline schema created as _iserver_contract__conid__info_and_rules_get_200_response. To have complete control of the model name, set the `title` field or use the modelNameMapping option (e.g. --model-name-mappings _iserver_contract__conid__info_and_rules_get_200_response=NewModel,ModelA=NewModelA in CLI) or inlineSchemaNameMapping option (--inline-schema-name-mappings _iserver_contract__conid__info_and_rules_get_200_response=NewModel,ModelA=NewModelA in CLI).
20:12:30.742 [main] INFO org.openapitools.codegen.InlineModelResolver -- Inline schema created as _iserver_scanner_params_get_200_response_scan_type_list_inner. To have complete control of the model name, set the `title` field or use the modelNameMapping option (e.g. --model-name-mappings _iserver_scanner_params_get_200_response_scan_type_list_inner=NewModel,ModelA=NewModelA in CLI) or inlineSchemaNameMapping option (--inline-schema-name-mappings _iserver_scanner_params_get_200_response_scan_type_list_inner=NewModel,ModelA=NewModelA in CLI).
20:12:30.742 [main] INFO org.openapitools.codegen.InlineModelResolver -- Inline schema created as _iserver_scanner_params_get_200_response_instrument_list_inner. To have complete control of the model name, set the `title` field or use the modelNameMapping option (e.g. --model-name-mappings _iserver_scanner_params_get_200_response_instrument_list_inner=NewModel,ModelA=NewModelA in CLI) or inlineSchemaNameMapping option (--inline-schema-name-mappings _iserver_scanner_params_get_200_response_instrument_list_inner=NewModel,ModelA=NewModelA in CLI).
20:12:30.742 [main] INFO org.openapitools.codegen.InlineModelResolver -- Inline schema created as _iserver_scanner_params_get_200_response_filter_list_inner. To have complete control of the model name, set the `title` field or use the modelNameMapping option (e.g. --model-name-mappings _iserver_scanner_params_get_200_response_filter_list_inner=NewModel,ModelA=NewModelA in CLI) or inlineSchemaNameMapping option (--inline-schema-name-mappings _iserver_scanner_params_get_200_response_filter_list_inner=NewModel,ModelA=NewModelA in CLI).
20:12:30.742 [main] INFO org.openapitools.codegen.InlineModelResolver -- Inline schema created as _iserver_scanner_params_get_200_response_location_tree_inner_locations_inner. To have complete control of the model name, set the `title` field or use the modelNameMapping option (e.g. --model-name-mappings _iserver_scanner_params_get_200_response_location_tree_inner_locations_inner=NewModel,ModelA=NewModelA in CLI) or inlineSchemaNameMapping option (--inline-schema-name-mappings _iserver_scanner_params_get_200_response_location_tree_inner_locations_inner=NewModel,ModelA=NewModelA in CLI).
20:12:30.742 [main] INFO org.openapitools.codegen.InlineModelResolver -- Inline schema created as _iserver_scanner_params_get_200_response_location_tree_inner. To have complete control of the model name, set the `title` field or use the modelNameMapping option (e.g. --model-name-mappings _iserver_scanner_params_get_200_response_location_tree_inner=NewModel,ModelA=NewModelA in CLI) or inlineSchemaNameMapping option (--inline-schema-name-mappings _iserver_scanner_params_get_200_response_location_tree_inner=NewModel,ModelA=NewModelA in CLI).
20:12:30.742 [main] INFO org.openapitools.codegen.InlineModelResolver -- Inline schema created as _iserver_scanner_params_get_200_response. To have complete control of the model name, set the `title` field or use the modelNameMapping option (e.g. --model-name-mappings _iserver_scanner_params_get_200_response=NewModel,ModelA=NewModelA in CLI) or inlineSchemaNameMapping option (--inline-schema-name-mappings _iserver_scanner_params_get_200_response=NewModel,ModelA=NewModelA in CLI).
20:12:30.742 [main] INFO org.openapitools.codegen.InlineModelResolver -- Inline schema created as _iserver_scanner_run_post_200_response_inner. To have complete control of the model name, set the `title` field or use the modelNameMapping option (e.g. --model-name-mappings _iserver_scanner_run_post_200_response_inner=NewModel,ModelA=NewModelA in CLI) or inlineSchemaNameMapping option (--inline-schema-name-mappings _iserver_scanner_run_post_200_response_inner=NewModel,ModelA=NewModelA in CLI).
20:12:30.742 [main] INFO org.openapitools.codegen.InlineModelResolver -- Inline schema created as _iserver_account_pnl_partitioned_get_200_response. To have complete control of the model name, set the `title` field or use the modelNameMapping option (e.g. --model-name-mappings _iserver_account_pnl_partitioned_get_200_response=NewModel,ModelA=NewModelA in CLI) or inlineSchemaNameMapping option (--inline-schema-name-mappings _iserver_account_pnl_partitioned_get_200_response=NewModel,ModelA=NewModelA in CLI).
20:12:30.742 [main] INFO org.openapitools.codegen.InlineModelResolver -- Inline schema created as notifications_inner. To have complete control of the model name, set the `title` field or use the modelNameMapping option (e.g. --model-name-mappings notifications_inner=NewModel,ModelA=NewModelA in CLI) or inlineSchemaNameMapping option (--inline-schema-name-mappings notifications_inner=NewModel,ModelA=NewModelA in CLI).
20:12:30.742 [main] INFO org.openapitools.codegen.InlineModelResolver -- Inline schema created as calendar_request_date. To have complete control of the model name, set the `title` field or use the modelNameMapping option (e.g. --model-name-mappings calendar_request_date=NewModel,ModelA=NewModelA in CLI) or inlineSchemaNameMapping option (--inline-schema-name-mappings calendar_request_date=NewModel,ModelA=NewModelA in CLI).
20:12:30.742 [main] INFO org.openapitools.codegen.InlineModelResolver -- Inline schema created as calendar_request_filters. To have complete control of the model name, set the `title` field or use the modelNameMapping option (e.g. --model-name-mappings calendar_request_filters=NewModel,ModelA=NewModelA in CLI) or inlineSchemaNameMapping option (--inline-schema-name-mappings calendar_request_filters=NewModel,ModelA=NewModelA in CLI).
20:12:30.742 [main] INFO org.openapitools.codegen.InlineModelResolver -- Inline schema created as events_inner. To have complete control of the model name, set the `title` field or use the modelNameMapping option (e.g. --model-name-mappings events_inner=NewModel,ModelA=NewModelA in CLI) or inlineSchemaNameMapping option (--inline-schema-name-mappings events_inner=NewModel,ModelA=NewModelA in CLI).
20:12:30.742 [main] INFO org.openapitools.codegen.InlineModelResolver -- Inline schema created as wagers_inner. To have complete control of the model name, set the `title` field or use the modelNameMapping option (e.g. --model-name-mappings wagers_inner=NewModel,ModelA=NewModelA in CLI) or inlineSchemaNameMapping option (--inline-schema-name-mappings wagers_inner=NewModel,ModelA=NewModelA in CLI).
20:12:30.742 [main] INFO org.openapitools.codegen.InlineModelResolver -- Inline schema created as inds_inner. To have complete control of the model name, set the `title` field or use the modelNameMapping option (e.g. --model-name-mappings inds_inner=NewModel,ModelA=NewModelA in CLI) or inlineSchemaNameMapping option (--inline-schema-name-mappings inds_inner=NewModel,ModelA=NewModelA in CLI).
20:12:30.742 [main] INFO org.openapitools.codegen.InlineModelResolver -- Inline schema created as secdef_inner_incrementRules. To have complete control of the model name, set the `title` field or use the modelNameMapping option (e.g. --model-name-mappings secdef_inner_incrementRules=NewModel,ModelA=NewModelA in CLI) or inlineSchemaNameMapping option (--inline-schema-name-mappings secdef_inner_incrementRules=NewModel,ModelA=NewModelA in CLI).
20:12:30.743 [main] INFO org.openapitools.codegen.InlineModelResolver -- Inline schema created as secdef_inner. To have complete control of the model name, set the `title` field or use the modelNameMapping option (e.g. --model-name-mappings secdef_inner=NewModel,ModelA=NewModelA in CLI) or inlineSchemaNameMapping option (--inline-schema-name-mappings secdef_inner=NewModel,ModelA=NewModelA in CLI).
20:12:30.743 [main] INFO org.openapitools.codegen.InlineModelResolver -- Inline schema created as futures_inner. To have complete control of the model name, set the `title` field or use the modelNameMapping option (e.g. --model-name-mappings futures_inner=NewModel,ModelA=NewModelA in CLI) or inlineSchemaNameMapping option (--inline-schema-name-mappings futures_inner=NewModel,ModelA=NewModelA in CLI).
20:12:30.743 [main] INFO org.openapitools.codegen.InlineModelResolver -- Inline schema created as stocks_inner_contracts_inner. To have complete control of the model name, set the `title` field or use the modelNameMapping option (e.g. --model-name-mappings stocks_inner_contracts_inner=NewModel,ModelA=NewModelA in CLI) or inlineSchemaNameMapping option (--inline-schema-name-mappings stocks_inner_contracts_inner=NewModel,ModelA=NewModelA in CLI).
20:12:30.743 [main] INFO org.openapitools.codegen.InlineModelResolver -- Inline schema created as stocks_inner. To have complete control of the model name, set the `title` field or use the modelNameMapping option (e.g. --model-name-mappings stocks_inner=NewModel,ModelA=NewModelA in CLI) or inlineSchemaNameMapping option (--inline-schema-name-mappings stocks_inner=NewModel,ModelA=NewModelA in CLI).
20:12:30.743 [main] INFO org.openapitools.codegen.InlineModelResolver -- Inline schema created as history_result_bars_data_inner. To have complete control of the model name, set the `title` field or use the modelNameMapping option (e.g. --model-name-mappings history_result_bars_data_inner=NewModel,ModelA=NewModelA in CLI) or inlineSchemaNameMapping option (--inline-schema-name-mappings history_result_bars_data_inner=NewModel,ModelA=NewModelA in CLI).
20:12:30.743 [main] INFO org.openapitools.codegen.InlineModelResolver -- Inline schema created as history_result_bars. To have complete control of the model name, set the `title` field or use the modelNameMapping option (e.g. --model-name-mappings history_result_bars=NewModel,ModelA=NewModelA in CLI) or inlineSchemaNameMapping option (--inline-schema-name-mappings history_result_bars=NewModel,ModelA=NewModelA in CLI).
20:12:30.743 [main] INFO org.openapitools.codegen.InlineModelResolver -- Inline schema created as order_data_warnings. To have complete control of the model name, set the `title` field or use the modelNameMapping option (e.g. --model-name-mappings order_data_warnings=NewModel,ModelA=NewModelA in CLI) or inlineSchemaNameMapping option (--inline-schema-name-mappings order_data_warnings=NewModel,ModelA=NewModelA in CLI).
20:12:30.743 [main] INFO org.openapitools.codegen.InlineModelResolver -- Inline schema created as scanner_params_filter_inner. To have complete control of the model name, set the `title` field or use the modelNameMapping option (e.g. --model-name-mappings scanner_params_filter_inner=NewModel,ModelA=NewModelA in CLI) or inlineSchemaNameMapping option (--inline-schema-name-mappings scanner_params_filter_inner=NewModel,ModelA=NewModelA in CLI).
20:12:30.743 [main] INFO org.openapitools.codegen.InlineModelResolver -- Inline schema created as scanner_result_Contracts_Contract_inner. To have complete control of the model name, set the `title` field or use the modelNameMapping option (e.g. --model-name-mappings scanner_result_Contracts_Contract_inner=NewModel,ModelA=NewModelA in CLI) or inlineSchemaNameMapping option (--inline-schema-name-mappings scanner_result_Contracts_Contract_inner=NewModel,ModelA=NewModelA in CLI).
20:12:30.743 [main] INFO org.openapitools.codegen.InlineModelResolver -- Inline schema created as scanner_result_Contracts. To have complete control of the model name, set the `title` field or use the modelNameMapping option (e.g. --model-name-mappings scanner_result_Contracts=NewModel,ModelA=NewModelA in CLI) or inlineSchemaNameMapping option (--inline-schema-name-mappings scanner_result_Contracts=NewModel,ModelA=NewModelA in CLI).
20:12:30.743 [main] INFO org.openapitools.codegen.InlineModelResolver -- Inline schema created as performance_cps_data_inner. To have complete control of the model name, set the `title` field or use the modelNameMapping option (e.g. --model-name-mappings performance_cps_data_inner=NewModel,ModelA=NewModelA in CLI) or inlineSchemaNameMapping option (--inline-schema-name-mappings performance_cps_data_inner=NewModel,ModelA=NewModelA in CLI).
20:12:30.743 [main] INFO org.openapitools.codegen.InlineModelResolver -- Inline schema created as performance_cps. To have complete control of the model name, set the `title` field or use the modelNameMapping option (e.g. --model-name-mappings performance_cps=NewModel,ModelA=NewModelA in CLI) or inlineSchemaNameMapping option (--inline-schema-name-mappings performance_cps=NewModel,ModelA=NewModelA in CLI).
20:12:30.743 [main] INFO org.openapitools.codegen.InlineModelResolver -- Inline schema created as performance_tpps. To have complete control of the model name, set the `title` field or use the modelNameMapping option (e.g. --model-name-mappings performance_tpps=NewModel,ModelA=NewModelA in CLI) or inlineSchemaNameMapping option (--inline-schema-name-mappings performance_tpps=NewModel,ModelA=NewModelA in CLI).
20:12:30.744 [main] INFO org.openapitools.codegen.InlineModelResolver -- Inline schema created as performance_nav. To have complete control of the model name, set the `title` field or use the modelNameMapping option (e.g. --model-name-mappings performance_nav=NewModel,ModelA=NewModelA in CLI) or inlineSchemaNameMapping option (--inline-schema-name-mappings performance_nav=NewModel,ModelA=NewModelA in CLI).
20:12:30.744 [main] INFO org.openapitools.codegen.InlineModelResolver -- Inline schema created as transactions_transactions_inner. To have complete control of the model name, set the `title` field or use the modelNameMapping option (e.g. --model-name-mappings transactions_transactions_inner=NewModel,ModelA=NewModelA in CLI) or inlineSchemaNameMapping option (--inline-schema-name-mappings transactions_transactions_inner=NewModel,ModelA=NewModelA in CLI).
20:12:30.744 [main] INFO org.openapitools.codegen.InlineModelResolver -- Inline schema created as position_inner. To have complete control of the model name, set the `title` field or use the modelNameMapping option (e.g. --model-name-mappings position_inner=NewModel,ModelA=NewModelA in CLI) or inlineSchemaNameMapping option (--inline-schema-name-mappings position_inner=NewModel,ModelA=NewModelA in CLI).
20:12:30.744 [main] INFO org.openapitools.codegen.InlineModelResolver -- Inline schema created as allocation_inner_assetClass_long. To have complete control of the model name, set the `title` field or use the modelNameMapping option (e.g. --model-name-mappings allocation_inner_assetClass_long=NewModel,ModelA=NewModelA in CLI) or inlineSchemaNameMapping option (--inline-schema-name-mappings allocation_inner_assetClass_long=NewModel,ModelA=NewModelA in CLI).
20:12:30.744 [main] INFO org.openapitools.codegen.InlineModelResolver -- Inline schema created as allocation_inner_assetClass_short. To have complete control of the model name, set the `title` field or use the modelNameMapping option (e.g. --model-name-mappings allocation_inner_assetClass_short=NewModel,ModelA=NewModelA in CLI) or inlineSchemaNameMapping option (--inline-schema-name-mappings allocation_inner_assetClass_short=NewModel,ModelA=NewModelA in CLI).
20:12:30.744 [main] INFO org.openapitools.codegen.InlineModelResolver -- Inline schema created as allocation_inner_assetClass. To have complete control of the model name, set the `title` field or use the modelNameMapping option (e.g. --model-name-mappings allocation_inner_assetClass=NewModel,ModelA=NewModelA in CLI) or inlineSchemaNameMapping option (--inline-schema-name-mappings allocation_inner_assetClass=NewModel,ModelA=NewModelA in CLI).
20:12:30.744 [main] INFO org.openapitools.codegen.InlineModelResolver -- Inline schema created as allocation_inner_sector_long. To have complete control of the model name, set the `title` field or use the modelNameMapping option (e.g. --model-name-mappings allocation_inner_sector_long=NewModel,ModelA=NewModelA in CLI) or inlineSchemaNameMapping option (--inline-schema-name-mappings allocation_inner_sector_long=NewModel,ModelA=NewModelA in CLI).
20:12:30.744 [main] INFO org.openapitools.codegen.InlineModelResolver -- Inline schema created as allocation_inner_sector_short. To have complete control of the model name, set the `title` field or use the modelNameMapping option (e.g. --model-name-mappings allocation_inner_sector_short=NewModel,ModelA=NewModelA in CLI) or inlineSchemaNameMapping option (--inline-schema-name-mappings allocation_inner_sector_short=NewModel,ModelA=NewModelA in CLI).
20:12:30.744 [main] INFO org.openapitools.codegen.InlineModelResolver -- Inline schema created as allocation_inner_sector. To have complete control of the model name, set the `title` field or use the modelNameMapping option (e.g. --model-name-mappings allocation_inner_sector=NewModel,ModelA=NewModelA in CLI) or inlineSchemaNameMapping option (--inline-schema-name-mappings allocation_inner_sector=NewModel,ModelA=NewModelA in CLI).
20:12:30.744 [main] INFO org.openapitools.codegen.InlineModelResolver -- Inline schema created as allocation_inner_group_long. To have complete control of the model name, set the `title` field or use the modelNameMapping option (e.g. --model-name-mappings allocation_inner_group_long=NewModel,ModelA=NewModelA in CLI) or inlineSchemaNameMapping option (--inline-schema-name-mappings allocation_inner_group_long=NewModel,ModelA=NewModelA in CLI).
20:12:30.744 [main] INFO org.openapitools.codegen.InlineModelResolver -- Inline schema created as allocation_inner_group_short. To have complete control of the model name, set the `title` field or use the modelNameMapping option (e.g. --model-name-mappings allocation_inner_group_short=NewModel,ModelA=NewModelA in CLI) or inlineSchemaNameMapping option (--inline-schema-name-mappings allocation_inner_group_short=NewModel,ModelA=NewModelA in CLI).
20:12:30.744 [main] INFO org.openapitools.codegen.InlineModelResolver -- Inline schema created as allocation_inner_group. To have complete control of the model name, set the `title` field or use the modelNameMapping option (e.g. --model-name-mappings allocation_inner_group=NewModel,ModelA=NewModelA in CLI) or inlineSchemaNameMapping option (--inline-schema-name-mappings allocation_inner_group=NewModel,ModelA=NewModelA in CLI).
20:12:30.744 [main] INFO org.openapitools.codegen.InlineModelResolver -- Inline schema created as allocation_inner. To have complete control of the model name, set the `title` field or use the modelNameMapping option (e.g. --model-name-mappings allocation_inner=NewModel,ModelA=NewModelA in CLI) or inlineSchemaNameMapping option (--inline-schema-name-mappings allocation_inner=NewModel,ModelA=NewModelA in CLI).
20:12:30.744 [main] INFO org.openapitools.codegen.InlineModelResolver -- Inline schema created as account_parent. To have complete control of the model name, set the `title` field or use the modelNameMapping option (e.g. --model-name-mappings account_parent=NewModel,ModelA=NewModelA in CLI) or inlineSchemaNameMapping option (--inline-schema-name-mappings account_parent=NewModel,ModelA=NewModelA in CLI).
20:12:30.745 [main] INFO org.openapitools.codegen.InlineModelResolver -- Inline schema created as alert_request_conditions_inner. To have complete control of the model name, set the `title` field or use the modelNameMapping option (e.g. --model-name-mappings alert_request_conditions_inner=NewModel,ModelA=NewModelA in CLI) or inlineSchemaNameMapping option (--inline-schema-name-mappings alert_request_conditions_inner=NewModel,ModelA=NewModelA in CLI).
20:12:30.745 [main] INFO org.openapitools.codegen.InlineModelResolver -- Inline schema created as alert_response_conditions_inner. To have complete control of the model name, set the `title` field or use the modelNameMapping option (e.g. --model-name-mappings alert_response_conditions_inner=NewModel,ModelA=NewModelA in CLI) or inlineSchemaNameMapping option (--inline-schema-name-mappings alert_response_conditions_inner=NewModel,ModelA=NewModelA in CLI).
20:12:30.745 [main] INFO org.openapitools.codegen.InlineModelResolver -- Inline schema created as contract_rules. To have complete control of the model name, set the `title` field or use the modelNameMapping option (e.g. --model-name-mappings contract_rules=NewModel,ModelA=NewModelA in CLI) or inlineSchemaNameMapping option (--inline-schema-name-mappings contract_rules=NewModel,ModelA=NewModelA in CLI).
20:12:30.745 [main] INFO org.openapitools.codegen.InlineModelResolver -- Inline schema created as history_data_data_inner. To have complete control of the model name, set the `title` field or use the modelNameMapping option (e.g. --model-name-mappings history_data_data_inner=NewModel,ModelA=NewModelA in CLI) or inlineSchemaNameMapping option (--inline-schema-name-mappings history_data_data_inner=NewModel,ModelA=NewModelA in CLI).
20:12:30.747 [main] INFO org.openapitools.codegen.languages.AbstractJavaCodegen -- Processing operation null
20:12:30.747 [main] INFO org.openapitools.codegen.languages.AbstractJavaCodegen -- Processing operation null
20:12:30.747 [main] INFO org.openapitools.codegen.languages.AbstractJavaCodegen -- Processing operation null
20:12:30.747 [main] INFO org.openapitools.codegen.languages.AbstractJavaCodegen -- Processing operation null
20:12:30.747 [main] INFO org.openapitools.codegen.languages.AbstractJavaCodegen -- Processing operation null
20:12:30.747 [main] INFO org.openapitools.codegen.languages.AbstractJavaCodegen -- Processing operation null
20:12:30.747 [main] INFO org.openapitools.codegen.languages.AbstractJavaCodegen -- Processing operation null
20:12:30.747 [main] INFO org.openapitools.codegen.languages.AbstractJavaCodegen -- Processing operation null
20:12:30.747 [main] INFO org.openapitools.codegen.languages.AbstractJavaCodegen -- Processing operation null
20:12:30.747 [main] INFO org.openapitools.codegen.languages.AbstractJavaCodegen -- Processing operation null
20:12:30.747 [main] INFO org.openapitools.codegen.languages.AbstractJavaCodegen -- Processing operation null
20:12:30.747 [main] INFO org.openapitools.codegen.languages.AbstractJavaCodegen -- Processing operation null
20:12:30.747 [main] INFO org.openapitools.codegen.languages.AbstractJavaCodegen -- Processing operation null
20:12:30.747 [main] INFO org.openapitools.codegen.languages.AbstractJavaCodegen -- Processing operation null
20:12:30.747 [main] INFO org.openapitools.codegen.languages.AbstractJavaCodegen -- Processing operation null
20:12:30.747 [main] INFO org.openapitools.codegen.languages.AbstractJavaCodegen -- Processing operation null
20:12:30.747 [main] INFO org.openapitools.codegen.languages.AbstractJavaCodegen -- Processing operation null
20:12:30.747 [main] INFO org.openapitools.codegen.languages.AbstractJavaCodegen -- Processing operation null
20:12:30.747 [main] INFO org.openapitools.codegen.languages.AbstractJavaCodegen -- Processing operation null
20:12:30.747 [main] INFO org.openapitools.codegen.languages.AbstractJavaCodegen -- Processing operation null
20:12:30.747 [main] INFO org.openapitools.codegen.languages.AbstractJavaCodegen -- Processing operation null
20:12:30.747 [main] INFO org.openapitools.codegen.languages.AbstractJavaCodegen -- Processing operation null
20:12:30.747 [main] INFO org.openapitools.codegen.languages.AbstractJavaCodegen -- Processing operation null
20:12:30.747 [main] INFO org.openapitools.codegen.languages.AbstractJavaCodegen -- Processing operation null
20:12:30.747 [main] INFO org.openapitools.codegen.languages.AbstractJavaCodegen -- Processing operation null
20:12:30.747 [main] INFO org.openapitools.codegen.languages.AbstractJavaCodegen -- Processing operation null
20:12:30.747 [main] INFO org.openapitools.codegen.languages.AbstractJavaCodegen -- Processing operation null
20:12:30.747 [main] INFO org.openapitools.codegen.languages.AbstractJavaCodegen -- Processing operation null
20:12:30.747 [main] INFO org.openapitools.codegen.languages.AbstractJavaCodegen -- Processing operation null
20:12:30.747 [main] INFO org.openapitools.codegen.languages.AbstractJavaCodegen -- Processing operation null
20:12:30.747 [main] INFO org.openapitools.codegen.languages.AbstractJavaCodegen -- Processing operation null
20:12:30.747 [main] INFO org.openapitools.codegen.languages.AbstractJavaCodegen -- Processing operation null
20:12:30.748 [main] INFO org.openapitools.codegen.languages.AbstractJavaCodegen -- Processing operation null
20:12:30.748 [main] INFO org.openapitools.codegen.languages.AbstractJavaCodegen -- Processing operation null
20:12:30.748 [main] INFO org.openapitools.codegen.languages.AbstractJavaCodegen -- Processing operation null
20:12:30.748 [main] INFO org.openapitools.codegen.languages.AbstractJavaCodegen -- Processing operation null
20:12:30.748 [main] INFO org.openapitools.codegen.languages.AbstractJavaCodegen -- Processing operation null
20:12:30.748 [main] INFO org.openapitools.codegen.languages.AbstractJavaCodegen -- Processing operation null
20:12:30.748 [main] INFO org.openapitools.codegen.languages.AbstractJavaCodegen -- Processing operation null
20:12:30.748 [main] INFO org.openapitools.codegen.languages.AbstractJavaCodegen -- Processing operation null
20:12:30.748 [main] INFO org.openapitools.codegen.languages.AbstractJavaCodegen -- Processing operation null
20:12:30.748 [main] INFO org.openapitools.codegen.languages.AbstractJavaCodegen -- Processing operation null
20:12:30.748 [main] INFO org.openapitools.codegen.languages.AbstractJavaCodegen -- Processing operation null
20:12:30.748 [main] INFO org.openapitools.codegen.languages.AbstractJavaCodegen -- Processing operation null
20:12:30.748 [main] INFO org.openapitools.codegen.languages.AbstractJavaCodegen -- Processing operation null
20:12:30.748 [main] INFO org.openapitools.codegen.languages.AbstractJavaCodegen -- Processing operation null
20:12:30.748 [main] INFO org.openapitools.codegen.languages.AbstractJavaCodegen -- Processing operation null
20:12:30.748 [main] INFO org.openapitools.codegen.languages.AbstractJavaCodegen -- Processing operation null
20:12:30.748 [main] INFO org.openapitools.codegen.languages.AbstractJavaCodegen -- Processing operation null
20:12:30.748 [main] INFO org.openapitools.codegen.languages.AbstractJavaCodegen -- Processing operation null
20:12:30.748 [main] INFO org.openapitools.codegen.languages.AbstractJavaCodegen -- Processing operation null
20:12:30.748 [main] INFO org.openapitools.codegen.languages.AbstractJavaCodegen -- Processing operation null
20:12:30.748 [main] INFO org.openapitools.codegen.languages.AbstractJavaCodegen -- Processing operation null
20:12:30.748 [main] INFO org.openapitools.codegen.languages.AbstractJavaCodegen -- Processing operation null
20:12:30.748 [main] INFO org.openapitools.codegen.languages.AbstractJavaCodegen -- Processing operation null
20:12:30.748 [main] INFO org.openapitools.codegen.languages.AbstractJavaCodegen -- Processing operation null
20:12:30.748 [main] INFO org.openapitools.codegen.languages.AbstractJavaCodegen -- Processing operation null
20:12:30.748 [main] INFO org.openapitools.codegen.languages.AbstractJavaCodegen -- Processing operation null
20:12:30.748 [main] INFO org.openapitools.codegen.languages.AbstractJavaCodegen -- Processing operation null
20:12:30.748 [main] INFO org.openapitools.codegen.languages.AbstractJavaCodegen -- Processing operation null
20:12:30.748 [main] INFO org.openapitools.codegen.languages.AbstractJavaCodegen -- Processing operation null
20:12:30.748 [main] INFO org.openapitools.codegen.languages.AbstractJavaCodegen -- Processing operation null
20:12:30.748 [main] INFO org.openapitools.codegen.languages.AbstractJavaCodegen -- Processing operation null
20:12:30.748 [main] INFO org.openapitools.codegen.languages.AbstractJavaCodegen -- Processing operation null
20:12:30.748 [main] INFO org.openapitools.codegen.languages.AbstractJavaCodegen -- Processing operation null
20:12:30.748 [main] INFO org.openapitools.codegen.languages.AbstractJavaCodegen -- Processing operation null
20:12:30.748 [main] INFO org.openapitools.codegen.languages.AbstractJavaCodegen -- Processing operation null
20:12:30.748 [main] INFO org.openapitools.codegen.languages.AbstractJavaCodegen -- Processing operation null
20:12:30.748 [main] INFO org.openapitools.codegen.languages.AbstractJavaCodegen -- Processing operation null
20:12:30.748 [main] INFO org.openapitools.codegen.languages.AbstractJavaCodegen -- Processing operation null
20:12:30.748 [main] INFO org.openapitools.codegen.languages.AbstractJavaCodegen -- Processing operation null
20:12:30.748 [main] INFO org.openapitools.codegen.languages.AbstractJavaCodegen -- Processing operation null
20:12:30.748 [main] INFO org.openapitools.codegen.languages.AbstractJavaCodegen -- Processing operation null
20:12:30.748 [main] INFO org.openapitools.codegen.languages.AbstractJavaCodegen -- Processing operation null
20:12:30.748 [main] INFO org.openapitools.codegen.languages.AbstractJavaCodegen -- Processing operation null
20:12:30.748 [main] INFO org.openapitools.codegen.languages.AbstractJavaCodegen -- Processing operation null
20:12:30.748 [main] INFO org.openapitools.codegen.languages.AbstractJavaCodegen -- Processing operation null
20:12:30.748 [main] INFO org.openapitools.codegen.languages.AbstractJavaCodegen -- Processing operation null
20:12:30.748 [main] INFO org.openapitools.codegen.languages.AbstractJavaCodegen -- Processing operation null
20:12:30.748 [main] INFO org.openapitools.codegen.languages.AbstractJavaCodegen -- Processing operation null
20:12:30.748 [main] INFO org.openapitools.codegen.languages.AbstractJavaCodegen -- Processing operation null
20:12:30.748 [main] INFO org.openapitools.codegen.languages.AbstractJavaCodegen -- Processing operation null
20:12:30.748 [main] INFO org.openapitools.codegen.languages.AbstractJavaCodegen -- Processing operation null
20:12:30.749 [main] INFO org.openapitools.codegen.DefaultGenerator -- Model notifications not generated since it's an alias to array (without property) and `generateAliasAsModel` is set to false (default)
20:12:30.750 [main] INFO org.openapitools.codegen.DefaultGenerator -- Model events not generated since it's an alias to array (without property) and `generateAliasAsModel` is set to false (default)
20:12:30.750 [main] INFO org.openapitools.codegen.DefaultGenerator -- Model wagers not generated since it's an alias to array (without property) and `generateAliasAsModel` is set to false (default)
20:12:30.750 [main] INFO org.openapitools.codegen.DefaultGenerator -- Model inds not generated since it's an alias to array (without property) and `generateAliasAsModel` is set to false (default)
20:12:30.750 [main] INFO org.openapitools.codegen.DefaultGenerator -- Model secdef not generated since it's an alias to array (without property) and `generateAliasAsModel` is set to false (default)
20:12:30.750 [main] INFO org.openapitools.codegen.DefaultGenerator -- Model futures not generated since it's an alias to array (without property) and `generateAliasAsModel` is set to false (default)
20:12:30.750 [main] INFO org.openapitools.codegen.DefaultGenerator -- Model stocks not generated since it's an alias to array (without property) and `generateAliasAsModel` is set to false (default)
20:12:30.769 [main] INFO org.openapitools.codegen.DefaultGenerator -- Model position not generated since it's an alias to array (without property) and `generateAliasAsModel` is set to false (default)
20:12:30.769 [main] INFO org.openapitools.codegen.DefaultGenerator -- Model allocation not generated since it's an alias to array (without property) and `generateAliasAsModel` is set to false (default)
20:12:30.769 [main] INFO org.openapitools.codegen.DefaultGenerator -- Model accounts not generated since it's an alias to array (without property) and `generateAliasAsModel` is set to false (default)
20:12:30.791 [main] INFO org.openapitools.codegen.DefaultGenerator -- Model _ccp_auth_init_post_request not generated since it's marked as unused (due to form parameters) and `skipFormModel` (global property) set to true (default)
20:12:30.848 [main] WARN org.openapitools.codegen.DefaultCodegen -- Empty operationId found for path: get /fyi/unreadnumber. Renamed to auto-generated operationId: fyiUnreadnumberGet
20:12:30.848 [main] WARN org.openapitools.codegen.DefaultCodegen -- Empty operationId found for path: get /fyi/settings. Renamed to auto-generated operationId: fyiSettingsGet
20:12:30.849 [main] WARN org.openapitools.codegen.DefaultCodegen -- Empty operationId found for path: post /fyi/settings/{typecode}. Renamed to auto-generated operationId: fyiSettingsTypecodePost
20:12:30.849 [main] WARN org.openapitools.codegen.DefaultCodegen -- Empty operationId found for path: get /fyi/disclaimer/{typecode}. Renamed to auto-generated operationId: fyiDisclaimerTypecodeGet
20:12:30.850 [main] WARN org.openapitools.codegen.DefaultCodegen -- Empty operationId found for path: put /fyi/disclaimer/{typecode}. Renamed to auto-generated operationId: fyiDisclaimerTypecodePut
20:12:30.850 [main] WARN org.openapitools.codegen.DefaultCodegen -- Empty operationId found for path: get /fyi/deliveryoptions. Renamed to auto-generated operationId: fyiDeliveryoptionsGet
20:12:30.850 [main] WARN org.openapitools.codegen.DefaultCodegen -- Empty operationId found for path: put /fyi/deliveryoptions/email. Renamed to auto-generated operationId: fyiDeliveryoptionsEmailPut
20:12:30.851 [main] WARN org.openapitools.codegen.DefaultCodegen -- Empty operationId found for path: post /fyi/deliveryoptions/device. Renamed to auto-generated operationId: fyiDeliveryoptionsDevicePost
20:12:30.851 [main] WARN org.openapitools.codegen.DefaultCodegen -- Empty operationId found for path: delete /fyi/deliveryoptions/{deviceId}. Renamed to auto-generated operationId: fyiDeliveryoptionsDeviceIdDelete
20:12:30.851 [main] WARN org.openapitools.codegen.DefaultCodegen -- Empty operationId found for path: get /fyi/notifications. Renamed to auto-generated operationId: fyiNotificationsGet
20:12:30.852 [main] WARN org.openapitools.codegen.DefaultCodegen -- Empty operationId found for path: get /fyi/notifications/more. Renamed to auto-generated operationId: fyiNotificationsMoreGet
20:12:30.852 [main] WARN org.openapitools.codegen.DefaultCodegen -- Empty operationId found for path: put /fyi/notifications/{notificationId}. Renamed to auto-generated operationId: fyiNotificationsNotificationIdPut
20:12:30.852 [main] WARN org.openapitools.codegen.DefaultCodegen -- Empty operationId found for path: post /trsrv/secdef. Renamed to auto-generated operationId: trsrvSecdefPost
20:12:30.853 [main] WARN org.openapitools.codegen.DefaultCodegen -- Empty operationId found for path: get /trsrv/secdef/schedule. Renamed to auto-generated operationId: trsrvSecdefScheduleGet
20:12:30.854 [main] WARN org.openapitools.codegen.DefaultCodegen -- Empty operationId found for path: get /trsrv/futures. Renamed to auto-generated operationId: trsrvFuturesGet
20:12:30.855 [main] WARN org.openapitools.codegen.DefaultCodegen -- Empty operationId found for path: get /trsrv/stocks. Renamed to auto-generated operationId: trsrvStocksGet
20:12:30.855 [main] WARN org.openapitools.codegen.DefaultCodegen -- Empty operationId found for path: post /ws. Renamed to auto-generated operationId: wsPost
20:12:30.855 [main] WARN org.openapitools.codegen.DefaultCodegen -- Empty operationId found for path: post /tickle. Renamed to auto-generated operationId: ticklePost
20:12:30.855 [main] WARN org.openapitools.codegen.DefaultCodegen -- Empty operationId found for path: post /logout. Renamed to auto-generated operationId: logoutPost
20:12:30.855 [main] WARN org.openapitools.codegen.DefaultCodegen -- Empty operationId found for path: post /ccp/auth/init. Renamed to auto-generated operationId: ccpAuthInitPost
20:12:30.856 [main] WARN org.openapitools.codegen.DefaultCodegen -- Empty operationId found for path: get /hmds/history. Renamed to auto-generated operationId: hmdsHistoryGet
20:12:30.857 [main] WARN org.openapitools.codegen.DefaultCodegen -- Empty operationId found for path: post /ccp/auth/response. Renamed to auto-generated operationId: ccpAuthResponsePost
20:12:30.857 [main] WARN org.openapitools.codegen.DefaultCodegen -- Empty operationId found for path: get /ccp/status. Renamed to auto-generated operationId: ccpStatusGet
20:12:30.858 [main] WARN org.openapitools.codegen.DefaultCodegen -- Empty operationId found for path: get /ccp/account. Renamed to auto-generated operationId: ccpAccountGet
20:12:30.858 [main] WARN org.openapitools.codegen.DefaultCodegen -- Empty operationId found for path: get /ccp/positions. Renamed to auto-generated operationId: ccpPositionsGet
20:12:30.858 [main] WARN org.openapitools.codegen.DefaultCodegen -- Empty operationId found for path: get /ccp/orders. Renamed to auto-generated operationId: ccpOrdersGet
20:12:30.858 [main] WARN org.openapitools.codegen.DefaultCodegen -- Empty operationId found for path: put /ccp/order. Renamed to auto-generated operationId: ccpOrderPut
20:12:30.859 [main] WARN org.openapitools.codegen.DefaultCodegen -- Empty operationId found for path: post /ccp/order. Renamed to auto-generated operationId: ccpOrderPost
20:12:30.860 [main] WARN org.openapitools.codegen.DefaultCodegen -- Empty operationId found for path: delete /ccp/order. Renamed to auto-generated operationId: ccpOrderDelete
20:12:30.860 [main] WARN org.openapitools.codegen.DefaultCodegen -- Empty operationId found for path: get /ccp/trades. Renamed to auto-generated operationId: ccpTradesGet
20:12:30.861 [main] WARN org.openapitools.codegen.DefaultCodegen -- Empty operationId found for path: get /sso/validate. Renamed to auto-generated operationId: ssoValidateGet
20:12:30.861 [main] WARN org.openapitools.codegen.DefaultCodegen -- Empty operationId found for path: post /hmds/scanner. Renamed to auto-generated operationId: hmdsScannerPost
20:12:30.861 [main] WARN org.openapitools.codegen.DefaultCodegen -- Empty operationId found for path: get /md/snapshot. Renamed to auto-generated operationId: mdSnapshotGet
20:12:30.862 [main] WARN org.openapitools.codegen.DefaultCodegen -- Empty operationId found for path: post /pa/performance. Renamed to auto-generated operationId: paPerformancePost
20:12:30.862 [main] WARN org.openapitools.codegen.DefaultCodegen -- Empty operationId found for path: post /pa/summary. Renamed to auto-generated operationId: paSummaryPost
20:12:30.863 [main] WARN org.openapitools.codegen.DefaultCodegen -- Empty operationId found for path: post /pa/transactions. Renamed to auto-generated operationId: paTransactionsPost
20:12:30.863 [main] WARN org.openapitools.codegen.DefaultCodegen -- Empty operationId found for path: get /portfolio/accounts. Renamed to auto-generated operationId: portfolioAccountsGet
20:12:30.863 [main] WARN org.openapitools.codegen.DefaultCodegen -- Empty operationId found for path: get /portfolio/accounts. Renamed to auto-generated operationId: portfolioAccountsGet
20:12:30.864 [main] WARN org.openapitools.codegen.DefaultCodegen -- Empty operationId found for path: get /portfolio/subaccounts. Renamed to auto-generated operationId: portfolioSubaccountsGet
20:12:30.864 [main] WARN org.openapitools.codegen.DefaultCodegen -- Empty operationId found for path: get /portfolio/subaccounts. Renamed to auto-generated operationId: portfolioSubaccountsGet
20:12:30.864 [main] WARN org.openapitools.codegen.DefaultCodegen -- Empty operationId found for path: get /portfolio/subaccounts2. Renamed to auto-generated operationId: portfolioSubaccounts2Get
20:12:30.864 [main] WARN org.openapitools.codegen.DefaultCodegen -- Empty operationId found for path: get /portfolio/subaccounts2. Renamed to auto-generated operationId: portfolioSubaccounts2Get
20:12:30.865 [main] WARN org.openapitools.codegen.DefaultCodegen -- Empty operationId found for path: get /portfolio/{accountId}/meta. Renamed to auto-generated operationId: portfolioAccountIdMetaGet
20:12:30.865 [main] WARN org.openapitools.codegen.DefaultCodegen -- Empty operationId found for path: get /portfolio/{accountId}/meta. Renamed to auto-generated operationId: portfolioAccountIdMetaGet
20:12:30.865 [main] WARN org.openapitools.codegen.DefaultCodegen -- Empty operationId found for path: get /portfolio/{accountId}/allocation. Renamed to auto-generated operationId: portfolioAccountIdAllocationGet
20:12:30.866 [main] WARN org.openapitools.codegen.DefaultCodegen -- Empty operationId found for path: post /portfolio/allocation. Renamed to auto-generated operationId: portfolioAllocationPost
20:12:30.866 [main] WARN org.openapitools.codegen.DefaultCodegen -- Empty operationId found for path: get /portfolio/{accountId}/positions/{pageId}. Renamed to auto-generated operationId: portfolioAccountIdPositionsPageIdGet
20:12:30.867 [main] WARN org.openapitools.codegen.DefaultCodegen -- Empty operationId found for path: get /portfolio/{accountId}/position/{conid}. Renamed to auto-generated operationId: portfolioAccountIdPositionConidGet
20:12:30.868 [main] WARN org.openapitools.codegen.DefaultCodegen -- Empty operationId found for path: post /portfolio/{accountId}/positions/invalidate. Renamed to auto-generated operationId: portfolioAccountIdPositionsInvalidatePost
20:12:30.868 [main] WARN org.openapitools.codegen.DefaultCodegen -- Empty operationId found for path: get /portfolio/{accountId}/summary. Renamed to auto-generated operationId: portfolioAccountIdSummaryGet
20:12:30.869 [main] WARN org.openapitools.codegen.DefaultCodegen -- Empty operationId found for path: get /portfolio/{accountId}/summary. Renamed to auto-generated operationId: portfolioAccountIdSummaryGet
20:12:30.869 [main] WARN org.openapitools.codegen.DefaultCodegen -- Empty operationId found for path: get /portfolio/{accountId}/ledger. Renamed to auto-generated operationId: portfolioAccountIdLedgerGet
20:12:30.870 [main] WARN org.openapitools.codegen.DefaultCodegen -- Empty operationId found for path: get /portfolio/{accountId}/ledger. Renamed to auto-generated operationId: portfolioAccountIdLedgerGet
20:12:30.870 [main] WARN org.openapitools.codegen.DefaultCodegen -- Empty operationId found for path: get /portfolio/positions/{conid}. Renamed to auto-generated operationId: portfolioPositionsConidGet
20:12:30.870 [main] WARN org.openapitools.codegen.DefaultCodegen -- Empty operationId found for path: post /iserver/auth/status. Renamed to auto-generated operationId: iserverAuthStatusPost
20:12:30.871 [main] WARN org.openapitools.codegen.DefaultCodegen -- Empty operationId found for path: post /iserver/reauthenticate. Renamed to auto-generated operationId: iserverReauthenticatePost
20:12:30.871 [main] WARN org.openapitools.codegen.DefaultCodegen -- Empty operationId found for path: get /iserver/account/trades. Renamed to auto-generated operationId: iserverAccountTradesGet
20:12:30.871 [main] WARN org.openapitools.codegen.DefaultCodegen -- Empty operationId found for path: get /iserver/accounts. Renamed to auto-generated operationId: iserverAccountsGet
20:12:30.871 [main] WARN org.openapitools.codegen.DefaultCodegen -- Empty operationId found for path: post /iserver/account. Renamed to auto-generated operationId: iserverAccountPost
20:12:30.872 [main] WARN org.openapitools.codegen.DefaultCodegen -- Empty operationId found for path: post /iserver/account/{accountId}/alert. Renamed to auto-generated operationId: iserverAccountAccountIdAlertPost
20:12:30.872 [main] WARN org.openapitools.codegen.DefaultCodegen -- Empty operationId found for path: get /iserver/account/:accountId/alerts. Renamed to auto-generated operationId: iserverAccount_AccountIdAlertsGet
20:12:30.873 [main] WARN org.openapitools.codegen.DefaultCodegen -- Empty operationId found for path: post /iserver/account/:accountId/alert/activate. Renamed to auto-generated operationId: iserverAccount_AccountIdAlertActivatePost
20:12:30.873 [main] WARN org.openapitools.codegen.DefaultCodegen -- Empty operationId found for path: delete /iserver/account/:accountId/alert/:alertId. Renamed to auto-generated operationId: iserverAccount_AccountIdAlert_AlertIdDelete
20:12:30.873 [main] WARN org.openapitools.codegen.DefaultCodegen -- Empty operationId found for path: get /iserver/account/alert/:id. Renamed to auto-generated operationId: iserverAccountAlert_IdGet
20:12:30.874 [main] WARN org.openapitools.codegen.DefaultCodegen -- Empty operationId found for path: get /iserver/account/mta. Renamed to auto-generated operationId: iserverAccountMtaGet
20:12:30.874 [main] WARN org.openapitools.codegen.DefaultCodegen -- Empty operationId found for path: get /iserver/account/orders. Renamed to auto-generated operationId: iserverAccountOrdersGet
20:12:30.874 [main] WARN org.openapitools.codegen.DefaultCodegen -- Empty operationId found for path: post /iserver/account/{accountId}/order. Renamed to auto-generated operationId: iserverAccountAccountIdOrderPost
20:12:30.875 [main] WARN org.openapitools.codegen.DefaultCodegen -- Empty operationId found for path: post /iserver/account/{accountId}/orders. Renamed to auto-generated operationId: iserverAccountAccountIdOrdersPost
20:12:30.876 [main] WARN org.openapitools.codegen.DefaultCodegen -- Empty operationId found for path: post /iserver/account/orders/{faGroup}. Renamed to auto-generated operationId: iserverAccountOrdersFaGroupPost
20:12:30.876 [main] WARN org.openapitools.codegen.DefaultCodegen -- Empty operationId found for path: post /iserver/reply/{replyid}. Renamed to auto-generated operationId: iserverReplyReplyidPost
20:12:30.877 [main] WARN org.openapitools.codegen.DefaultCodegen -- Empty operationId found for path: post /iserver/account/{accountId}/order/whatif. Renamed to auto-generated operationId: iserverAccountAccountIdOrderWhatifPost
20:12:30.877 [main] WARN org.openapitools.codegen.DefaultCodegen -- Empty operationId found for path: post /iserver/account/{accountId}/orders/whatif. Renamed to auto-generated operationId: iserverAccountAccountIdOrdersWhatifPost
20:12:30.877 [main] WARN org.openapitools.codegen.DefaultCodegen -- Empty operationId found for path: get /iserver/account/order/status/{orderId}. Renamed to auto-generated operationId: iserverAccountOrderStatusOrderIdGet
20:12:30.878 [main] WARN org.openapitools.codegen.DefaultCodegen -- Empty operationId found for path: post /iserver/account/{accountId}/order/{orderId}. Renamed to auto-generated operationId: iserverAccountAccountIdOrderOrderIdPost
20:12:30.878 [main] WARN org.openapitools.codegen.DefaultCodegen -- Empty operationId found for path: delete /iserver/account/{accountId}/order/{orderId}. Renamed to auto-generated operationId: iserverAccountAccountIdOrderOrderIdDelete
20:12:30.878 [main] WARN org.openapitools.codegen.DefaultCodegen -- Empty operationId found for path: get /iserver/marketdata/snapshot. Renamed to auto-generated operationId: iserverMarketdataSnapshotGet
20:12:30.879 [main] WARN org.openapitools.codegen.DefaultCodegen -- Empty operationId found for path: get /iserver/marketdata/{conid}/unsubscribe. Renamed to auto-generated operationId: iserverMarketdataConidUnsubscribeGet
20:12:30.879 [main] WARN org.openapitools.codegen.DefaultCodegen -- Empty operationId found for path: get /iserver/marketdata/unsubscribeall. Renamed to auto-generated operationId: iserverMarketdataUnsubscribeallGet
20:12:30.880 [main] WARN org.openapitools.codegen.DefaultCodegen -- Empty operationId found for path: get /iserver/marketdata/history. Renamed to auto-generated operationId: iserverMarketdataHistoryGet
20:12:30.880 [main] WARN org.openapitools.codegen.DefaultCodegen -- Empty operationId found for path: get /iserver/contract/{conid}/info. Renamed to auto-generated operationId: iserverContractConidInfoGet
20:12:30.881 [main] WARN org.openapitools.codegen.DefaultCodegen -- Empty operationId found for path: post /iserver/secdef/search. Renamed to auto-generated operationId: iserverSecdefSearchPost
20:12:30.881 [main] WARN org.openapitools.codegen.DefaultCodegen -- Empty operationId found for path: get /iserver/secdef/strikes. Renamed to auto-generated operationId: iserverSecdefStrikesGet
20:12:30.882 [main] WARN org.openapitools.codegen.DefaultCodegen -- Empty operationId found for path: get /iserver/secdef/info. Renamed to auto-generated operationId: iserverSecdefInfoGet
20:12:30.883 [main] WARN org.openapitools.codegen.DefaultCodegen -- Empty operationId found for path: get /iserver/contract/{conid}/algos. Renamed to auto-generated operationId: iserverContractConidAlgosGet
20:12:30.883 [main] WARN org.openapitools.codegen.DefaultCodegen -- Empty operationId found for path: post /iserver/contract/rules. Renamed to auto-generated operationId: iserverContractRulesPost
20:12:30.884 [main] WARN org.openapitools.codegen.DefaultCodegen -- Empty operationId found for path: get /iserver/contract/{conid}/info-and-rules. Renamed to auto-generated operationId: iserverContractConidInfoAndRulesGet
20:12:30.884 [main] WARN org.openapitools.codegen.DefaultCodegen -- Empty operationId found for path: get /iserver/scanner/params. Renamed to auto-generated operationId: iserverScannerParamsGet
20:12:30.884 [main] WARN org.openapitools.codegen.DefaultCodegen -- Empty operationId found for path: post /iserver/scanner/run. Renamed to auto-generated operationId: iserverScannerRunPost
20:12:30.885 [main] WARN org.openapitools.codegen.DefaultCodegen -- Empty operationId found for path: get /iserver/account/pnl/partitioned. Renamed to auto-generated operationId: iserverAccountPnlPartitionedGet
20:12:30.885 [main] WARN org.openapitools.codegen.DefaultCodegen -- Empty operationId found for path: get /iserver/account/pnl/partitioned. Renamed to auto-generated operationId: iserverAccountPnlPartitionedGet
20:12:30.897 [main] INFO org.openapitools.codegen.TemplateManager -- writing file /Users/igor/Library/Mobile Documents/com~apple~CloudDocs/users/igor/github/api-wiser/api-wiser-core/target/openapi-ibkr/.openapi-generator/VERSION
20:12:30.897 [main] INFO org.openapitools.codegen.TemplateManager -- writing file /Users/igor/Library/Mobile Documents/com~apple~CloudDocs/users/igor/github/api-wiser/api-wiser-core/target/openapi-ibkr/.openapi-generator/FILES
################################################################################
# Thanks for using OpenAPI Generator.                                          #
# Please consider donation to help us maintain this project 🙏                 #
# https://opencollective.com/openapi_generator/donate                          #
################################################################################
]]></system-out>
  </testcase>
</testsuite>